{"D:\\DEV\\sprite-boy\\core\\persistence\\spriteBoyPackage.ts": {"path":"D:\\DEV\\sprite-boy\\core\\persistence\\spriteBoyPackage.ts","statementMap":{"0":{"start":{"line":11,"column":40},"end":{"line":11,"column":null}},"1":{"start":{"line":12,"column":41},"end":{"line":12,"column":null}},"2":{"start":{"line":13,"column":38},"end":{"line":13,"column":null}},"3":{"start":{"line":15,"column":22},"end":{"line":15,"column":null}},"4":{"start":{"line":16,"column":21},"end":{"line":16,"column":null}},"5":{"start":{"line":17,"column":23},"end":{"line":17,"column":null}},"6":{"start":{"line":18,"column":34},"end":{"line":18,"column":null}},"7":{"start":{"line":19,"column":28},"end":{"line":19,"column":null}},"8":{"start":{"line":20,"column":39},"end":{"line":20,"column":null}},"9":{"start":{"line":21,"column":26},"end":{"line":21,"column":null}},"10":{"start":{"line":22,"column":30},"end":{"line":22,"column":null}},"11":{"start":{"line":23,"column":28},"end":{"line":23,"column":null}},"12":{"start":{"line":24,"column":30},"end":{"line":24,"column":null}},"13":{"start":{"line":112,"column":4},"end":{"line":112,"column":null}},"14":{"start":{"line":113,"column":4},"end":{"line":113,"column":null}},"15":{"start":{"line":114,"column":4},"end":{"line":114,"column":null}},"16":{"start":{"line":115,"column":4},"end":{"line":115,"column":null}},"17":{"start":{"line":116,"column":4},"end":{"line":116,"column":null}},"18":{"start":{"line":117,"column":4},"end":{"line":117,"column":null}},"19":{"start":{"line":118,"column":4},"end":{"line":118,"column":null}},"20":{"start":{"line":122,"column":4},"end":{"line":128,"column":null}},"21":{"start":{"line":133,"column":2},"end":{"line":137,"column":null}},"22":{"start":{"line":134,"column":4},"end":{"line":134,"column":null}},"23":{"start":{"line":136,"column":4},"end":{"line":136,"column":null}},"24":{"start":{"line":141,"column":2},"end":{"line":141,"column":null}},"25":{"start":{"line":150,"column":2},"end":{"line":150,"column":null}},"26":{"start":{"line":174,"column":17},"end":{"line":174,"column":null}},"27":{"start":{"line":175,"column":2},"end":{"line":175,"column":null}},"28":{"start":{"line":175,"column":15},"end":{"line":175,"column":null}},"29":{"start":{"line":176,"column":2},"end":{"line":176,"column":null}},"30":{"start":{"line":184,"column":33},"end":{"line":184,"column":null}},"31":{"start":{"line":185,"column":2},"end":{"line":192,"column":null}},"32":{"start":{"line":186,"column":23},"end":{"line":186,"column":null}},"33":{"start":{"line":187,"column":4},"end":{"line":190,"column":null}},"34":{"start":{"line":188,"column":6},"end":{"line":188,"column":null}},"35":{"start":{"line":189,"column":6},"end":{"line":189,"column":null}},"36":{"start":{"line":191,"column":4},"end":{"line":191,"column":null}},"37":{"start":{"line":193,"column":2},"end":{"line":193,"column":null}},"38":{"start":{"line":197,"column":2},"end":{"line":197,"column":null}},"39":{"start":{"line":197,"column":27},"end":{"line":197,"column":null}},"40":{"start":{"line":198,"column":2},"end":{"line":225,"column":null}},"41":{"start":{"line":199,"column":19},"end":{"line":199,"column":null}},"42":{"start":{"line":200,"column":23},"end":{"line":200,"column":null}},"43":{"start":{"line":201,"column":4},"end":{"line":204,"column":null}},"44":{"start":{"line":202,"column":6},"end":{"line":202,"column":null}},"45":{"start":{"line":203,"column":6},"end":{"line":203,"column":null}},"46":{"start":{"line":205,"column":10},"end":{"line":205,"column":null}},"47":{"start":{"line":205,"column":41},"end":{"line":205,"column":null}},"48":{"start":{"line":206,"column":4},"end":{"line":206,"column":null}},"49":{"start":{"line":207,"column":4},"end":{"line":207,"column":null}},"50":{"start":{"line":207,"column":55},"end":{"line":207,"column":null}},"51":{"start":{"line":208,"column":4},"end":{"line":217,"column":null}},"52":{"start":{"line":211,"column":8},"end":{"line":215,"column":null}},"53":{"start":{"line":212,"column":10},"end":{"line":212,"column":null}},"54":{"start":{"line":219,"column":4},"end":{"line":224,"column":null}},"55":{"start":{"line":233,"column":2},"end":{"line":260,"column":null}},"56":{"start":{"line":234,"column":4},"end":{"line":236,"column":null}},"57":{"start":{"line":235,"column":6},"end":{"line":235,"column":null}},"58":{"start":{"line":237,"column":22},"end":{"line":237,"column":null}},"59":{"start":{"line":238,"column":4},"end":{"line":240,"column":null}},"60":{"start":{"line":239,"column":6},"end":{"line":239,"column":null}},"61":{"start":{"line":241,"column":17},"end":{"line":241,"column":null}},"62":{"start":{"line":242,"column":4},"end":{"line":244,"column":null}},"63":{"start":{"line":242,"column":27},"end":{"line":242,"column":80}},"64":{"start":{"line":243,"column":6},"end":{"line":243,"column":null}},"65":{"start":{"line":245,"column":4},"end":{"line":250,"column":null}},"66":{"start":{"line":246,"column":25},"end":{"line":246,"column":null}},"67":{"start":{"line":247,"column":6},"end":{"line":249,"column":null}},"68":{"start":{"line":248,"column":8},"end":{"line":248,"column":null}},"69":{"start":{"line":251,"column":4},"end":{"line":251,"column":null}},"70":{"start":{"line":253,"column":4},"end":{"line":253,"column":null}},"71":{"start":{"line":253,"column":40},"end":{"line":253,"column":null}},"72":{"start":{"line":254,"column":4},"end":{"line":259,"column":null}},"73":{"start":{"line":264,"column":2},"end":{"line":264,"column":null}},"74":{"start":{"line":268,"column":17},"end":{"line":268,"column":null}},"75":{"start":{"line":269,"column":27},"end":{"line":269,"column":null}},"76":{"start":{"line":270,"column":2},"end":{"line":276,"column":null}},"77":{"start":{"line":271,"column":4},"end":{"line":275,"column":null}},"78":{"start":{"line":277,"column":2},"end":{"line":280,"column":null}},"79":{"start":{"line":284,"column":17},"end":{"line":288,"column":null}},"80":{"start":{"line":289,"column":17},"end":{"line":297,"column":null}},"81":{"start":{"line":298,"column":2},"end":{"line":298,"column":null}},"82":{"start":{"line":302,"column":2},"end":{"line":328,"column":null}},"83":{"start":{"line":303,"column":4},"end":{"line":305,"column":null}},"84":{"start":{"line":304,"column":6},"end":{"line":304,"column":null}},"85":{"start":{"line":306,"column":21},"end":{"line":306,"column":null}},"86":{"start":{"line":307,"column":17},"end":{"line":307,"column":null}},"87":{"start":{"line":308,"column":33},"end":{"line":308,"column":null}},"88":{"start":{"line":309,"column":4},"end":{"line":319,"column":null}},"89":{"start":{"line":310,"column":6},"end":{"line":310,"column":null}},"90":{"start":{"line":311,"column":25},"end":{"line":311,"column":null}},"91":{"start":{"line":312,"column":6},"end":{"line":317,"column":null}},"92":{"start":{"line":313,"column":8},"end":{"line":315,"column":null}},"93":{"start":{"line":314,"column":10},"end":{"line":314,"column":null}},"94":{"start":{"line":316,"column":8},"end":{"line":316,"column":null}},"95":{"start":{"line":318,"column":6},"end":{"line":318,"column":null}},"96":{"start":{"line":320,"column":4},"end":{"line":320,"column":null}},"97":{"start":{"line":322,"column":4},"end":{"line":327,"column":null}},"98":{"start":{"line":332,"column":2},"end":{"line":332,"column":null}},"99":{"start":{"line":332,"column":64},"end":{"line":332,"column":null}},"100":{"start":{"line":333,"column":2},"end":{"line":338,"column":null}},"101":{"start":{"line":346,"column":2},"end":{"line":346,"column":null}},"102":{"start":{"line":346,"column":15},"end":{"line":346,"column":null}},"103":{"start":{"line":347,"column":2},"end":{"line":368,"column":null}},"104":{"start":{"line":348,"column":18},"end":{"line":348,"column":null}},"105":{"start":{"line":349,"column":10},"end":{"line":349,"column":null}},"106":{"start":{"line":349,"column":32},"end":{"line":349,"column":null}},"107":{"start":{"line":350,"column":10},"end":{"line":355,"column":null}},"108":{"start":{"line":351,"column":6},"end":{"line":351,"column":null}},"109":{"start":{"line":351,"column":19},"end":{"line":351,"column":null}},"110":{"start":{"line":352,"column":6},"end":{"line":352,"column":null}},"111":{"start":{"line":353,"column":6},"end":{"line":353,"column":null}},"112":{"start":{"line":354,"column":6},"end":{"line":354,"column":null}},"113":{"start":{"line":356,"column":10},"end":{"line":361,"column":null}},"114":{"start":{"line":356,"column":32},"end":{"line":361,"column":null}},"115":{"start":{"line":356,"column":45},"end":{"line":361,"column":6}},"116":{"start":{"line":362,"column":4},"end":{"line":362,"column":null}},"117":{"start":{"line":363,"column":4},"end":{"line":366,"column":null}},"118":{"start":{"line":364,"column":17},"end":{"line":364,"column":null}},"119":{"start":{"line":364,"column":30},"end":{"line":364,"column":44}},"120":{"start":{"line":365,"column":26},"end":{"line":365,"column":null}},"121":{"start":{"line":365,"column":39},"end":{"line":365,"column":52}},"122":{"start":{"line":367,"column":4},"end":{"line":367,"column":null}},"123":{"start":{"line":367,"column":55},"end":{"line":367,"column":null}},"124":{"start":{"line":372,"column":2},"end":{"line":372,"column":null}},"125":{"start":{"line":372,"column":27},"end":{"line":372,"column":null}},"126":{"start":{"line":373,"column":2},"end":{"line":379,"column":null}},"127":{"start":{"line":374,"column":4},"end":{"line":378,"column":null}},"128":{"start":{"line":380,"column":2},"end":{"line":380,"column":null}},"129":{"start":{"line":384,"column":21},"end":{"line":384,"column":null}},"130":{"start":{"line":385,"column":50},"end":{"line":393,"column":null}},"131":{"start":{"line":394,"column":2},"end":{"line":394,"column":null}},"132":{"start":{"line":398,"column":2},"end":{"line":398,"column":null}},"133":{"start":{"line":402,"column":2},"end":{"line":402,"column":null}},"134":{"start":{"line":406,"column":15},"end":{"line":406,"column":null}},"135":{"start":{"line":407,"column":2},"end":{"line":407,"column":null}},"136":{"start":{"line":408,"column":2},"end":{"line":408,"column":null}},"137":{"start":{"line":412,"column":20},"end":{"line":412,"column":null}},"138":{"start":{"line":413,"column":15},"end":{"line":413,"column":null}},"139":{"start":{"line":414,"column":2},"end":{"line":416,"column":null}},"140":{"start":{"line":414,"column":20},"end":{"line":414,"column":23}},"141":{"start":{"line":415,"column":4},"end":{"line":415,"column":null}},"142":{"start":{"line":417,"column":2},"end":{"line":417,"column":null}},"143":{"start":{"line":426,"column":2},"end":{"line":439,"column":null}},"144":{"start":{"line":427,"column":4},"end":{"line":427,"column":null}},"145":{"start":{"line":429,"column":4},"end":{"line":429,"column":null}},"146":{"start":{"line":429,"column":40},"end":{"line":429,"column":null}},"147":{"start":{"line":430,"column":4},"end":{"line":430,"column":null}},"148":{"start":{"line":431,"column":4},"end":{"line":438,"column":null}},"149":{"start":{"line":451,"column":20},"end":{"line":451,"column":null}},"150":{"start":{"line":452,"column":18},"end":{"line":452,"column":null}},"151":{"start":{"line":452,"column":70},"end":{"line":452,"column":104}},"152":{"start":{"line":453,"column":2},"end":{"line":482,"column":null}},"153":{"start":{"line":454,"column":4},"end":{"line":461,"column":null}},"154":{"start":{"line":455,"column":6},"end":{"line":460,"column":null}},"155":{"start":{"line":462,"column":21},"end":{"line":462,"column":null}},"156":{"start":{"line":463,"column":4},"end":{"line":466,"column":null}},"157":{"start":{"line":464,"column":6},"end":{"line":464,"column":null}},"158":{"start":{"line":465,"column":6},"end":{"line":465,"column":null}},"159":{"start":{"line":467,"column":4},"end":{"line":480,"column":null}},"160":{"start":{"line":474,"column":6},"end":{"line":479,"column":null}},"161":{"start":{"line":481,"column":4},"end":{"line":481,"column":null}},"162":{"start":{"line":483,"column":2},"end":{"line":485,"column":null}},"163":{"start":{"line":484,"column":4},"end":{"line":484,"column":null}},"164":{"start":{"line":489,"column":2},"end":{"line":489,"column":null}},"165":{"start":{"line":493,"column":2},"end":{"line":498,"column":null}},"166":{"start":{"line":507,"column":28},"end":{"line":507,"column":null}},"167":{"start":{"line":508,"column":2},"end":{"line":516,"column":null}},"168":{"start":{"line":509,"column":4},"end":{"line":513,"column":null}},"169":{"start":{"line":515,"column":4},"end":{"line":515,"column":null}},"170":{"start":{"line":524,"column":2},"end":{"line":524,"column":null}},"171":{"start":{"line":526,"column":2},"end":{"line":535,"column":null}},"172":{"start":{"line":527,"column":4},"end":{"line":527,"column":null}},"173":{"start":{"line":529,"column":4},"end":{"line":534,"column":null}},"174":{"start":{"line":536,"column":17},"end":{"line":536,"column":null}},"175":{"start":{"line":537,"column":23},"end":{"line":537,"column":null}},"176":{"start":{"line":538,"column":26},"end":{"line":542,"column":null}},"177":{"start":{"line":543,"column":14},"end":{"line":543,"column":null}},"178":{"start":{"line":544,"column":54},"end":{"line":544,"column":null}},"179":{"start":{"line":545,"column":20},"end":{"line":545,"column":null}},"180":{"start":{"line":546,"column":2},"end":{"line":600,"column":null}},"181":{"start":{"line":547,"column":4},"end":{"line":547,"column":null}},"182":{"start":{"line":548,"column":20},"end":{"line":548,"column":null}},"183":{"start":{"line":550,"column":4},"end":{"line":568,"column":null}},"184":{"start":{"line":551,"column":6},"end":{"line":559,"column":null}},"185":{"start":{"line":552,"column":37},"end":{"line":556,"column":26}},"186":{"start":{"line":561,"column":6},"end":{"line":561,"column":null}},"187":{"start":{"line":561,"column":42},"end":{"line":561,"column":null}},"188":{"start":{"line":562,"column":6},"end":{"line":567,"column":null}},"189":{"start":{"line":569,"column":23},"end":{"line":569,"column":null}},"190":{"start":{"line":570,"column":4},"end":{"line":577,"column":null}},"191":{"start":{"line":571,"column":6},"end":{"line":576,"column":null}},"192":{"start":{"line":578,"column":21},"end":{"line":578,"column":null}},"193":{"start":{"line":579,"column":4},"end":{"line":588,"column":null}},"194":{"start":{"line":580,"column":6},"end":{"line":580,"column":null}},"195":{"start":{"line":582,"column":6},"end":{"line":587,"column":null}},"196":{"start":{"line":589,"column":17},"end":{"line":589,"column":null}},"197":{"start":{"line":590,"column":18},"end":{"line":590,"column":null}},"198":{"start":{"line":591,"column":4},"end":{"line":591,"column":null}},"199":{"start":{"line":592,"column":4},"end":{"line":599,"column":null}},"200":{"start":{"line":601,"column":19},"end":{"line":611,"column":null}},"201":{"start":{"line":612,"column":2},"end":{"line":612,"column":null}},"202":{"start":{"line":613,"column":2},"end":{"line":613,"column":null}},"203":{"start":{"line":614,"column":2},"end":{"line":620,"column":null}},"204":{"start":{"line":615,"column":4},"end":{"line":619,"column":null}},"205":{"start":{"line":621,"column":27},"end":{"line":621,"column":null}},"206":{"start":{"line":622,"column":2},"end":{"line":640,"column":null}},"207":{"start":{"line":623,"column":18},"end":{"line":629,"column":null}},"208":{"start":{"line":630,"column":4},"end":{"line":630,"column":null}},"209":{"start":{"line":631,"column":4},"end":{"line":631,"column":null}},"210":{"start":{"line":633,"column":4},"end":{"line":633,"column":null}},"211":{"start":{"line":633,"column":40},"end":{"line":633,"column":null}},"212":{"start":{"line":634,"column":4},"end":{"line":639,"column":null}},"213":{"start":{"line":644,"column":2},"end":{"line":651,"column":null}},"214":{"start":{"line":645,"column":4},"end":{"line":650,"column":null}},"215":{"start":{"line":652,"column":2},"end":{"line":652,"column":null}},"216":{"start":{"line":656,"column":17},"end":{"line":656,"column":null}},"217":{"start":{"line":657,"column":19},"end":{"line":657,"column":null}},"218":{"start":{"line":658,"column":2},"end":{"line":665,"column":null}},"219":{"start":{"line":658,"column":71},"end":{"line":658,"column":94}},"220":{"start":{"line":659,"column":4},"end":{"line":664,"column":null}},"221":{"start":{"line":669,"column":2},"end":{"line":676,"column":null}},"222":{"start":{"line":670,"column":4},"end":{"line":675,"column":null}},"223":{"start":{"line":677,"column":2},"end":{"line":677,"column":null}},"224":{"start":{"line":681,"column":2},"end":{"line":688,"column":null}},"225":{"start":{"line":682,"column":4},"end":{"line":687,"column":null}},"226":{"start":{"line":689,"column":2},"end":{"line":689,"column":null}},"227":{"start":{"line":693,"column":15},"end":{"line":693,"column":null}},"228":{"start":{"line":694,"column":17},"end":{"line":694,"column":null}},"229":{"start":{"line":695,"column":2},"end":{"line":695,"column":null}},"230":{"start":{"line":696,"column":22},"end":{"line":696,"column":null}},"231":{"start":{"line":697,"column":18},"end":{"line":697,"column":null}},"232":{"start":{"line":698,"column":19},"end":{"line":698,"column":null}},"233":{"start":{"line":699,"column":20},"end":{"line":699,"column":null}},"234":{"start":{"line":700,"column":2},"end":{"line":711,"column":null}},"235":{"start":{"line":705,"column":4},"end":{"line":710,"column":null}},"236":{"start":{"line":712,"column":2},"end":{"line":719,"column":null}},"237":{"start":{"line":713,"column":4},"end":{"line":718,"column":null}},"238":{"start":{"line":720,"column":19},"end":{"line":722,"column":null}},"239":{"start":{"line":721,"column":4},"end":{"line":721,"column":null}},"240":{"start":{"line":723,"column":17},"end":{"line":723,"column":null}},"241":{"start":{"line":724,"column":2},"end":{"line":734,"column":null}},"242":{"start":{"line":726,"column":46},"end":{"line":726,"column":76}},"243":{"start":{"line":728,"column":4},"end":{"line":733,"column":null}},"244":{"start":{"line":735,"column":2},"end":{"line":742,"column":null}},"245":{"start":{"line":746,"column":17},"end":{"line":746,"column":null}},"246":{"start":{"line":747,"column":2},"end":{"line":747,"column":null}},"247":{"start":{"line":748,"column":2},"end":{"line":755,"column":null}},"248":{"start":{"line":749,"column":4},"end":{"line":754,"column":null}},"249":{"start":{"line":756,"column":18},"end":{"line":756,"column":null}},"250":{"start":{"line":757,"column":2},"end":{"line":757,"column":null}},"251":{"start":{"line":758,"column":17},"end":{"line":758,"column":null}},"252":{"start":{"line":759,"column":2},"end":{"line":766,"column":null}},"253":{"start":{"line":760,"column":4},"end":{"line":765,"column":null}},"254":{"start":{"line":767,"column":2},"end":{"line":774,"column":null}},"255":{"start":{"line":768,"column":4},"end":{"line":773,"column":null}},"256":{"start":{"line":775,"column":16},"end":{"line":775,"column":null}},"257":{"start":{"line":776,"column":22},"end":{"line":776,"column":null}},"258":{"start":{"line":776,"column":46},"end":{"line":776,"column":50}},"259":{"start":{"line":777,"column":22},"end":{"line":777,"column":null}},"260":{"start":{"line":777,"column":54},"end":{"line":777,"column":62}},"261":{"start":{"line":778,"column":2},"end":{"line":790,"column":null}},"262":{"start":{"line":782,"column":35},"end":{"line":782,"column":67}},"263":{"start":{"line":784,"column":4},"end":{"line":789,"column":null}},"264":{"start":{"line":791,"column":2},"end":{"line":801,"column":null}},"265":{"start":{"line":805,"column":2},"end":{"line":810,"column":null}},"266":{"start":{"line":814,"column":20},"end":{"line":814,"column":null}},"267":{"start":{"line":815,"column":2},"end":{"line":817,"column":null}},"268":{"start":{"line":815,"column":31},"end":{"line":815,"column":42}},"269":{"start":{"line":816,"column":4},"end":{"line":816,"column":null}},"270":{"start":{"line":818,"column":2},"end":{"line":818,"column":null}},"271":{"start":{"line":822,"column":19},"end":{"line":822,"column":null}},"272":{"start":{"line":823,"column":2},"end":{"line":833,"column":null}},"273":{"start":{"line":830,"column":34},"end":{"line":830,"column":87}},"274":{"start":{"line":832,"column":4},"end":{"line":832,"column":null}},"275":{"start":{"line":842,"column":18},"end":{"line":842,"column":null}},"276":{"start":{"line":843,"column":2},"end":{"line":843,"column":null}},"277":{"start":{"line":843,"column":31},"end":{"line":843,"column":null}},"278":{"start":{"line":844,"column":15},"end":{"line":844,"column":null}},"279":{"start":{"line":845,"column":22},"end":{"line":845,"column":null}},"280":{"start":{"line":846,"column":18},"end":{"line":846,"column":null}},"281":{"start":{"line":847,"column":2},"end":{"line":855,"column":null}},"282":{"start":{"line":847,"column":20},"end":{"line":847,"column":45}},"283":{"start":{"line":848,"column":4},"end":{"line":854,"column":null}},"284":{"start":{"line":852,"column":6},"end":{"line":852,"column":null}},"285":{"start":{"line":853,"column":6},"end":{"line":853,"column":null}},"286":{"start":{"line":856,"column":2},"end":{"line":856,"column":null}},"287":{"start":{"line":856,"column":21},"end":{"line":856,"column":null}},"288":{"start":{"line":858,"column":15},"end":{"line":858,"column":null}},"289":{"start":{"line":859,"column":22},"end":{"line":859,"column":null}},"290":{"start":{"line":860,"column":22},"end":{"line":860,"column":null}},"291":{"start":{"line":861,"column":21},"end":{"line":861,"column":null}},"292":{"start":{"line":862,"column":22},"end":{"line":862,"column":null}},"293":{"start":{"line":863,"column":24},"end":{"line":863,"column":null}},"294":{"start":{"line":864,"column":2},"end":{"line":874,"column":null}},"295":{"start":{"line":873,"column":4},"end":{"line":873,"column":null}},"296":{"start":{"line":875,"column":2},"end":{"line":881,"column":null}},"297":{"start":{"line":876,"column":4},"end":{"line":880,"column":null}},"298":{"start":{"line":883,"column":16},"end":{"line":883,"column":null}},"299":{"start":{"line":884,"column":17},"end":{"line":884,"column":null}},"300":{"start":{"line":885,"column":26},"end":{"line":885,"column":null}},"301":{"start":{"line":886,"column":2},"end":{"line":939,"column":null}},"302":{"start":{"line":886,"column":19},"end":{"line":886,"column":22}},"303":{"start":{"line":887,"column":4},"end":{"line":889,"column":null}},"304":{"start":{"line":888,"column":6},"end":{"line":888,"column":null}},"305":{"start":{"line":890,"column":18},"end":{"line":890,"column":null}},"306":{"start":{"line":891,"column":24},"end":{"line":891,"column":null}},"307":{"start":{"line":892,"column":27},"end":{"line":892,"column":null}},"308":{"start":{"line":893,"column":29},"end":{"line":893,"column":null}},"309":{"start":{"line":894,"column":23},"end":{"line":894,"column":null}},"310":{"start":{"line":895,"column":24},"end":{"line":895,"column":null}},"311":{"start":{"line":896,"column":26},"end":{"line":896,"column":null}},"312":{"start":{"line":897,"column":22},"end":{"line":897,"column":null}},"313":{"start":{"line":898,"column":24},"end":{"line":898,"column":null}},"314":{"start":{"line":899,"column":22},"end":{"line":899,"column":null}},"315":{"start":{"line":900,"column":4},"end":{"line":910,"column":null}},"316":{"start":{"line":909,"column":6},"end":{"line":909,"column":null}},"317":{"start":{"line":911,"column":17},"end":{"line":911,"column":null}},"318":{"start":{"line":912,"column":4},"end":{"line":912,"column":null}},"319":{"start":{"line":913,"column":4},"end":{"line":913,"column":null}},"320":{"start":{"line":913,"column":25},"end":{"line":913,"column":null}},"321":{"start":{"line":914,"column":4},"end":{"line":914,"column":null}},"322":{"start":{"line":916,"column":4},"end":{"line":916,"column":null}},"323":{"start":{"line":917,"column":4},"end":{"line":923,"column":null}},"324":{"start":{"line":918,"column":6},"end":{"line":922,"column":null}},"325":{"start":{"line":925,"column":4},"end":{"line":927,"column":null}},"326":{"start":{"line":926,"column":6},"end":{"line":926,"column":null}},"327":{"start":{"line":928,"column":28},"end":{"line":928,"column":null}},"328":{"start":{"line":929,"column":29},"end":{"line":929,"column":null}},"329":{"start":{"line":930,"column":25},"end":{"line":930,"column":null}},"330":{"start":{"line":931,"column":4},"end":{"line":937,"column":null}},"331":{"start":{"line":936,"column":6},"end":{"line":936,"column":null}},"332":{"start":{"line":938,"column":4},"end":{"line":938,"column":null}},"333":{"start":{"line":940,"column":2},"end":{"line":940,"column":null}},"334":{"start":{"line":940,"column":30},"end":{"line":940,"column":null}},"335":{"start":{"line":949,"column":15},"end":{"line":949,"column":null}},"336":{"start":{"line":950,"column":2},"end":{"line":950,"column":null}},"337":{"start":{"line":958,"column":2},"end":{"line":965,"column":null}},"338":{"start":{"line":959,"column":4},"end":{"line":964,"column":null}},"339":{"start":{"line":966,"column":2},"end":{"line":976,"column":null}},"340":{"start":{"line":967,"column":4},"end":{"line":967,"column":null}},"341":{"start":{"line":969,"column":4},"end":{"line":969,"column":null}},"342":{"start":{"line":969,"column":40},"end":{"line":969,"column":null}},"343":{"start":{"line":970,"column":4},"end":{"line":975,"column":null}},"344":{"start":{"line":980,"column":2},"end":{"line":989,"column":null}},"345":{"start":{"line":981,"column":4},"end":{"line":981,"column":null}},"346":{"start":{"line":983,"column":4},"end":{"line":988,"column":null}},"347":{"start":{"line":993,"column":17},"end":{"line":993,"column":null}},"348":{"start":{"line":994,"column":2},"end":{"line":994,"column":null}},"349":{"start":{"line":994,"column":39},"end":{"line":994,"column":68}},"350":{"start":{"line":1001,"column":19},"end":{"line":1001,"column":null}},"351":{"start":{"line":1002,"column":2},"end":{"line":1009,"column":null}},"352":{"start":{"line":1003,"column":4},"end":{"line":1008,"column":null}},"353":{"start":{"line":1010,"column":2},"end":{"line":1028,"column":null}},"354":{"start":{"line":1011,"column":18},"end":{"line":1011,"column":null}},"355":{"start":{"line":1012,"column":4},"end":{"line":1027,"column":null}},"356":{"start":{"line":1019,"column":49},"end":{"line":1019,"column":82}},"357":{"start":{"line":1021,"column":6},"end":{"line":1026,"column":null}},"358":{"start":{"line":1036,"column":28},"end":{"line":1036,"column":null}},"359":{"start":{"line":1037,"column":2},"end":{"line":1041,"column":null}},"360":{"start":{"line":1038,"column":4},"end":{"line":1038,"column":null}},"361":{"start":{"line":1040,"column":4},"end":{"line":1040,"column":null}},"362":{"start":{"line":1048,"column":2},"end":{"line":1048,"column":null}},"363":{"start":{"line":1049,"column":22},"end":{"line":1049,"column":null}},"364":{"start":{"line":1050,"column":2},"end":{"line":1056,"column":null}},"365":{"start":{"line":1051,"column":4},"end":{"line":1055,"column":null}},"366":{"start":{"line":1057,"column":64},"end":{"line":1057,"column":null}},"367":{"start":{"line":1058,"column":2},"end":{"line":1064,"column":null}},"368":{"start":{"line":1059,"column":4},"end":{"line":1063,"column":null}},"369":{"start":{"line":1066,"column":2},"end":{"line":1076,"column":null}},"370":{"start":{"line":1067,"column":4},"end":{"line":1067,"column":null}},"371":{"start":{"line":1069,"column":4},"end":{"line":1069,"column":null}},"372":{"start":{"line":1069,"column":40},"end":{"line":1069,"column":null}},"373":{"start":{"line":1070,"column":4},"end":{"line":1075,"column":null}},"374":{"start":{"line":1077,"column":2},"end":{"line":1077,"column":null}},"375":{"start":{"line":1079,"column":2},"end":{"line":1089,"column":null}},"376":{"start":{"line":1080,"column":4},"end":{"line":1080,"column":null}},"377":{"start":{"line":1082,"column":4},"end":{"line":1082,"column":null}},"378":{"start":{"line":1082,"column":40},"end":{"line":1082,"column":null}},"379":{"start":{"line":1083,"column":4},"end":{"line":1088,"column":null}},"380":{"start":{"line":1090,"column":18},"end":{"line":1090,"column":null}},"381":{"start":{"line":1091,"column":2},"end":{"line":1097,"column":null}},"382":{"start":{"line":1092,"column":4},"end":{"line":1096,"column":null}},"383":{"start":{"line":1098,"column":34},"end":{"line":1098,"column":null}},"384":{"start":{"line":1099,"column":2},"end":{"line":1124,"column":null}},"385":{"start":{"line":1100,"column":25},"end":{"line":1100,"column":null}},"386":{"start":{"line":1101,"column":4},"end":{"line":1114,"column":null}},"387":{"start":{"line":1108,"column":6},"end":{"line":1113,"column":null}},"388":{"start":{"line":1115,"column":17},"end":{"line":1115,"column":null}},"389":{"start":{"line":1116,"column":4},"end":{"line":1116,"column":null}},"390":{"start":{"line":1116,"column":28},"end":{"line":1116,"column":null}},"391":{"start":{"line":1117,"column":4},"end":{"line":1123,"column":null}},"392":{"start":{"line":1118,"column":6},"end":{"line":1122,"column":null}},"393":{"start":{"line":1126,"column":24},"end":{"line":1126,"column":null}},"394":{"start":{"line":1128,"column":2},"end":{"line":1138,"column":null}},"395":{"start":{"line":1129,"column":4},"end":{"line":1129,"column":null}},"396":{"start":{"line":1131,"column":4},"end":{"line":1131,"column":null}},"397":{"start":{"line":1131,"column":40},"end":{"line":1131,"column":null}},"398":{"start":{"line":1132,"column":4},"end":{"line":1137,"column":null}},"399":{"start":{"line":1139,"column":19},"end":{"line":1139,"column":null}},"400":{"start":{"line":1140,"column":24},"end":{"line":1140,"column":null}},"401":{"start":{"line":1140,"column":98},"end":{"line":1140,"column":102}},"402":{"start":{"line":1141,"column":2},"end":{"line":1150,"column":null}},"403":{"start":{"line":1143,"column":34},"end":{"line":1143,"column":58}},"404":{"start":{"line":1145,"column":4},"end":{"line":1149,"column":null}},"405":{"start":{"line":1151,"column":29},"end":{"line":1153,"column":null}},"406":{"start":{"line":1152,"column":46},"end":{"line":1152,"column":70}},"407":{"start":{"line":1154,"column":2},"end":{"line":1160,"column":null}},"408":{"start":{"line":1155,"column":4},"end":{"line":1159,"column":null}},"409":{"start":{"line":1162,"column":23},"end":{"line":1162,"column":null}},"410":{"start":{"line":1163,"column":2},"end":{"line":1170,"column":null}},"411":{"start":{"line":1164,"column":4},"end":{"line":1169,"column":null}},"412":{"start":{"line":1171,"column":26},"end":{"line":1175,"column":null}},"413":{"start":{"line":1176,"column":2},"end":{"line":1183,"column":null}},"414":{"start":{"line":1177,"column":4},"end":{"line":1182,"column":null}},"415":{"start":{"line":1185,"column":2},"end":{"line":1195,"column":null}},"416":{"start":{"line":1186,"column":4},"end":{"line":1186,"column":null}},"417":{"start":{"line":1188,"column":4},"end":{"line":1188,"column":null}},"418":{"start":{"line":1188,"column":40},"end":{"line":1188,"column":null}},"419":{"start":{"line":1189,"column":4},"end":{"line":1194,"column":null}},"420":{"start":{"line":1196,"column":2},"end":{"line":1196,"column":null}},"421":{"start":{"line":1198,"column":49},"end":{"line":1198,"column":null}},"422":{"start":{"line":1199,"column":2},"end":{"line":1225,"column":null}},"423":{"start":{"line":1200,"column":4},"end":{"line":1200,"column":null}},"424":{"start":{"line":1201,"column":23},"end":{"line":1201,"column":null}},"425":{"start":{"line":1202,"column":4},"end":{"line":1209,"column":null}},"426":{"start":{"line":1203,"column":6},"end":{"line":1208,"column":null}},"427":{"start":{"line":1210,"column":17},"end":{"line":1210,"column":null}},"428":{"start":{"line":1211,"column":21},"end":{"line":1211,"column":null}},"429":{"start":{"line":1212,"column":4},"end":{"line":1223,"column":null}},"430":{"start":{"line":1217,"column":6},"end":{"line":1222,"column":null}},"431":{"start":{"line":1224,"column":4},"end":{"line":1224,"column":null}},"432":{"start":{"line":1226,"column":2},"end":{"line":1226,"column":null}},"433":{"start":{"line":1227,"column":2},"end":{"line":1231,"column":null}}},"fnMap":{"0":{"name":"(anonymous_0)","decl":{"start":{"line":106,"column":2},"end":{"line":106,"column":null}},"loc":{"start":{"line":111,"column":4},"end":{"line":119,"column":null}},"line":111},"1":{"name":"(anonymous_1)","decl":{"start":{"line":121,"column":2},"end":{"line":121,"column":50}},"loc":{"start":{"line":121,"column":50},"end":{"line":129,"column":null}},"line":121},"2":{"name":"isSpriteBoyPackageError","decl":{"start":{"line":132,"column":16},"end":{"line":132,"column":40}},"loc":{"start":{"line":132,"column":88},"end":{"line":138,"column":null}},"line":132},"3":{"name":"compareCodeUnit","decl":{"start":{"line":140,"column":9},"end":{"line":140,"column":25}},"loc":{"start":{"line":140,"column":62},"end":{"line":142,"column":null}},"line":140},"4":{"name":"packageError","decl":{"start":{"line":144,"column":9},"end":{"line":144,"column":null}},"loc":{"start":{"line":149,"column":25},"end":{"line":151,"column":null}},"line":149},"5":{"name":"nativeSignalValue","decl":{"start":{"line":173,"column":9},"end":{"line":173,"column":27}},"loc":{"start":{"line":173,"column":84},"end":{"line":177,"column":null}},"line":173},"6":{"name":"callNativeSignalListener","decl":{"start":{"line":179,"column":9},"end":{"line":179,"column":null}},"loc":{"start":{"line":183,"column":8},"end":{"line":194,"column":null}},"line":183},"7":{"name":"signalLease","decl":{"start":{"line":196,"column":9},"end":{"line":196,"column":21}},"loc":{"start":{"line":196,"column":88},"end":{"line":226,"column":null}},"line":196},"8":{"name":"(anonymous_8)","decl":{"start":{"line":197,"column":36},"end":{"line":197,"column":46}},"loc":{"start":{"line":197,"column":46},"end":{"line":197,"column":49}},"line":197},"9":{"name":"(anonymous_9)","decl":{"start":{"line":203,"column":42},"end":{"line":203,"column":52}},"loc":{"start":{"line":203,"column":52},"end":{"line":203,"column":55}},"line":203},"10":{"name":"(anonymous_10)","decl":{"start":{"line":205,"column":10},"end":{"line":205,"column":41}},"loc":{"start":{"line":205,"column":41},"end":{"line":205,"column":null}},"line":205},"11":{"name":"(anonymous_11)","decl":{"start":{"line":210,"column":6},"end":{"line":210,"column":16}},"loc":{"start":{"line":210,"column":16},"end":{"line":216,"column":null}},"line":210},"12":{"name":"optionsRecord","decl":{"start":{"line":228,"column":9},"end":{"line":228,"column":null}},"loc":{"start":{"line":232,"column":27},"end":{"line":261,"column":null}},"line":232},"13":{"name":"(anonymous_13)","decl":{"start":{"line":242,"column":13},"end":{"line":242,"column":19}},"loc":{"start":{"line":242,"column":27},"end":{"line":242,"column":80}},"line":242},"14":{"name":"ownOption","decl":{"start":{"line":263,"column":9},"end":{"line":263,"column":19}},"loc":{"start":{"line":263,"column":74},"end":{"line":265,"column":null}},"line":263},"15":{"name":"normalizeExportOptions","decl":{"start":{"line":267,"column":9},"end":{"line":267,"column":32}},"loc":{"start":{"line":267,"column":73},"end":{"line":281,"column":null}},"line":267},"16":{"name":"normalizeImportOptions","decl":{"start":{"line":283,"column":9},"end":{"line":283,"column":32}},"loc":{"start":{"line":283,"column":73},"end":{"line":299,"column":null}},"line":283},"17":{"name":"normalizeAssetSource","decl":{"start":{"line":301,"column":9},"end":{"line":301,"column":30}},"loc":{"start":{"line":301,"column":69},"end":{"line":329,"column":null}},"line":301},"18":{"name":"throwIfAborted","decl":{"start":{"line":331,"column":9},"end":{"line":331,"column":24}},"loc":{"start":{"line":331,"column":101},"end":{"line":339,"column":null}},"line":331},"19":{"name":"raceAbort","decl":{"start":{"line":341,"column":9},"end":{"line":341,"column":null}},"loc":{"start":{"line":345,"column":14},"end":{"line":369,"column":null}},"line":345},"20":{"name":"(anonymous_20)","decl":{"start":{"line":347,"column":13},"end":{"line":347,"column":22}},"loc":{"start":{"line":347,"column":42},"end":{"line":368,"column":3}},"line":347},"21":{"name":"(anonymous_21)","decl":{"start":{"line":349,"column":10},"end":{"line":349,"column":32}},"loc":{"start":{"line":349,"column":32},"end":{"line":349,"column":null}},"line":349},"22":{"name":"(anonymous_22)","decl":{"start":{"line":350,"column":10},"end":{"line":350,"column":20}},"loc":{"start":{"line":350,"column":51},"end":{"line":355,"column":null}},"line":350},"23":{"name":"(anonymous_23)","decl":{"start":{"line":356,"column":10},"end":{"line":356,"column":32}},"loc":{"start":{"line":356,"column":32},"end":{"line":361,"column":null}},"line":356},"24":{"name":"(anonymous_24)","decl":{"start":{"line":356,"column":32},"end":{"line":356,"column":45}},"loc":{"start":{"line":356,"column":45},"end":{"line":361,"column":6}},"line":356},"25":{"name":"(anonymous_25)","decl":{"start":{"line":363,"column":26},"end":{"line":363,"column":null}},"loc":{"start":{"line":364,"column":17},"end":{"line":364,"column":null}},"line":364},"26":{"name":"(anonymous_26)","decl":{"start":{"line":364,"column":17},"end":{"line":364,"column":30}},"loc":{"start":{"line":364,"column":30},"end":{"line":364,"column":44}},"line":364},"27":{"name":"(anonymous_27)","decl":{"start":{"line":364,"column":44},"end":{"line":364,"column":null}},"loc":{"start":{"line":365,"column":26},"end":{"line":365,"column":null}},"line":365},"28":{"name":"(anonymous_28)","decl":{"start":{"line":365,"column":26},"end":{"line":365,"column":39}},"loc":{"start":{"line":365,"column":39},"end":{"line":365,"column":52}},"line":365},"29":{"name":"normalizePositiveLimit","decl":{"start":{"line":371,"column":9},"end":{"line":371,"column":32}},"loc":{"start":{"line":371,"column":88},"end":{"line":381,"column":null}},"line":371},"30":{"name":"extensionForMimeType","decl":{"start":{"line":383,"column":9},"end":{"line":383,"column":30}},"loc":{"start":{"line":383,"column":56},"end":{"line":395,"column":null}},"line":383},"31":{"name":"assetPath","decl":{"start":{"line":397,"column":9},"end":{"line":397,"column":19}},"loc":{"start":{"line":397,"column":66},"end":{"line":399,"column":null}},"line":397},"32":{"name":"textBytes","decl":{"start":{"line":401,"column":9},"end":{"line":401,"column":19}},"loc":{"start":{"line":401,"column":46},"end":{"line":403,"column":null}},"line":401},"33":{"name":"ownedArrayBuffer","decl":{"start":{"line":405,"column":9},"end":{"line":405,"column":26}},"loc":{"start":{"line":405,"column":58},"end":{"line":409,"column":null}},"line":405},"34":{"name":"binaryString","decl":{"start":{"line":411,"column":9},"end":{"line":411,"column":22}},"loc":{"start":{"line":411,"column":49},"end":{"line":418,"column":null}},"line":411},"35":{"name":"computeIdentity","decl":{"start":{"line":420,"column":15},"end":{"line":420,"column":null}},"loc":{"start":{"line":425,"column":2},"end":{"line":440,"column":null}},"line":425},"36":{"name":"groupProjectAssets","decl":{"start":{"line":447,"column":9},"end":{"line":447,"column":null}},"loc":{"start":{"line":450,"column":15},"end":{"line":486,"column":null}},"line":450},"37":{"name":"(anonymous_37)","decl":{"start":{"line":452,"column":48},"end":{"line":452,"column":54}},"loc":{"start":{"line":452,"column":70},"end":{"line":452,"column":104}},"line":452},"38":{"name":"(anonymous_38)","decl":{"start":{"line":483,"column":33},"end":{"line":483,"column":39}},"loc":{"start":{"line":484,"column":4},"end":{"line":484,"column":null}},"line":484},"39":{"name":"freezeBlobManifest","decl":{"start":{"line":488,"column":9},"end":{"line":488,"column":28}},"loc":{"start":{"line":488,"column":95},"end":{"line":490,"column":null}},"line":488},"40":{"name":"freezeManifest","decl":{"start":{"line":492,"column":9},"end":{"line":492,"column":24}},"loc":{"start":{"line":492,"column":87},"end":{"line":499,"column":null}},"line":492},"41":{"name":"exportSpriteBoyPackage","decl":{"start":{"line":502,"column":22},"end":{"line":502,"column":null}},"loc":{"start":{"line":506,"column":17},"end":{"line":517,"column":null}},"line":506},"42":{"name":"exportSpriteBoyPackageNormalized","decl":{"start":{"line":519,"column":15},"end":{"line":519,"column":null}},"loc":{"start":{"line":523,"column":17},"end":{"line":641,"column":null}},"line":523},"43":{"name":"(anonymous_43)","decl":{"start":{"line":552,"column":26},"end":{"line":552,"column":37}},"loc":{"start":{"line":552,"column":37},"end":{"line":556,"column":26}},"line":552},"44":{"name":"requireRecord","decl":{"start":{"line":643,"column":9},"end":{"line":643,"column":23}},"loc":{"start":{"line":643,"column":78},"end":{"line":653,"column":null}},"line":643},"45":{"name":"requireExactKeys","decl":{"start":{"line":655,"column":9},"end":{"line":655,"column":26}},"loc":{"start":{"line":655,"column":104},"end":{"line":666,"column":null}},"line":655},"46":{"name":"(anonymous_46)","decl":{"start":{"line":658,"column":50},"end":{"line":658,"column":56}},"loc":{"start":{"line":658,"column":71},"end":{"line":658,"column":94}},"line":658},"47":{"name":"requireString","decl":{"start":{"line":668,"column":9},"end":{"line":668,"column":23}},"loc":{"start":{"line":668,"column":61},"end":{"line":678,"column":null}},"line":668},"48":{"name":"requireSafeSize","decl":{"start":{"line":680,"column":9},"end":{"line":680,"column":25}},"loc":{"start":{"line":680,"column":63},"end":{"line":690,"column":null}},"line":680},"49":{"name":"parseBlobManifest","decl":{"start":{"line":692,"column":9},"end":{"line":692,"column":27}},"loc":{"start":{"line":692,"column":88},"end":{"line":743,"column":null}},"line":692},"50":{"name":"(anonymous_50)","decl":{"start":{"line":720,"column":35},"end":{"line":720,"column":40}},"loc":{"start":{"line":721,"column":4},"end":{"line":721,"column":null}},"line":721},"51":{"name":"(anonymous_51)","decl":{"start":{"line":726,"column":16},"end":{"line":726,"column":22}},"loc":{"start":{"line":726,"column":46},"end":{"line":726,"column":76}},"line":726},"52":{"name":"parseManifest","decl":{"start":{"line":745,"column":9},"end":{"line":745,"column":23}},"loc":{"start":{"line":745,"column":67},"end":{"line":802,"column":null}},"line":745},"53":{"name":"(anonymous_53)","decl":{"start":{"line":776,"column":28},"end":{"line":776,"column":33}},"loc":{"start":{"line":776,"column":46},"end":{"line":776,"column":50}},"line":776},"54":{"name":"(anonymous_54)","decl":{"start":{"line":777,"column":28},"end":{"line":777,"column":37}},"loc":{"start":{"line":777,"column":54},"end":{"line":777,"column":62}},"line":777},"55":{"name":"(anonymous_55)","decl":{"start":{"line":782,"column":13},"end":{"line":782,"column":19}},"loc":{"start":{"line":782,"column":35},"end":{"line":782,"column":67}},"line":782},"56":{"name":"invalidCentralDirectory","decl":{"start":{"line":804,"column":9},"end":{"line":804,"column":33}},"loc":{"start":{"line":804,"column":72},"end":{"line":811,"column":null}},"line":804},"57":{"name":"zipEntryName","decl":{"start":{"line":813,"column":9},"end":{"line":813,"column":22}},"loc":{"start":{"line":813,"column":81},"end":{"line":819,"column":null}},"line":813},"58":{"name":"(anonymous_58)","decl":{"start":{"line":815,"column":16},"end":{"line":815,"column":22}},"loc":{"start":{"line":815,"column":31},"end":{"line":815,"column":42}},"line":815},"59":{"name":"assertSafePhysicalPath","decl":{"start":{"line":821,"column":9},"end":{"line":821,"column":32}},"loc":{"start":{"line":821,"column":52},"end":{"line":834,"column":null}},"line":821},"60":{"name":"(anonymous_60)","decl":{"start":{"line":830,"column":16},"end":{"line":830,"column":22}},"loc":{"start":{"line":830,"column":34},"end":{"line":830,"column":87}},"line":830},"61":{"name":"preflightZipDirectory","decl":{"start":{"line":837,"column":9},"end":{"line":837,"column":null}},"loc":{"start":{"line":841,"column":8},"end":{"line":941,"column":null}},"line":841},"62":{"name":"entryUncompressedSize","decl":{"start":{"line":948,"column":9},"end":{"line":948,"column":31}},"loc":{"start":{"line":948,"column":81},"end":{"line":951,"column":null}},"line":948},"63":{"name":"readZipEntry","decl":{"start":{"line":953,"column":15},"end":{"line":953,"column":null}},"loc":{"start":{"line":957,"column":23},"end":{"line":977,"column":null}},"line":957},"64":{"name":"decodeUtf8","decl":{"start":{"line":979,"column":9},"end":{"line":979,"column":20}},"loc":{"start":{"line":979,"column":61},"end":{"line":990,"column":null}},"line":979},"65":{"name":"expectedBlobGroups","decl":{"start":{"line":992,"column":9},"end":{"line":992,"column":28}},"loc":{"start":{"line":992,"column":78},"end":{"line":995,"column":null}},"line":992},"66":{"name":"(anonymous_66)","decl":{"start":{"line":994,"column":24},"end":{"line":994,"column":29}},"loc":{"start":{"line":994,"column":39},"end":{"line":994,"column":68}},"line":994},"67":{"name":"assertManifestMatchesProject","decl":{"start":{"line":997,"column":9},"end":{"line":997,"column":null}},"loc":{"start":{"line":1000,"column":8},"end":{"line":1029,"column":null}},"line":1000},"68":{"name":"(anonymous_68)","decl":{"start":{"line":1019,"column":24},"end":{"line":1019,"column":30}},"loc":{"start":{"line":1019,"column":49},"end":{"line":1019,"column":82}},"line":1019},"69":{"name":"importSpriteBoyPackage","decl":{"start":{"line":1032,"column":22},"end":{"line":1032,"column":null}},"loc":{"start":{"line":1035,"column":37},"end":{"line":1042,"column":null}},"line":1035},"70":{"name":"importSpriteBoyPackageNormalized","decl":{"start":{"line":1044,"column":15},"end":{"line":1044,"column":null}},"loc":{"start":{"line":1047,"column":37},"end":{"line":1232,"column":null}},"line":1047},"71":{"name":"(anonymous_71)","decl":{"start":{"line":1140,"column":80},"end":{"line":1140,"column":85}},"loc":{"start":{"line":1140,"column":98},"end":{"line":1140,"column":102}},"line":1140},"72":{"name":"(anonymous_72)","decl":{"start":{"line":1143,"column":15},"end":{"line":1143,"column":21}},"loc":{"start":{"line":1143,"column":34},"end":{"line":1143,"column":58}},"line":1143},"73":{"name":"(anonymous_73)","decl":{"start":{"line":1152,"column":21},"end":{"line":1152,"column":29}},"loc":{"start":{"line":1152,"column":46},"end":{"line":1152,"column":70}},"line":1152}},"branchMap":{"0":{"loc":{"start":{"line":110,"column":4},"end":{"line":110,"column":null}},"type":"default-arg","locations":[{"start":{"line":110,"column":44},"end":{"line":110,"column":null}}],"line":110},"1":{"loc":{"start":{"line":126,"column":10},"end":{"line":126,"column":null}},"type":"cond-expr","locations":[{"start":{"line":126,"column":22},"end":{"line":126,"column":44}},{"start":{"line":126,"column":44},"end":{"line":126,"column":null}}],"line":126},"2":{"loc":{"start":{"line":127,"column":10},"end":{"line":127,"column":null}},"type":"cond-expr","locations":[{"start":{"line":127,"column":25},"end":{"line":127,"column":53}},{"start":{"line":127,"column":53},"end":{"line":127,"column":null}}],"line":127},"3":{"loc":{"start":{"line":141,"column":9},"end":{"line":141,"column":null}},"type":"cond-expr","locations":[{"start":{"line":141,"column":24},"end":{"line":141,"column":29}},{"start":{"line":141,"column":29},"end":{"line":141,"column":null}}],"line":141},"4":{"loc":{"start":{"line":141,"column":29},"end":{"line":141,"column":null}},"type":"cond-expr","locations":[{"start":{"line":141,"column":44},"end":{"line":141,"column":48}},{"start":{"line":141,"column":48},"end":{"line":141,"column":null}}],"line":141},"5":{"loc":{"start":{"line":148,"column":2},"end":{"line":148,"column":null}},"type":"default-arg","locations":[{"start":{"line":148,"column":42},"end":{"line":148,"column":null}}],"line":148},"6":{"loc":{"start":{"line":175,"column":2},"end":{"line":175,"column":null}},"type":"if","locations":[{"start":{"line":175,"column":2},"end":{"line":175,"column":null}},{"start":{},"end":{}}],"line":175},"7":{"loc":{"start":{"line":187,"column":4},"end":{"line":190,"column":null}},"type":"if","locations":[{"start":{"line":187,"column":4},"end":{"line":190,"column":null}},{"start":{},"end":{}}],"line":187},"8":{"loc":{"start":{"line":187,"column":8},"end":{"line":187,"column":87}},"type":"binary-expr","locations":[{"start":{"line":187,"column":8},"end":{"line":187,"column":22}},{"start":{"line":187,"column":22},"end":{"line":187,"column":47}},{"start":{"line":187,"column":47},"end":{"line":187,"column":87}}],"line":187},"9":{"loc":{"start":{"line":197,"column":2},"end":{"line":197,"column":null}},"type":"if","locations":[{"start":{"line":197,"column":2},"end":{"line":197,"column":null}},{"start":{},"end":{}}],"line":197},"10":{"loc":{"start":{"line":201,"column":4},"end":{"line":204,"column":null}},"type":"if","locations":[{"start":{"line":201,"column":4},"end":{"line":204,"column":null}},{"start":{},"end":{}}],"line":201},"11":{"loc":{"start":{"line":207,"column":4},"end":{"line":207,"column":null}},"type":"if","locations":[{"start":{"line":207,"column":4},"end":{"line":207,"column":null}},{"start":{},"end":{}}],"line":207},"12":{"loc":{"start":{"line":234,"column":4},"end":{"line":236,"column":null}},"type":"if","locations":[{"start":{"line":234,"column":4},"end":{"line":236,"column":null}},{"start":{},"end":{}}],"line":234},"13":{"loc":{"start":{"line":234,"column":8},"end":{"line":234,"column":77}},"type":"binary-expr","locations":[{"start":{"line":234,"column":8},"end":{"line":234,"column":26}},{"start":{"line":234,"column":26},"end":{"line":234,"column":55}},{"start":{"line":234,"column":55},"end":{"line":234,"column":77}}],"line":234},"14":{"loc":{"start":{"line":238,"column":4},"end":{"line":240,"column":null}},"type":"if","locations":[{"start":{"line":238,"column":4},"end":{"line":240,"column":null}},{"start":{},"end":{}}],"line":238},"15":{"loc":{"start":{"line":238,"column":8},"end":{"line":238,"column":62}},"type":"binary-expr","locations":[{"start":{"line":238,"column":8},"end":{"line":238,"column":42}},{"start":{"line":238,"column":42},"end":{"line":238,"column":62}}],"line":238},"16":{"loc":{"start":{"line":242,"column":4},"end":{"line":244,"column":null}},"type":"if","locations":[{"start":{"line":242,"column":4},"end":{"line":244,"column":null}},{"start":{},"end":{}}],"line":242},"17":{"loc":{"start":{"line":242,"column":27},"end":{"line":242,"column":80}},"type":"binary-expr","locations":[{"start":{"line":242,"column":27},"end":{"line":242,"column":54}},{"start":{"line":242,"column":54},"end":{"line":242,"column":80}}],"line":242},"18":{"loc":{"start":{"line":247,"column":6},"end":{"line":249,"column":null}},"type":"if","locations":[{"start":{"line":247,"column":6},"end":{"line":249,"column":null}},{"start":{},"end":{}}],"line":247},"19":{"loc":{"start":{"line":247,"column":10},"end":{"line":247,"column":77}},"type":"binary-expr","locations":[{"start":{"line":247,"column":10},"end":{"line":247,"column":25}},{"start":{"line":247,"column":25},"end":{"line":247,"column":53}},{"start":{"line":247,"column":53},"end":{"line":247,"column":77}}],"line":247},"20":{"loc":{"start":{"line":253,"column":4},"end":{"line":253,"column":null}},"type":"if","locations":[{"start":{"line":253,"column":4},"end":{"line":253,"column":null}},{"start":{},"end":{}}],"line":253},"21":{"loc":{"start":{"line":269,"column":27},"end":{"line":269,"column":null}},"type":"binary-expr","locations":[{"start":{"line":269,"column":27},"end":{"line":269,"column":68}},{"start":{"line":269,"column":68},"end":{"line":269,"column":null}}],"line":269},"22":{"loc":{"start":{"line":270,"column":2},"end":{"line":276,"column":null}},"type":"if","locations":[{"start":{"line":270,"column":2},"end":{"line":276,"column":null}},{"start":{},"end":{}}],"line":270},"23":{"loc":{"start":{"line":270,"column":6},"end":{"line":270,"column":115}},"type":"binary-expr","locations":[{"start":{"line":270,"column":6},"end":{"line":270,"column":46}},{"start":{"line":270,"column":46},"end":{"line":270,"column":82}},{"start":{"line":270,"column":82},"end":{"line":270,"column":115}}],"line":270},"24":{"loc":{"start":{"line":303,"column":4},"end":{"line":305,"column":null}},"type":"if","locations":[{"start":{"line":303,"column":4},"end":{"line":305,"column":null}},{"start":{},"end":{}}],"line":303},"25":{"loc":{"start":{"line":303,"column":8},"end":{"line":303,"column":86}},"type":"binary-expr","locations":[{"start":{"line":303,"column":8},"end":{"line":303,"column":27}},{"start":{"line":303,"column":27},"end":{"line":303,"column":56}},{"start":{"line":303,"column":56},"end":{"line":303,"column":86}}],"line":303},"26":{"loc":{"start":{"line":309,"column":11},"end":{"line":309,"column":42}},"type":"binary-expr","locations":[{"start":{"line":309,"column":11},"end":{"line":309,"column":22}},{"start":{"line":309,"column":22},"end":{"line":309,"column":42}}],"line":309},"27":{"loc":{"start":{"line":312,"column":6},"end":{"line":317,"column":null}},"type":"if","locations":[{"start":{"line":312,"column":6},"end":{"line":317,"column":null}},{"start":{},"end":{}}],"line":312},"28":{"loc":{"start":{"line":313,"column":8},"end":{"line":315,"column":null}},"type":"if","locations":[{"start":{"line":313,"column":8},"end":{"line":315,"column":null}},{"start":{},"end":{}}],"line":313},"29":{"loc":{"start":{"line":313,"column":12},"end":{"line":313,"column":80}},"type":"binary-expr","locations":[{"start":{"line":313,"column":12},"end":{"line":313,"column":40}},{"start":{"line":313,"column":40},"end":{"line":313,"column":80}}],"line":313},"30":{"loc":{"start":{"line":332,"column":2},"end":{"line":332,"column":null}},"type":"if","locations":[{"start":{"line":332,"column":2},"end":{"line":332,"column":null}},{"start":{},"end":{}}],"line":332},"31":{"loc":{"start":{"line":332,"column":6},"end":{"line":332,"column":64}},"type":"binary-expr","locations":[{"start":{"line":332,"column":6},"end":{"line":332,"column":17}},{"start":{"line":332,"column":17},"end":{"line":332,"column":64}}],"line":332},"32":{"loc":{"start":{"line":346,"column":2},"end":{"line":346,"column":null}},"type":"if","locations":[{"start":{"line":346,"column":2},"end":{"line":346,"column":null}},{"start":{},"end":{}}],"line":346},"33":{"loc":{"start":{"line":351,"column":6},"end":{"line":351,"column":null}},"type":"if","locations":[{"start":{"line":351,"column":6},"end":{"line":351,"column":null}},{"start":{},"end":{}}],"line":351},"34":{"loc":{"start":{"line":367,"column":4},"end":{"line":367,"column":null}},"type":"if","locations":[{"start":{"line":367,"column":4},"end":{"line":367,"column":null}},{"start":{},"end":{}}],"line":367},"35":{"loc":{"start":{"line":372,"column":2},"end":{"line":372,"column":null}},"type":"if","locations":[{"start":{"line":372,"column":2},"end":{"line":372,"column":null}},{"start":{},"end":{}}],"line":372},"36":{"loc":{"start":{"line":373,"column":2},"end":{"line":379,"column":null}},"type":"if","locations":[{"start":{"line":373,"column":2},"end":{"line":379,"column":null}},{"start":{},"end":{}}],"line":373},"37":{"loc":{"start":{"line":373,"column":6},"end":{"line":373,"column":62}},"type":"binary-expr","locations":[{"start":{"line":373,"column":6},"end":{"line":373,"column":39}},{"start":{"line":373,"column":39},"end":{"line":373,"column":62}}],"line":373},"38":{"loc":{"start":{"line":394,"column":9},"end":{"line":394,"column":null}},"type":"binary-expr","locations":[{"start":{"line":394,"column":9},"end":{"line":394,"column":30}},{"start":{"line":394,"column":30},"end":{"line":394,"column":null}}],"line":394},"39":{"loc":{"start":{"line":429,"column":4},"end":{"line":429,"column":null}},"type":"if","locations":[{"start":{"line":429,"column":4},"end":{"line":429,"column":null}},{"start":{},"end":{}}],"line":429},"40":{"loc":{"start":{"line":434,"column":6},"end":{"line":436,"column":null}},"type":"cond-expr","locations":[{"start":{"line":435,"column":10},"end":{"line":435,"column":null}},{"start":{"line":436,"column":10},"end":{"line":436,"column":null}}],"line":434},"41":{"loc":{"start":{"line":449,"column":2},"end":{"line":449,"column":null}},"type":"default-arg","locations":[{"start":{"line":449,"column":41},"end":{"line":449,"column":null}}],"line":449},"42":{"loc":{"start":{"line":454,"column":4},"end":{"line":461,"column":null}},"type":"if","locations":[{"start":{"line":454,"column":4},"end":{"line":461,"column":null}},{"start":{},"end":{}}],"line":454},"43":{"loc":{"start":{"line":454,"column":8},"end":{"line":454,"column":105}},"type":"binary-expr","locations":[{"start":{"line":454,"column":8},"end":{"line":454,"column":54}},{"start":{"line":454,"column":54},"end":{"line":454,"column":105}}],"line":454},"44":{"loc":{"start":{"line":463,"column":4},"end":{"line":466,"column":null}},"type":"if","locations":[{"start":{"line":463,"column":4},"end":{"line":466,"column":null}},{"start":{},"end":{}}],"line":463},"45":{"loc":{"start":{"line":467,"column":4},"end":{"line":480,"column":null}},"type":"if","locations":[{"start":{"line":467,"column":4},"end":{"line":480,"column":null}},{"start":{},"end":{}}],"line":467},"46":{"loc":{"start":{"line":468,"column":6},"end":{"line":472,"column":null}},"type":"binary-expr","locations":[{"start":{"line":468,"column":6},"end":{"line":468,"column":null}},{"start":{"line":469,"column":9},"end":{"line":469,"column":null}},{"start":{"line":470,"column":9},"end":{"line":470,"column":null}},{"start":{"line":471,"column":9},"end":{"line":471,"column":null}},{"start":{"line":472,"column":9},"end":{"line":472,"column":null}}],"line":468},"47":{"loc":{"start":{"line":505,"column":2},"end":{"line":505,"column":null}},"type":"default-arg","locations":[{"start":{"line":505,"column":43},"end":{"line":505,"column":null}}],"line":505},"48":{"loc":{"start":{"line":561,"column":6},"end":{"line":561,"column":null}},"type":"if","locations":[{"start":{"line":561,"column":6},"end":{"line":561,"column":null}},{"start":{},"end":{}}],"line":561},"49":{"loc":{"start":{"line":570,"column":4},"end":{"line":577,"column":null}},"type":"if","locations":[{"start":{"line":570,"column":4},"end":{"line":577,"column":null}},{"start":{},"end":{}}],"line":570},"50":{"loc":{"start":{"line":625,"column":19},"end":{"line":625,"column":null}},"type":"cond-expr","locations":[{"start":{"line":625,"column":44},"end":{"line":625,"column":54}},{"start":{"line":625,"column":54},"end":{"line":625,"column":null}}],"line":625},"51":{"loc":{"start":{"line":633,"column":4},"end":{"line":633,"column":null}},"type":"if","locations":[{"start":{"line":633,"column":4},"end":{"line":633,"column":null}},{"start":{},"end":{}}],"line":633},"52":{"loc":{"start":{"line":644,"column":2},"end":{"line":651,"column":null}},"type":"if","locations":[{"start":{"line":644,"column":2},"end":{"line":651,"column":null}},{"start":{},"end":{}}],"line":644},"53":{"loc":{"start":{"line":644,"column":6},"end":{"line":644,"column":75}},"type":"binary-expr","locations":[{"start":{"line":644,"column":6},"end":{"line":644,"column":24}},{"start":{"line":644,"column":24},"end":{"line":644,"column":53}},{"start":{"line":644,"column":53},"end":{"line":644,"column":75}}],"line":644},"54":{"loc":{"start":{"line":658,"column":2},"end":{"line":665,"column":null}},"type":"if","locations":[{"start":{"line":658,"column":2},"end":{"line":665,"column":null}},{"start":{},"end":{}}],"line":658},"55":{"loc":{"start":{"line":658,"column":6},"end":{"line":658,"column":97}},"type":"binary-expr","locations":[{"start":{"line":658,"column":6},"end":{"line":658,"column":43}},{"start":{"line":658,"column":43},"end":{"line":658,"column":97}}],"line":658},"56":{"loc":{"start":{"line":669,"column":2},"end":{"line":676,"column":null}},"type":"if","locations":[{"start":{"line":669,"column":2},"end":{"line":676,"column":null}},{"start":{},"end":{}}],"line":669},"57":{"loc":{"start":{"line":669,"column":6},"end":{"line":669,"column":55}},"type":"binary-expr","locations":[{"start":{"line":669,"column":6},"end":{"line":669,"column":35}},{"start":{"line":669,"column":35},"end":{"line":669,"column":55}}],"line":669},"58":{"loc":{"start":{"line":681,"column":2},"end":{"line":688,"column":null}},"type":"if","locations":[{"start":{"line":681,"column":2},"end":{"line":688,"column":null}},{"start":{},"end":{}}],"line":681},"59":{"loc":{"start":{"line":681,"column":6},"end":{"line":681,"column":61}},"type":"binary-expr","locations":[{"start":{"line":681,"column":6},"end":{"line":681,"column":39}},{"start":{"line":681,"column":39},"end":{"line":681,"column":61}}],"line":681},"60":{"loc":{"start":{"line":700,"column":2},"end":{"line":711,"column":null}},"type":"if","locations":[{"start":{"line":700,"column":2},"end":{"line":711,"column":null}},{"start":{},"end":{}}],"line":700},"61":{"loc":{"start":{"line":701,"column":4},"end":{"line":703,"column":null}},"type":"binary-expr","locations":[{"start":{"line":701,"column":4},"end":{"line":701,"column":null}},{"start":{"line":702,"column":7},"end":{"line":702,"column":null}},{"start":{"line":703,"column":7},"end":{"line":703,"column":null}}],"line":701},"62":{"loc":{"start":{"line":712,"column":2},"end":{"line":719,"column":null}},"type":"if","locations":[{"start":{"line":712,"column":2},"end":{"line":719,"column":null}},{"start":{},"end":{}}],"line":712},"63":{"loc":{"start":{"line":712,"column":6},"end":{"line":712,"column":71}},"type":"binary-expr","locations":[{"start":{"line":712,"column":6},"end":{"line":712,"column":41}},{"start":{"line":712,"column":41},"end":{"line":712,"column":71}}],"line":712},"64":{"loc":{"start":{"line":724,"column":2},"end":{"line":734,"column":null}},"type":"if","locations":[{"start":{"line":724,"column":2},"end":{"line":734,"column":null}},{"start":{},"end":{}}],"line":724},"65":{"loc":{"start":{"line":725,"column":4},"end":{"line":726,"column":null}},"type":"binary-expr","locations":[{"start":{"line":725,"column":4},"end":{"line":725,"column":null}},{"start":{"line":726,"column":7},"end":{"line":726,"column":null}}],"line":725},"66":{"loc":{"start":{"line":748,"column":2},"end":{"line":755,"column":null}},"type":"if","locations":[{"start":{"line":748,"column":2},"end":{"line":755,"column":null}},{"start":{},"end":{}}],"line":748},"67":{"loc":{"start":{"line":748,"column":6},"end":{"line":748,"column":80}},"type":"binary-expr","locations":[{"start":{"line":748,"column":6},"end":{"line":748,"column":52}},{"start":{"line":748,"column":52},"end":{"line":748,"column":80}}],"line":748},"68":{"loc":{"start":{"line":759,"column":2},"end":{"line":766,"column":null}},"type":"if","locations":[{"start":{"line":759,"column":2},"end":{"line":766,"column":null}},{"start":{},"end":{}}],"line":759},"69":{"loc":{"start":{"line":759,"column":6},"end":{"line":759,"column":102}},"type":"binary-expr","locations":[{"start":{"line":759,"column":6},"end":{"line":759,"column":39}},{"start":{"line":759,"column":39},"end":{"line":759,"column":70}},{"start":{"line":759,"column":70},"end":{"line":759,"column":102}}],"line":759},"70":{"loc":{"start":{"line":767,"column":2},"end":{"line":774,"column":null}},"type":"if","locations":[{"start":{"line":767,"column":2},"end":{"line":774,"column":null}},{"start":{},"end":{}}],"line":767},"71":{"loc":{"start":{"line":778,"column":2},"end":{"line":790,"column":null}},"type":"if","locations":[{"start":{"line":778,"column":2},"end":{"line":790,"column":null}},{"start":{},"end":{}}],"line":778},"72":{"loc":{"start":{"line":779,"column":4},"end":{"line":782,"column":null}},"type":"binary-expr","locations":[{"start":{"line":779,"column":4},"end":{"line":779,"column":null}},{"start":{"line":780,"column":7},"end":{"line":780,"column":null}},{"start":{"line":781,"column":7},"end":{"line":781,"column":null}},{"start":{"line":782,"column":7},"end":{"line":782,"column":null}}],"line":779},"73":{"loc":{"start":{"line":809,"column":4},"end":{"line":809,"column":null}},"type":"cond-expr","locations":[{"start":{"line":809,"column":11},"end":{"line":809,"column":22}},{"start":{"line":809,"column":22},"end":{"line":809,"column":null}}],"line":809},"74":{"loc":{"start":{"line":815,"column":2},"end":{"line":817,"column":null}},"type":"if","locations":[{"start":{"line":815,"column":2},"end":{"line":817,"column":null}},{"start":{},"end":{}}],"line":815},"75":{"loc":{"start":{"line":823,"column":2},"end":{"line":833,"column":null}},"type":"if","locations":[{"start":{"line":823,"column":2},"end":{"line":833,"column":null}},{"start":{},"end":{}}],"line":823},"76":{"loc":{"start":{"line":824,"column":4},"end":{"line":830,"column":null}},"type":"binary-expr","locations":[{"start":{"line":824,"column":4},"end":{"line":824,"column":null}},{"start":{"line":825,"column":7},"end":{"line":825,"column":null}},{"start":{"line":826,"column":7},"end":{"line":826,"column":null}},{"start":{"line":827,"column":7},"end":{"line":827,"column":null}},{"start":{"line":828,"column":7},"end":{"line":828,"column":null}},{"start":{"line":829,"column":7},"end":{"line":829,"column":null}},{"start":{"line":830,"column":7},"end":{"line":830,"column":null}}],"line":824},"77":{"loc":{"start":{"line":830,"column":34},"end":{"line":830,"column":87}},"type":"binary-expr","locations":[{"start":{"line":830,"column":34},"end":{"line":830,"column":52}},{"start":{"line":830,"column":52},"end":{"line":830,"column":71}},{"start":{"line":830,"column":71},"end":{"line":830,"column":87}}],"line":830},"78":{"loc":{"start":{"line":843,"column":2},"end":{"line":843,"column":null}},"type":"if","locations":[{"start":{"line":843,"column":2},"end":{"line":843,"column":null}},{"start":{},"end":{}}],"line":843},"79":{"loc":{"start":{"line":848,"column":4},"end":{"line":854,"column":null}},"type":"if","locations":[{"start":{"line":848,"column":4},"end":{"line":854,"column":null}},{"start":{},"end":{}}],"line":848},"80":{"loc":{"start":{"line":849,"column":6},"end":{"line":850,"column":null}},"type":"binary-expr","locations":[{"start":{"line":849,"column":6},"end":{"line":849,"column":null}},{"start":{"line":850,"column":9},"end":{"line":850,"column":null}}],"line":849},"81":{"loc":{"start":{"line":856,"column":2},"end":{"line":856,"column":null}},"type":"if","locations":[{"start":{"line":856,"column":2},"end":{"line":856,"column":null}},{"start":{},"end":{}}],"line":856},"82":{"loc":{"start":{"line":864,"column":2},"end":{"line":874,"column":null}},"type":"if","locations":[{"start":{"line":864,"column":2},"end":{"line":874,"column":null}},{"start":{},"end":{}}],"line":864},"83":{"loc":{"start":{"line":865,"column":4},"end":{"line":871,"column":null}},"type":"binary-expr","locations":[{"start":{"line":865,"column":4},"end":{"line":865,"column":null}},{"start":{"line":866,"column":7},"end":{"line":866,"column":null}},{"start":{"line":867,"column":7},"end":{"line":867,"column":null}},{"start":{"line":868,"column":7},"end":{"line":868,"column":null}},{"start":{"line":869,"column":7},"end":{"line":869,"column":null}},{"start":{"line":870,"column":7},"end":{"line":870,"column":null}},{"start":{"line":871,"column":7},"end":{"line":871,"column":null}}],"line":865},"84":{"loc":{"start":{"line":875,"column":2},"end":{"line":881,"column":null}},"type":"if","locations":[{"start":{"line":875,"column":2},"end":{"line":881,"column":null}},{"start":{},"end":{}}],"line":875},"85":{"loc":{"start":{"line":887,"column":4},"end":{"line":889,"column":null}},"type":"if","locations":[{"start":{"line":887,"column":4},"end":{"line":889,"column":null}},{"start":{},"end":{}}],"line":887},"86":{"loc":{"start":{"line":887,"column":8},"end":{"line":887,"column":95}},"type":"binary-expr","locations":[{"start":{"line":887,"column":8},"end":{"line":887,"column":37}},{"start":{"line":887,"column":37},"end":{"line":887,"column":95}}],"line":887},"87":{"loc":{"start":{"line":900,"column":4},"end":{"line":910,"column":null}},"type":"if","locations":[{"start":{"line":900,"column":4},"end":{"line":910,"column":null}},{"start":{},"end":{}}],"line":900},"88":{"loc":{"start":{"line":901,"column":6},"end":{"line":907,"column":null}},"type":"binary-expr","locations":[{"start":{"line":901,"column":6},"end":{"line":901,"column":null}},{"start":{"line":902,"column":9},"end":{"line":902,"column":null}},{"start":{"line":903,"column":9},"end":{"line":903,"column":null}},{"start":{"line":904,"column":9},"end":{"line":904,"column":null}},{"start":{"line":905,"column":9},"end":{"line":905,"column":null}},{"start":{"line":905,"column":25},"end":{"line":906,"column":null}},{"start":{"line":907,"column":10},"end":{"line":907,"column":31}},{"start":{"line":907,"column":31},"end":{"line":907,"column":null}}],"line":901},"89":{"loc":{"start":{"line":913,"column":4},"end":{"line":913,"column":null}},"type":"if","locations":[{"start":{"line":913,"column":4},"end":{"line":913,"column":null}},{"start":{},"end":{}}],"line":913},"90":{"loc":{"start":{"line":917,"column":4},"end":{"line":923,"column":null}},"type":"if","locations":[{"start":{"line":917,"column":4},"end":{"line":923,"column":null}},{"start":{},"end":{}}],"line":917},"91":{"loc":{"start":{"line":917,"column":8},"end":{"line":917,"column":94}},"type":"binary-expr","locations":[{"start":{"line":917,"column":8},"end":{"line":917,"column":52}},{"start":{"line":917,"column":52},"end":{"line":917,"column":94}}],"line":917},"92":{"loc":{"start":{"line":925,"column":4},"end":{"line":927,"column":null}},"type":"if","locations":[{"start":{"line":925,"column":4},"end":{"line":927,"column":null}},{"start":{},"end":{}}],"line":925},"93":{"loc":{"start":{"line":925,"column":8},"end":{"line":925,"column":103}},"type":"binary-expr","locations":[{"start":{"line":925,"column":8},"end":{"line":925,"column":44}},{"start":{"line":925,"column":44},"end":{"line":925,"column":103}}],"line":925},"94":{"loc":{"start":{"line":931,"column":4},"end":{"line":937,"column":null}},"type":"if","locations":[{"start":{"line":931,"column":4},"end":{"line":937,"column":null}},{"start":{},"end":{}}],"line":931},"95":{"loc":{"start":{"line":932,"column":6},"end":{"line":934,"column":null}},"type":"binary-expr","locations":[{"start":{"line":932,"column":6},"end":{"line":932,"column":null}},{"start":{"line":933,"column":9},"end":{"line":933,"column":null}},{"start":{"line":934,"column":9},"end":{"line":934,"column":null}}],"line":932},"96":{"loc":{"start":{"line":940,"column":2},"end":{"line":940,"column":null}},"type":"if","locations":[{"start":{"line":940,"column":2},"end":{"line":940,"column":null}},{"start":{},"end":{}}],"line":940},"97":{"loc":{"start":{"line":950,"column":9},"end":{"line":950,"column":null}},"type":"cond-expr","locations":[{"start":{"line":950,"column":63},"end":{"line":950,"column":70}},{"start":{"line":950,"column":70},"end":{"line":950,"column":null}}],"line":950},"98":{"loc":{"start":{"line":950,"column":9},"end":{"line":950,"column":63}},"type":"binary-expr","locations":[{"start":{"line":950,"column":9},"end":{"line":950,"column":40}},{"start":{"line":950,"column":40},"end":{"line":950,"column":63}}],"line":950},"99":{"loc":{"start":{"line":958,"column":2},"end":{"line":965,"column":null}},"type":"if","locations":[{"start":{"line":958,"column":2},"end":{"line":965,"column":null}},{"start":{},"end":{}}],"line":958},"100":{"loc":{"start":{"line":958,"column":6},"end":{"line":958,"column":27}},"type":"binary-expr","locations":[{"start":{"line":958,"column":6},"end":{"line":958,"column":16}},{"start":{"line":958,"column":16},"end":{"line":958,"column":27}}],"line":958},"101":{"loc":{"start":{"line":969,"column":4},"end":{"line":969,"column":null}},"type":"if","locations":[{"start":{"line":969,"column":4},"end":{"line":969,"column":null}},{"start":{},"end":{}}],"line":969},"102":{"loc":{"start":{"line":1002,"column":2},"end":{"line":1009,"column":null}},"type":"if","locations":[{"start":{"line":1002,"column":2},"end":{"line":1009,"column":null}},{"start":{},"end":{}}],"line":1002},"103":{"loc":{"start":{"line":1012,"column":4},"end":{"line":1027,"column":null}},"type":"if","locations":[{"start":{"line":1012,"column":4},"end":{"line":1027,"column":null}},{"start":{},"end":{}}],"line":1012},"104":{"loc":{"start":{"line":1013,"column":6},"end":{"line":1019,"column":null}},"type":"binary-expr","locations":[{"start":{"line":1013,"column":6},"end":{"line":1013,"column":null}},{"start":{"line":1014,"column":9},"end":{"line":1014,"column":null}},{"start":{"line":1015,"column":9},"end":{"line":1015,"column":null}},{"start":{"line":1016,"column":9},"end":{"line":1016,"column":null}},{"start":{"line":1017,"column":9},"end":{"line":1017,"column":null}},{"start":{"line":1018,"column":9},"end":{"line":1018,"column":null}},{"start":{"line":1019,"column":9},"end":{"line":1019,"column":null}}],"line":1013},"105":{"loc":{"start":{"line":1034,"column":2},"end":{"line":1034,"column":null}},"type":"default-arg","locations":[{"start":{"line":1034,"column":43},"end":{"line":1034,"column":null}}],"line":1034},"106":{"loc":{"start":{"line":1050,"column":2},"end":{"line":1056,"column":null}},"type":"if","locations":[{"start":{"line":1050,"column":2},"end":{"line":1056,"column":null}},{"start":{},"end":{}}],"line":1050},"107":{"loc":{"start":{"line":1058,"column":2},"end":{"line":1064,"column":null}},"type":"if","locations":[{"start":{"line":1058,"column":2},"end":{"line":1064,"column":null}},{"start":{},"end":{}}],"line":1058},"108":{"loc":{"start":{"line":1069,"column":4},"end":{"line":1069,"column":null}},"type":"if","locations":[{"start":{"line":1069,"column":4},"end":{"line":1069,"column":null}},{"start":{},"end":{}}],"line":1069},"109":{"loc":{"start":{"line":1082,"column":4},"end":{"line":1082,"column":null}},"type":"if","locations":[{"start":{"line":1082,"column":4},"end":{"line":1082,"column":null}},{"start":{},"end":{}}],"line":1082},"110":{"loc":{"start":{"line":1091,"column":2},"end":{"line":1097,"column":null}},"type":"if","locations":[{"start":{"line":1091,"column":2},"end":{"line":1097,"column":null}},{"start":{},"end":{}}],"line":1091},"111":{"loc":{"start":{"line":1100,"column":25},"end":{"line":1100,"column":null}},"type":"binary-expr","locations":[{"start":{"line":1100,"column":25},"end":{"line":1100,"column":53}},{"start":{"line":1100,"column":53},"end":{"line":1100,"column":null}}],"line":1100},"112":{"loc":{"start":{"line":1101,"column":4},"end":{"line":1114,"column":null}},"type":"if","locations":[{"start":{"line":1101,"column":4},"end":{"line":1114,"column":null}},{"start":{},"end":{}}],"line":1101},"113":{"loc":{"start":{"line":1102,"column":6},"end":{"line":1106,"column":null}},"type":"binary-expr","locations":[{"start":{"line":1102,"column":6},"end":{"line":1102,"column":null}},{"start":{"line":1103,"column":9},"end":{"line":1103,"column":null}},{"start":{"line":1104,"column":9},"end":{"line":1104,"column":null}},{"start":{"line":1105,"column":9},"end":{"line":1105,"column":null}},{"start":{"line":1106,"column":9},"end":{"line":1106,"column":null}}],"line":1102},"114":{"loc":{"start":{"line":1116,"column":4},"end":{"line":1116,"column":null}},"type":"if","locations":[{"start":{"line":1116,"column":4},"end":{"line":1116,"column":null}},{"start":{},"end":{}}],"line":1116},"115":{"loc":{"start":{"line":1117,"column":4},"end":{"line":1123,"column":null}},"type":"if","locations":[{"start":{"line":1117,"column":4},"end":{"line":1123,"column":null}},{"start":{},"end":{}}],"line":1117},"116":{"loc":{"start":{"line":1126,"column":43},"end":{"line":1126,"column":81}},"type":"binary-expr","locations":[{"start":{"line":1126,"column":43},"end":{"line":1126,"column":70}},{"start":{"line":1126,"column":70},"end":{"line":1126,"column":81}}],"line":1126},"117":{"loc":{"start":{"line":1131,"column":4},"end":{"line":1131,"column":null}},"type":"if","locations":[{"start":{"line":1131,"column":4},"end":{"line":1131,"column":null}},{"start":{},"end":{}}],"line":1131},"118":{"loc":{"start":{"line":1141,"column":2},"end":{"line":1150,"column":null}},"type":"if","locations":[{"start":{"line":1141,"column":2},"end":{"line":1150,"column":null}},{"start":{},"end":{}}],"line":1141},"119":{"loc":{"start":{"line":1142,"column":4},"end":{"line":1143,"column":null}},"type":"binary-expr","locations":[{"start":{"line":1142,"column":4},"end":{"line":1142,"column":null}},{"start":{"line":1143,"column":7},"end":{"line":1143,"column":null}}],"line":1142},"120":{"loc":{"start":{"line":1154,"column":2},"end":{"line":1160,"column":null}},"type":"if","locations":[{"start":{"line":1154,"column":2},"end":{"line":1160,"column":null}},{"start":{},"end":{}}],"line":1154},"121":{"loc":{"start":{"line":1162,"column":42},"end":{"line":1162,"column":79}},"type":"binary-expr","locations":[{"start":{"line":1162,"column":42},"end":{"line":1162,"column":68}},{"start":{"line":1162,"column":68},"end":{"line":1162,"column":79}}],"line":1162},"122":{"loc":{"start":{"line":1163,"column":2},"end":{"line":1170,"column":null}},"type":"if","locations":[{"start":{"line":1163,"column":2},"end":{"line":1170,"column":null}},{"start":{},"end":{}}],"line":1163},"123":{"loc":{"start":{"line":1176,"column":2},"end":{"line":1183,"column":null}},"type":"if","locations":[{"start":{"line":1176,"column":2},"end":{"line":1183,"column":null}},{"start":{},"end":{}}],"line":1176},"124":{"loc":{"start":{"line":1188,"column":4},"end":{"line":1188,"column":null}},"type":"if","locations":[{"start":{"line":1188,"column":4},"end":{"line":1188,"column":null}},{"start":{},"end":{}}],"line":1188},"125":{"loc":{"start":{"line":1201,"column":42},"end":{"line":1201,"column":77}},"type":"binary-expr","locations":[{"start":{"line":1201,"column":42},"end":{"line":1201,"column":66}},{"start":{"line":1201,"column":66},"end":{"line":1201,"column":77}}],"line":1201},"126":{"loc":{"start":{"line":1202,"column":4},"end":{"line":1209,"column":null}},"type":"if","locations":[{"start":{"line":1202,"column":4},"end":{"line":1209,"column":null}},{"start":{},"end":{}}],"line":1202},"127":{"loc":{"start":{"line":1212,"column":4},"end":{"line":1223,"column":null}},"type":"if","locations":[{"start":{"line":1212,"column":4},"end":{"line":1223,"column":null}},{"start":{},"end":{}}],"line":1212},"128":{"loc":{"start":{"line":1213,"column":6},"end":{"line":1215,"column":null}},"type":"binary-expr","locations":[{"start":{"line":1213,"column":6},"end":{"line":1213,"column":null}},{"start":{"line":1214,"column":9},"end":{"line":1214,"column":null}},{"start":{"line":1215,"column":9},"end":{"line":1215,"column":null}}],"line":1213}},"s":{"0":1,"1":1,"2":1,"3":1,"4":1,"5":1,"6":1,"7":1,"8":1,"9":1,"10":1,"11":1,"12":1,"13":65,"14":65,"15":65,"16":65,"17":65,"18":65,"19":65,"20":2,"21":78,"22":78,"23":0,"24":936,"25":65,"26":23,"27":23,"28":0,"29":23,"30":10,"31":10,"32":20,"33":20,"34":10,"35":10,"36":10,"37":0,"38":68,"39":63,"40":5,"41":5,"42":5,"43":5,"44":2,"45":2,"46":2,"47":2,"48":2,"49":2,"50":0,"51":2,"52":2,"53":2,"54":1,"55":80,"56":80,"57":2,"58":78,"59":78,"60":1,"61":77,"62":77,"63":18,"64":1,"65":76,"66":17,"67":17,"68":2,"69":74,"70":6,"71":0,"72":6,"73":231,"74":34,"75":34,"76":34,"77":3,"78":25,"79":46,"80":46,"81":46,"82":24,"83":24,"84":1,"85":23,"86":23,"87":23,"88":23,"89":24,"90":24,"91":24,"92":22,"93":2,"94":20,"95":2,"96":1,"97":4,"98":114,"99":112,"100":2,"101":173,"102":170,"103":3,"104":3,"105":3,"106":3,"107":3,"108":3,"109":0,"110":3,"111":3,"112":3,"113":3,"114":2,"115":2,"116":3,"117":3,"118":1,"119":1,"120":0,"121":0,"122":3,"123":0,"124":135,"125":128,"126":7,"127":3,"128":4,"129":58,"130":58,"131":58,"132":58,"133":17,"134":41,"135":41,"136":41,"137":25,"138":25,"139":25,"140":25,"141":25,"142":25,"143":55,"144":55,"145":0,"146":0,"147":0,"148":0,"149":23,"150":23,"151":23,"152":23,"153":46,"154":0,"155":46,"156":46,"157":43,"158":43,"159":3,"160":1,"161":2,"162":22,"163":20,"164":90,"165":23,"166":34,"167":34,"168":34,"169":24,"170":20,"171":20,"172":20,"173":1,"174":18,"175":18,"176":18,"177":17,"178":17,"179":17,"180":17,"181":29,"182":29,"183":29,"184":29,"185":29,"186":2,"187":1,"188":1,"189":27,"190":27,"191":1,"192":26,"193":26,"194":26,"195":1,"196":25,"197":25,"198":25,"199":25,"200":13,"201":13,"202":13,"203":13,"204":25,"205":13,"206":13,"207":13,"208":12,"209":12,"210":1,"211":0,"212":1,"213":69,"214":3,"215":66,"216":66,"217":66,"218":66,"219":310,"220":1,"221":144,"222":1,"223":143
[...]
:28,"s:176:2:176:Infinity":29,"f:179:9:179:Infinity":6,"s:184:33:184:Infinity":30,"s:185:2:192:Infinity":31,"s:186:23:186:Infinity":32,"b:187:4:190:Infinity:undefined:undefined:undefined:undefined":7,"s:187:4:190:Infinity":33,"b:187:8:187:22:187:22:187:47:187:47:187:87":8,"s:188:6:188:Infinity":34,"s:189:6:189:Infinity":35,"s:191:4:191:Infinity":36,"s:193:2:193:Infinity":37,"f:196:9:196:21":7,"b:197:2:197:Infinity:undefined:undefined:undefined:undefined":9,"s:197:2:197:Infinity":38,"s:197:27:197:Infinity":39,"f:197:36:197:46":8,"s:198:2:225:Infinity":40,"s:199:19:199:Infinity":41,"s:200:23:200:Infinity":42,"b:201:4:204:Infinity:undefined:undefined:undefined:undefined":10,"s:201:4:204:Infinity":43,"s:202:6:202:Infinity":44,"s:203:6:203:Infinity":45,"f:203:42:203:52":9,"s:205:10:205:Infinity":46,"f:205:10:205:41":10,"s:205:41:205:Infinity":47,"s:206:4:206:Infinity":48,"b:207:4:207:Infinity:undefined:undefined:undefined:undefined":11,"s:207:4:207:Infinity":49,"s:207:55:207:Infinity":50,"s:208:4:217:Infinity":51,"f:210:6:210:16":11,"s:211:8:215:Infinity":52,"s:212:10:212:Infinity":53,"s:219:4:224:Infinity":54,"f:228:9:228:Infinity":12,"s:233:2:260:Infinity":55,"b:234:4:236:Infinity:undefined:undefined:undefined:undefined":12,"s:234:4:236:Infinity":56,"b:234:8:234:26:234:26:234:55:234:55:234:77":13,"s:235:6:235:Infinity":57,"s:237:22:237:Infinity":58,"b:238:4:240:Infinity:undefined:undefined:undefined:undefined":14,"s:238:4:240:Infinity":59,"b:238:8:238:42:238:42:238:62":15,"s:239:6:239:Infinity":60,"s:241:17:241:Infinity":61,"b:242:4:244:Infinity:undefined:undefined:undefined:undefined":16,"s:242:4:244:Infinity":62,"f:242:13:242:19":13,"s:242:27:242:80":63,"b:242:27:242:54:242:54:242:80":17,"s:243:6:243:Infinity":64,"s:245:4:250:Infinity":65,"s:246:25:246:Infinity":66,"b:247:6:249:Infinity:undefined:undefined:undefined:undefined":18,"s:247:6:249:Infinity":67,"b:247:10:247:25:247:25:247:53:247:53:247:77":19,"s:248:8:248:Infinity":68,"s:251:4:251:Infinity":69,"b:253:4:253:Infinity:undefined:undefined:undefined:undefined":20,"s:253:4:253:Infinity":70,"s:253:40:253:Infinity":71,"s:254:4:259:Infinity":72,"f:263:9:263:19":14,"s:264:2:264:Infinity":73,"f:267:9:267:32":15,"s:268:17:268:Infinity":74,"s:269:27:269:Infinity":75,"b:269:27:269:68:269:68:269:Infinity":21,"b:270:2:276:Infinity:undefined:undefined:undefined:undefined":22,"s:270:2:276:Infinity":76,"b:270:6:270:46:270:46:270:82:270:82:270:115":23,"s:271:4:275:Infinity":77,"s:277:2:280:Infinity":78,"f:283:9:283:32":16,"s:284:17:288:Infinity":79,"s:289:17:297:Infinity":80,"s:298:2:298:Infinity":81,"f:301:9:301:30":17,"s:302:2:328:Infinity":82,"b:303:4:305:Infinity:undefined:undefined:undefined:undefined":24,"s:303:4:305:Infinity":83,"b:303:8:303:27:303:27:303:56:303:56:303:86":25,"s:304:6:304:Infinity":84,"s:306:21:306:Infinity":85,"s:307:17:307:Infinity":86,"s:308:33:308:Infinity":87,"s:309:4:319:Infinity":88,"b:309:11:309:22:309:22:309:42":26,"s:310:6:310:Infinity":89,"s:311:25:311:Infinity":90,"b:312:6:317:Infinity:undefined:undefined:undefined:undefined":27,"s:312:6:317:Infinity":91,"b:313:8:315:Infinity:undefined:undefined:undefined:undefined":28,"s:313:8:315:Infinity":92,"b:313:12:313:40:313:40:313:80":29,"s:314:10:314:Infinity":93,"s:316:8:316:Infinity":94,"s:318:6:318:Infinity":95,"s:320:4:320:Infinity":96,"s:322:4:327:Infinity":97,"f:331:9:331:24":18,"b:332:2:332:Infinity:undefined:undefined:undefined:undefined":30,"s:332:2:332:Infinity":98,"b:332:6:332:17:332:17:332:64":31,"s:332:64:332:Infinity":99,"s:333:2:338:Infinity":100,"f:341:9:341:Infinity":19,"b:346:2:346:Infinity:undefined:undefined:undefined:undefined":32,"s:346:2:346:Infinity":101,"s:346:15:346:Infinity":102,"s:347:2:368:Infinity":103,"f:347:13:347:22":20,"s:348:18:348:Infinity":104,"s:349:10:349:Infinity":105,"f:349:10:349:32":21,"s:349:32:349:Infinity":106,"s:350:10:355:Infinity":107,"f:350:10:350:20":22,"b:351:6:351:Infinity:undefined:undefined:undefined:undefined":33,"s:351:6:351:Infinity":108,"s:351:19:351:Infinity":109,"s:352:6:352:Infinity":110,"s:353:6:353:Infinity":111,"s:354:6:354:Infinity":112,"s:356:10:361:Infinity":113,"f:356:10:356:32":23,"s:356:32:361:Infinity":114,"f:356:32:356:45":24,"s:356:45:361:6":115,"s:362:4:362:Infinity":116,"s:363:4:366:Infinity":117,"f:363:26:363:Infinity":25,"s:364:17:364:Infinity":118,"f:364:17:364:30":26,"s:364:30:364:44":119,"f:364:44:364:Infinity":27,"s:365:26:365:Infinity":120,"f:365:26:365:39":28,"s:365:39:365:52":121,"b:367:4:367:Infinity:undefined:undefined:undefined:undefined":34,"s:367:4:367:Infinity":122,"s:367:55:367:Infinity":123,"f:371:9:371:32":29,"b:372:2:372:Infinity:undefined:undefined:undefined:undefined":35,"s:372:2:372:Infinity":124,"s:372:27:372:Infinity":125,"b:373:2:379:Infinity:undefined:undefined:undefined:undefined":36,"s:373:2:379:Infinity":126,"b:373:6:373:39:373:39:373:62":37,"s:374:4:378:Infinity":127,"s:380:2:380:Infinity":128,"f:383:9:383:30":30,"s:384:21:384:Infinity":129,"s:385:50:393:Infinity":130,"s:394:2:394:Infinity":131,"b:394:9:394:30:394:30:394:Infinity":38,"f:397:9:397:19":31,"s:398:2:398:Infinity":132,"f:401:9:401:19":32,"s:402:2:402:Infinity":133,"f:405:9:405:26":33,"s:406:15:406:Infinity":134,"s:407:2:407:Infinity":135,"s:408:2:408:Infinity":136,"f:411:9:411:22":34,"s:412:20:412:Infinity":137,"s:413:15:413:Infinity":138,"s:414:2:416:Infinity":139,"s:414:20:414:23":140,"s:415:4:415:Infinity":141,"s:417:2:417:Infinity":142,"f:420:15:420:Infinity":35,"s:426:2:439:Infinity":143,"s:427:4:427:Infinity":144,"b:429:4:429:Infinity:undefined:undefined:undefined:undefined":39,"s:429:4:429:Infinity":145,"s:429:40:429:Infinity":146,"s:430:4:430:Infinity":147,"s:431:4:438:Infinity":148,"b:435:10:435:Infinity:436:10:436:Infinity":40,"f:447:9:447:Infinity":36,"b:449:41:449:Infinity":41,"s:451:20:451:Infinity":149,"s:452:18:452:Infinity":150,"f:452:48:452:54":37,"s:452:70:452:104":151,"s:453:2:482:Infinity":152,"b:454:4:461:Infinity:undefined:undefined:undefined:undefined":42,"s:454:4:461:Infinity":153,"b:454:8:454:54:454:54:454:105":43,"s:455:6:460:Infinity":154,"s:462:21:462:Infinity":155,"b:463:4:466:Infinity:undefined:undefined:undefined:undefined":44,"s:463:4:466:Infinity":156,"s:464:6:464:Infinity":157,"s:465:6:465:Infinity":158,"b:467:4:480:Infinity:undefined:undefined:undefined:undefined":45,"s:467:4:480:Infinity":159,"b:468:6:468:Infinity:469:9:469:Infinity:470:9:470:Infinity:471:9:471:Infinity:472:9:472:Infinity":46,"s:474:6:479:Infinity":160,"s:481:4:481:Infinity":161,"s:483:2:485:Infinity":162,"f:483:33:483:39":38,"s:484:4:484:Infinity":163,"f:488:9:488:28":39,"s:489:2:489:Infinity":164,"f:492:9:492:24":40,"s:493:2:498:Infinity":165,"f:502:22:502:Infinity":41,"b:505:43:505:Infinity":47,"s:507:28:507:Infinity":166,"s:508:2:516:Infinity":167,"s:509:4:513:Infinity":168,"s:515:4:515:Infinity":169,"f:519:15:519:Infinity":42,"s:524:2:524:Infinity":170,"s:526:2:535:Infinity":171,"s:527:4:527:Infinity":172,"s:529:4:534:Infinity":173,"s:536:17:536:Infinity":174,"s:537:23:537:Infinity":175,"s:538:26:542:Infinity":176,"s:543:14:543:Infinity":177,"s:544:54:544:Infinity":178,"s:545:20:545:Infinity":179,"s:546:2:600:Infinity":180,"s:547:4:547:Infinity":181,"s:548:20:548:Infinity":182,"s:550:4:568:Infinity":183,"s:551:6:559:Infinity":184,"f:552:26:552:37":43,"s:552:37:556:26":185,"b:561:6:561:Infinity:undefined:undefined:undefined:undefined":48,"s:561:6:561:Infinity":186,"s:561:42:561:Infinity":187,"s:562:6:567:Infinity":188,"s:569:23:569:Infinity":189,"b:570:4:577:Infinity:undefined:undefined:undefined:undefined":49,"s:570:4:577:Infinity":190,"s:571:6:576:Infinity":191,"s:578:21:578:Infinity":192,"s:579:4:588:Infinity":193,"s:580:6:580:Infinity":194,"s:582:6:587:Infinity":195,"s:589:17:589:Infinity":196,"s:590:18:590:Infinity":197,"s:591:4:591:Infinity":198,"s:592:4:599:Infinity":199,"s:601:19:611:Infinity":200,"s:612:2:612:Infinity":201,"s:613:2:613:Infinity":202,"s:614:2:620:Infinity":203,"s:615:4:619:Infinity":204,"s:621:27:621:Infinity":205,"s:622:2:640:Infinity":206,"s:623:18:629:Infinity":207,"b:625:44:625:54:625:54:625:Infinity":50,"s:630:4:630:Infinity":208,"s:631:4:631:Infinity":209,"b:633:4:633:Infinity:undefined:undefined:undefined:undefined":51,"s:633:4:633:Infinity":210,"s:633:40:633:Infinity":211,"s:634:4:639:Infinity":212,"f:643:9:643:23":44,"b:644:2:651:Infinity:undefined:undefined:undefined:undefined":52,"s:644:2:651:Infinity":213,"b:644:6:644:24:644:24:644:53:644:53:644:75":53,"s:645:4:650:Infinity":214,"s:652:2:652:Infinity":215,"f:655:9:655:26":45,"s:656:17:656:Infinity":216,"s:657:19:657:Infinity":217,"b:658:2:665:Infinity:undefined:undefined:undefined:undefined":54,"s:658:2:665:Infinity":218,"b:658:6:658:43:658:43:658:97":55,"f:658:50:658:56":46,"s:658:71:658:94":219,"s:659:4:664:Infinity":220,"f:668:9:668:23":47,"b:669:2:676:Infinity:undefined:undefined:undefined:undefined":56,"s:669:2:676:Infinity":221,"b:669:6:669:35:669:35:669:55":57,"s:670:4:675:Infinity":222,"s:677:2:677:Infinity":223,"f:680:9:680:25":48,"b:681:2:688:Infinity:undefined:undefined:undefined:undefined":58,"s:681:2:688:Infinity":224,"b:681:6:681:39:681:39:681:61":59,"s:682:4:687:Infinity":225,"s:689:2:689:Infinity":226,"f:692:9:692:27":49,"s:693:15:693:Infinity":227,"s:694:17:694:Infinity":228,"s:695:2:695:Infinity":229,"s:696:22:696:Infinity":230,"s:697:18:697:Infinity":231,"s:698:19:698:Infinity":232,"s:699:20:699:Infinity":233,"b:700:2:711:Infinity:undefined:undefined:undefined:undefined":60,"s:700:2:711:Infinity":234,"b:701:4:701:Infinity:702:7:702:Infinity:703:7:703:Infinity":61,"s:705:4:710:Infinity":235,"b:712:2:719:Infinity:undefined:undefined:undefined:undefined":62,"s:712:2:719:Infinity":236,"b:712:6:712:41:712:41:712:71":63,"s:713:4:718:Infinity":237,"s:720:19:722:Infinity":238,"f:720:35:720:40":50,"s:721:4:721:Infinity":239,"s:723:17:723:Infinity":240,"b:724:2:734:Infinity:undefined:undefined:undefined:undefined":64,"s:724:2:734:Infinity":241,"b:725:4:725:Infinity:726:7:726:Infinity":65,"f:726:16:726:22":51,"s:726:46:726:76":242,"s:728:4:733:Infinity":243,"s:735:2:742:Infinity":244,"f:745:9:745:23":52,"s:746:17:746:Infinity":245,"s:747:2:747:Infinity":246,"b:748:2:755:Infinity:undefined:undefined:undefined:undefined":66,"s:748:2:755:Infinity":247,"b:748:6:748:52:748:52:748:80":67,"s:749:4:754:Infinity":248,"s:756:18:756:Infinity":249,"s:757:2:757:Infinity":250,"s:758:17:758:Infinity":251,"b:759:2:766:Infinity:undefined:undefined:undefined:undefined":68,"s:759:2:766:Infinity":252,"b:759:6:759:39:759:39:759:70:759:70:759:102":69,"s:760:4:765:Infinity":253,"b:767:2:774:Infinity:undefined:undefined:undefined:undefined":70,"s:767:2:774:Infinity":254,"s:768:4:773:Infinity":255,"s:775:16:775:Infinity":256,"s:776:22:776:Infinity":257,"f:776:28:776:33":53,"s:776:46:776:50":258,"s:777:22:777:Infinity":259,"f:777:28:777:37":54,"s:777:54:777:62":260,"b:778:2:790:Infinity:undefined:undefined:undefined:undefined":71,"s:778:2:790:Infinity":261,"b:779:4:779:Infinity:780:7:780:Infinity:781:7:781:Infinity:782:7:782:Infinity":72,"f:782:13:782:19":55,"s:782:35:782:67":262,"s:784:4:789:Infinity":263,"s:791:2:801:Infinity":264,"f:804:9:804:33":56,"s:805:2:810:Infinity":265,"b:809:11:809:22:809:22:809:Infinity":73,"f:813:9:813:22":57,"s:814:20:814:Infinity":266,"b:815:2:817:Infinity:undefined:undefined:undefined:undefined":74,"s:815:2:817:Infinity":267,"f:815:16:815:22":58,"s:815:31:815:42":268,"s:816:4:816:Infinity":269,"s:818:2:818:Infinity":270,"f:821:9:821:32":59,"s:822:19:822:Infinity":271,"b:823:2:833:Infinity:undefined:undefined:undefined:undefined":75,"s:823:2:833:Infinity":272,"b:824:4:824:Infinity:825:7:825:Infinity:826:7:826:Infinity:827:7:827:Infinity:828:7:828:Infinity:829:7:829:Infinity:830:7:830:Infinity":76,"f:830:16:830:22":60,"s:830:34:830:87":273,"b:830:34:830:52:830:52:830:71:830:71:830:87":77,"s:832:4:832:Infinity":274,"f:837:9:837:Infinity":61,"s:842:18:842:Infinity":275,"b:843:2:843:Infinity:undefined:undefined:undefined:undefined":78,"s:843:2:843:Infinity":276,"s:843:31:843:Infinity":277,"s:844:15:844:Infinity":278,"s:845:22:845:Infinity":279,"s:846:18:846:Infinity":280,"s:847:2:855:Infinity":281,"s:847:20:847:45":282,"b:848:4:854:Infinity:undefined:undefined:undefined:undefined":79,"s:848:4:854:Infinity":283,"b:849:6:849:Infinity:850:9:850:Infinity":80,"s:852:6:852:Infinity":284,"s:853:6:853:Infinity":285,"b:856:2:856:Infinity:undefined:undefined:undefined:undefined":81,"s:856:2:856:Infinity":286,"s:856:21:856:Infinity":287,"s:858:15:858:Infinity":288,"s:859:22:859:Infinity":289,"s:860:22:860:Infinity":290,"s:861:21:861:Infinity":291,"s:862:22:862:Infinity":292,"s:863:24:863:Infinity":293,"b:864:2:874:Infinity:undefined:undefined:undefined:undefined":82,"s:864:2:874:Infinity":294,"b:865:4:865:Infinity:866:7:866:Infinity:867:7:867:Infinity:868:7:868:Infinity:869:7:869:Infinity:870:7:870:Infinity:871:7:871:Infinity":83,"s:873:4:873:Infinity":295,"b:875:2:881:Infinity:undefined:undefined:undefined:undefined":84,"s:875:2:881:Infinity":296,"s:876:4:880:Infinity":297,"s:883:16:883:Infinity":298,"s:884:17:884:Infinity":299,"s:885:26:885:Infinity":300,"s:886:2:939:Infinity":301,"s:886:19:886:22":302,"b:887:4:889:Infinity:undefined:undefined:undefined:undefined":85,"s:887:4:889:Infinity":303,"b:887:8:887:37:887:37:887:95":86,"s:888:6:888:Infinity":304,"s:890:18:890:Infinity":305,"s:891:24:891:Infinity":306,"s:892:27:892:Infinity":307,"s:893:29:893:Infinity":308,"s:894:23:894:Infinity":309,"s:895:24:895:Infinity":310,"s:896:26:896:Infinity":311,"s:897:22:897:Infinity":312,"s:898:24:898:Infinity":313,"s:899:22:899:Infinity":314,"b:900:4:910:Infinity:undefined:undefined:undefined:undefined":87,"s:900:4:910:Infinity":315,"b:901:6:901:Infinity:902:9:902:Infinity:903:9:903:Infinity:904:9:904:Infinity:905:9:905:Infinity:905:25:906:Infinity:907:10:907:31:907:31:907:Infinity":88,"s:909:6:909:Infinity":316,"s:911:17:911:Infinity":317,"s:912:4:912:Infinity":318,"b:913:4:913:Infinity:undefined:undefined:undefined:undefined":89,"s:913:4:913:Infinity":319,"s:913:25:913:Infinity":320,"s:914:4:914:Infinity":321,"s:916:4:916:Infinity":322,"b:917:4:923:Infinity:undefined:undefined:undefined:undefined":90,"s:917:4:923:Infinity":323,"b:917:8:917:52:917:52:917:94":91,"s:918:6:922:Infinity":324,"b:925:4:927:Infinity:undefined:undefined:undefined:undefined":92,"s:925:4:927:Infinity":325,"b:925:8:925:44:925:44:925:103":93,"s:926:6:926:Infinity":326,"s:928:28:928:Infinity":327,"s:929:29:929:Infinity":328,"s:930:25:930:Infinity":329,"b:931:4:937:Infinity:undefined:undefined:undefined:undefined":94,"s:931:4:937:Infinity":330,"b:932:6:932:Infinity:933:9:933:Infinity:934:9:934:Infinity":95,"s:936:6:936:Infinity":331,"s:938:4:938:Infinity":332,"b:940:2:940:Infinity:undefined:undefined:undefined:undefined":96,"s:940:2:940:Infinity":333,"s:940:30:940:Infinity":334,"f:948:9:948:31":62,"s:949:15:949:Infinity":335,"s:950:2:950:Infinity":336,"b:950:63:950:70:950:70:950:Infinity":97,"b:950:9:950:40:950:40:950:63":98,"f:953:15:953:Infinity":63,"b:958:2:965:Infinity:undefined:undefined:undefined:undefined":99,"s:958:2:965:Infinity":337,"b:958:6:958:16:958:16:958:27":100,"s:959:4:964:Infinity":338,"s:966:2:976:Infinity":339,"s:967:4:967:Infinity":340,"b:969:4:969:Infinity:undefined:undefined:undefined:undefined":101,"s:969:4:969:Infinity":341,"s:969:40:969:Infinity":342,"s:970:4:975:Infinity":343,"f:979:9:979:20":64,"s:980:2:989:Infinity":344,"s:981:4:981:Infinity":345,"s:983:4:988:Infinity":346,"f:992:9:992:28":65,"s:993:17:993:Infinity":347,"s:994:2:994:Infinity":348,"f:994:24:994:29":66,"s:994:39:994:68":349,"f:997:9:997:Infinity":67,"s:1001:19:1001:Infinity":350,"b:1002:2:1009:Infinity:undefined:undefined:undefined:undefined":102,"s:1002:2:1009:Infinity":351,"s:1003:4:1008:Infinity":352,"s:1010:2:1028:Infinity":353,"s:1011:18:1011:Infinity":354,"b:1012:4:1027:Infinity:undefined:undefined:undefined:undefined":103,"s:1012:4:1027:Infinity":355,"b:1013:6:1013:Infinity:1014:9:1014:Infinity:1015:9:1015:Infinity:1016:9:1016:Infinity:1017:9:1017:Infinity:1018:9:1018:Infinity:1019:9:1019:Infinity":104,"f:1019:24:1019:30":68,"s:1019:49:1019:82":356,"s:1021:6:1026:Infinity":357,"f:1032:22:1032:Infinity":69,"b:1034:43:1034:Infinity":105,"s:1036:28:1036:Infinity":358,"s:1037:2:1041:Infinity":359,"s:1038:4:1038:Infinity":360,"s:1040:4:1040:Infinity":361,"f:1044:15:1044:Infinity":70,"s:1048:2:1048:Infinity":362,"s:1049:22:1049:Infinity":363,"b:1050:2:1056:Infinity:undefined:undefined:undefined:undefined":106,"s:1050:2:1056:Infinity":364,"s:1051:4:1055:Infinity":365,"s:1057:64:1057:Infinity":366,"b:1058:2:1064:Infinity:undefined:undefined:undefined:undefined":107,"s:1058:2:1064:Infinity":367,"s:1059:4:1063:Infinity":368,"s:1066:2:1076:Infinity":369,"s:1067:4:1067:Infinity":370,"b:1069:4:1069:Infinity:undefined:undefined:undefined:undefined":108,"s:1069:4:1069:Infinity":371,"s:1069:40:1069:Infinity":372,"s:1070:4:1075:Infinity":373,"s:1077:2:1077:Infinity":374,"s:1079:2:1089:Infinity":375,"s:1080:4:1080:Infinity":376,"b:1082:4:1082:Infinity:undefined:undefined:undefined:undefined":109,"s:1082:4:1082:Infinity":377,"s:1082:40:1082:Infinity":378,"s:1083:4:1088:Infinity":379,"s:1090:18:1090:Infinity":380,"b:1091:2:1097:Infinity:undefined:undefined:undefined:undefined":110,"s:1091:2:1097:Infinity":381,"s:1092:4:1096:Infinity":382,"s:1098:34:1098:Infinity":383,"s:1099:2:1124:Infinity":384,"s:1100:25:1100:Infinity":385,"b:1100:25:1100:53:1100:53:1100:Infinity":111,"b:1101:4:1114:Infinity:undefined:undefined:undefined:undefined":112,"s:1101:4:1114:Infinity":386,"b:1102:6:1102:Infinity:1103:9:1103:Infinity:1104:9:1104:Infinity:1105:9:1105:Infinity:1106:9:1106:Infinity":113,"s:1108:6:1113:Infinity":387,"s:1115:17:1115:Infinity":388,"b:1116:4:1116:Infinity:undefined:undefined:undefined:undefined":114,"s:1116:4:1116:Infinity":389,"s:1116:28:1116:Infinity":390,"b:1117:4:1123:Infinity:undefined:undefined:undefined:undefined":115,"s:1117:4:1123:Infinity":391,"s:1118:6:1122:Infinity":392,"s:1126:24:1126:Infinity":393,"b:1126:43:1126:70:1126:70:1126:81":116,"s:1128:2:1138:Infinity":394,"s:1129:4:1129:Infinity":395,"b:1131:4:1131:Infinity:undefined:undefined:undefined:undefined":117,"s:1131:4:1131:Infinity":396,"s:1131:40:1131:Infinity":397,"s:1132:4:1137:Infinity":398,"s:1139:19:1139:Infinity":399,"s:1140:24:1140:Infinity":400,"f:1140:80:1140:85":71,"s:1140:98:1140:102":401,"b:1141:2:1150:Infinity:undefined:undefined:undefined:undefined":118,"s:1141:2:1150:Infinity":402,"b:1142:4:1142:Infinity:1143:7:1143:Infinity":119,"f:1143:15:1143:21":72,"s:1143:34:1143:58":403,"s:1145:4:1149:Infinity":404,"s:1151:29:1153:Infinity":405,"f:1152:21:1152:29":73,"s:1152:46:1152:70":406,"b:1154:2:1160:Infinity:undefined:undefined:undefined:undefined":120,"s:1154:2:1160:Infinity":407,"s:1155:4:1159:Infinity":408,"s:1162:23:1162:Infinity":409,"b:1162:42:1162:68:1162:68:1162:79":121,"b:1163:2:1170:Infinity:undefined:undefined:undefined:undefined":122,"s:1163:2:1170:Infinity":410,"s:1164:4:1169:Infinity":411,"s:1171:26:1175:Infinity":412,"b:1176:2:1183:Infinity:undefined:undefined:undefined:undefined":123,"s:1176:2:1183:Infinity":413,"s:1177:4:1182:Infinity":414,"s:1185:2:1195:Infinity":415,"s:1186:4:1186:Infinity":416,"b:1188:4:1188:Infinity:undefined:undefined:undefined:undefined":124,"s:1188:4:1188:Infinity":417,"s:1188:40:1188:Infinity":418,"s:1189:4:1194:Infinity":419,"s:1196:2:1196:Infinity":420,"s:1198:49:1198:Infinity":421,"s:1199:2:1225:Infinity":422,"s:1200:4:1200:Infinity":423,"s:1201:23:1201:Infinity":424,"b:1201:42:1201:66:1201:66:1201:77":125,"b:1202:4:1209:Infinity:undefined:undefined:undefined:undefined":126,"s:1202:4:1209:Infinity":425,"s:1203:6:1208:Infinity":426,"s:1210:17:1210:Infinity":427,"s:1211:21:1211:Infinity":428,"b:1212:4:1223:Infinity:undefined:undefined:undefined:undefined":127,"s:1212:4:1223:Infinity":429,"b:1213:6:1213:Infinity:1214:9:1214:Infinity:1215:9:1215:Infinity":128,"s:1217:6:1222:Infinity":430,"s:1224:4:1224:Infinity":431,"s:1226:2:1226:Infinity":432,"s:1227:2:1231:Infinity":433}}}
}
