{"D:\\DEV\\sprite-boy\\core\\persistence\\projectMigration.ts": {"path":"D:\\DEV\\sprite-boy\\core\\persistence\\projectMigration.ts","statementMap":{"0":{"start":{"line":130,"column":4},"end":{"line":130,"column":null}},"1":{"start":{"line":131,"column":4},"end":{"line":131,"column":null}},"2":{"start":{"line":132,"column":4},"end":{"line":132,"column":null}},"3":{"start":{"line":133,"column":4},"end":{"line":133,"column":null}},"4":{"start":{"line":134,"column":4},"end":{"line":134,"column":null}},"5":{"start":{"line":135,"column":4},"end":{"line":135,"column":null}},"6":{"start":{"line":136,"column":4},"end":{"line":136,"column":null}},"7":{"start":{"line":137,"column":4},"end":{"line":137,"column":null}},"8":{"start":{"line":141,"column":4},"end":{"line":148,"column":null}},"9":{"start":{"line":153,"column":2},"end":{"line":157,"column":null}},"10":{"start":{"line":154,"column":4},"end":{"line":154,"column":null}},"11":{"start":{"line":156,"column":4},"end":{"line":156,"column":null}},"12":{"start":{"line":178,"column":2},"end":{"line":178,"column":null}},"13":{"start":{"line":178,"column":51},"end":{"line":178,"column":null}},"14":{"start":{"line":179,"column":2},"end":{"line":186,"column":null}},"15":{"start":{"line":180,"column":23},"end":{"line":180,"column":null}},"16":{"start":{"line":181,"column":4},"end":{"line":183,"column":null}},"17":{"start":{"line":185,"column":4},"end":{"line":185,"column":null}},"18":{"start":{"line":190,"column":13},"end":{"line":190,"column":null}},"19":{"start":{"line":191,"column":22},"end":{"line":191,"column":null}},"20":{"start":{"line":192,"column":20},"end":{"line":192,"column":null}},"21":{"start":{"line":193,"column":18},"end":{"line":193,"column":null}},"22":{"start":{"line":194,"column":2},"end":{"line":206,"column":null}},"23":{"start":{"line":202,"column":4},"end":{"line":205,"column":null}},"24":{"start":{"line":207,"column":2},"end":{"line":212,"column":null}},"25":{"start":{"line":216,"column":2},"end":{"line":223,"column":null}},"26":{"start":{"line":222,"column":4},"end":{"line":222,"column":null}},"27":{"start":{"line":224,"column":2},"end":{"line":224,"column":null}},"28":{"start":{"line":224,"column":33},"end":{"line":224,"column":null}},"29":{"start":{"line":225,"column":2},"end":{"line":225,"column":null}},"30":{"start":{"line":225,"column":28},"end":{"line":225,"column":null}},"31":{"start":{"line":226,"column":2},"end":{"line":226,"column":null}},"32":{"start":{"line":227,"column":2},"end":{"line":274,"column":null}},"33":{"start":{"line":228,"column":4},"end":{"line":249,"column":null}},"34":{"start":{"line":229,"column":21},"end":{"line":229,"column":null}},"35":{"start":{"line":230,"column":6},"end":{"line":232,"column":null}},"36":{"start":{"line":231,"column":8},"end":{"line":231,"column":null}},"37":{"start":{"line":233,"column":31},"end":{"line":233,"column":null}},"38":{"start":{"line":234,"column":6},"end":{"line":240,"column":null}},"39":{"start":{"line":234,"column":23},"end":{"line":234,"column":26}},"40":{"start":{"line":235,"column":21},"end":{"line":235,"column":null}},"41":{"start":{"line":236,"column":8},"end":{"line":238,"column":null}},"42":{"start":{"line":237,"column":10},"end":{"line":237,"column":null}},"43":{"start":{"line":239,"column":8},"end":{"line":239,"column":null}},"44":{"start":{"line":241,"column":19},"end":{"line":241,"column":null}},"45":{"start":{"line":242,"column":6},"end":{"line":247,"column":null}},"46":{"start":{"line":243,"column":8},"end":{"line":244,"column":null}},"47":{"start":{"line":246,"column":8},"end":{"line":246,"column":null}},"48":{"start":{"line":248,"column":6},"end":{"line":248,"column":null}},"49":{"start":{"line":250,"column":22},"end":{"line":250,"column":null}},"50":{"start":{"line":251,"column":4},"end":{"line":253,"column":null}},"51":{"start":{"line":252,"column":6},"end":{"line":252,"column":null}},"52":{"start":{"line":254,"column":17},"end":{"line":254,"column":null}},"53":{"start":{"line":255,"column":4},"end":{"line":257,"column":null}},"54":{"start":{"line":255,"column":27},"end":{"line":255,"column":50}},"55":{"start":{"line":256,"column":6},"end":{"line":256,"column":null}},"56":{"start":{"line":258,"column":43},"end":{"line":258,"column":null}},"57":{"start":{"line":259,"column":4},"end":{"line":270,"column":null}},"58":{"start":{"line":260,"column":25},"end":{"line":260,"column":null}},"59":{"start":{"line":261,"column":6},"end":{"line":263,"column":null}},"60":{"start":{"line":262,"column":8},"end":{"line":262,"column":null}},"61":{"start":{"line":264,"column":6},"end":{"line":269,"column":null}},"62":{"start":{"line":271,"column":4},"end":{"line":271,"column":null}},"63":{"start":{"line":273,"column":4},"end":{"line":273,"column":null}},"64":{"start":{"line":278,"column":2},"end":{"line":278,"column":null}},"65":{"start":{"line":278,"column":70},"end":{"line":278,"column":null}},"66":{"start":{"line":279,"column":2},"end":{"line":279,"column":null}},"67":{"start":{"line":280,"column":2},"end":{"line":283,"column":null}},"68":{"start":{"line":281,"column":23},"end":{"line":281,"column":null}},"69":{"start":{"line":282,"column":4},"end":{"line":282,"column":null}},"70":{"start":{"line":282,"column":45},"end":{"line":282,"column":null}},"71":{"start":{"line":284,"column":2},"end":{"line":284,"column":null}},"72":{"start":{"line":288,"column":13},"end":{"line":288,"column":null}},"73":{"start":{"line":289,"column":16},"end":{"line":289,"column":null}},"74":{"start":{"line":290,"column":2},"end":{"line":295,"column":null}},"75":{"start":{"line":294,"column":4},"end":{"line":294,"column":null}},"76":{"start":{"line":296,"column":2},"end":{"line":296,"column":null}},"77":{"start":{"line":300,"column":15},"end":{"line":300,"column":null}},"78":{"start":{"line":301,"column":15},"end":{"line":301,"column":null}},"79":{"start":{"line":302,"column":18},"end":{"line":302,"column":null}},"80":{"start":{"line":303,"column":19},"end":{"line":303,"column":null}},"81":{"start":{"line":304,"column":19},"end":{"line":304,"column":null}},"82":{"start":{"line":305,"column":19},"end":{"line":305,"column":null}},"83":{"start":{"line":306,"column":19},"end":{"line":306,"column":null}},"84":{"start":{"line":307,"column":2},"end":{"line":315,"column":null}},"85":{"start":{"line":314,"column":4},"end":{"line":314,"column":null}},"86":{"start":{"line":316,"column":15},"end":{"line":323,"column":null}},"87":{"start":{"line":324,"column":2},"end":{"line":326,"column":null}},"88":{"start":{"line":325,"column":4},"end":{"line":325,"column":null}},"89":{"start":{"line":327,"column":2},"end":{"line":329,"column":null}},"90":{"start":{"line":328,"column":4},"end":{"line":328,"column":null}},"91":{"start":{"line":330,"column":2},"end":{"line":341,"column":null}},"92":{"start":{"line":335,"column":4},"end":{"line":340,"column":null}},"93":{"start":{"line":342,"column":2},"end":{"line":354,"column":null}},"94":{"start":{"line":343,"column":22},"end":{"line":343,"column":null}},"95":{"start":{"line":344,"column":4},"end":{"line":346,"column":null}},"96":{"start":{"line":345,"column":6},"end":{"line":345,"column":null}},"97":{"start":{"line":347,"column":4},"end":{"line":353,"column":null}},"98":{"start":{"line":355,"column":2},"end":{"line":367,"column":null}},"99":{"start":{"line":356,"column":20},"end":{"line":356,"column":null}},"100":{"start":{"line":357,"column":4},"end":{"line":359,"column":null}},"101":{"start":{"line":358,"column":6},"end":{"line":358,"column":null}},"102":{"start":{"line":360,"column":4},"end":{"line":366,"column":null}},"103":{"start":{"line":368,"column":2},"end":{"line":368,"column":null}},"104":{"start":{"line":372,"column":2},"end":{"line":372,"column":null}},"105":{"start":{"line":372,"column":27},"end":{"line":372,"column":null}},"106":{"start":{"line":373,"column":17},"end":{"line":373,"column":null}},"107":{"start":{"line":374,"column":2},"end":{"line":374,"column":null}},"108":{"start":{"line":374,"column":30},"end":{"line":374,"column":null}},"109":{"start":{"line":375,"column":2},"end":{"line":375,"column":null}},"110":{"start":{"line":379,"column":17},"end":{"line":379,"column":null}},"111":{"start":{"line":380,"column":22},"end":{"line":380,"column":null}},"112":{"start":{"line":381,"column":17},"end":{"line":381,"column":null}},"113":{"start":{"line":382,"column":2},"end":{"line":388,"column":null}},"114":{"start":{"line":383,"column":21},"end":{"line":383,"column":null}},"115":{"start":{"line":384,"column":4},"end":{"line":386,"column":null}},"116":{"start":{"line":384,"column":50},"end":{"line":384,"column":64}},"117":{"start":{"line":385,"column":6},"end":{"line":385,"column":null}},"118":{"start":{"line":387,"column":4},"end":{"line":387,"column":null}},"119":{"start":{"line":389,"column":2},"end":{"line":394,"column":null}},"120":{"start":{"line":390,"column":4},"end":{"line":392,"column":null}},"121":{"start":{"line":390,"column":55},"end":{"line":390,"column":69}},"122":{"start":{"line":391,"column":6},"end":{"line":391,"column":null}},"123":{"start":{"line":393,"column":4},"end":{"line":393,"column":null}},"124":{"start":{"line":395,"column":2},"end":{"line":395,"column":null}},"125":{"start":{"line":399,"column":2},"end":{"line":399,"column":null}},"126":{"start":{"line":406,"column":17},"end":{"line":406,"column":null}},"127":{"start":{"line":407,"column":2},"end":{"line":407,"column":null}},"128":{"start":{"line":407,"column":15},"end":{"line":407,"column":null}},"129":{"start":{"line":408,"column":2},"end":{"line":408,"column":null}},"130":{"start":{"line":412,"column":2},"end":{"line":412,"column":null}},"131":{"start":{"line":416,"column":2},"end":{"line":416,"column":null}},"132":{"start":{"line":425,"column":33},"end":{"line":425,"column":null}},"133":{"start":{"line":426,"column":2},"end":{"line":433,"column":null}},"134":{"start":{"line":427,"column":23},"end":{"line":427,"column":null}},"135":{"start":{"line":428,"column":4},"end":{"line":431,"column":null}},"136":{"start":{"line":429,"column":6},"end":{"line":429,"column":null}},"137":{"start":{"line":430,"column":6},"end":{"line":430,"column":null}},"138":{"start":{"line":432,"column":4},"end":{"line":432,"column":null}},"139":{"start":{"line":434,"column":2},"end":{"line":434,"column":null}},"140":{"start":{"line":438,"column":24},"end":{"line":438,"column":null}},"141":{"start":{"line":439,"column":24},"end":{"line":439,"column":null}},"142":{"start":{"line":440,"column":18},"end":{"line":440,"column":null}},"143":{"start":{"line":441,"column":17},"end":{"line":441,"column":null}},"144":{"start":{"line":442,"column":2},"end":{"line":452,"column":null}},"145":{"start":{"line":448,"column":4},"end":{"line":451,"column":null}},"146":{"start":{"line":454,"column":2},"end":{"line":469,"column":null}},"147":{"start":{"line":455,"column":4},"end":{"line":468,"column":null}},"148":{"start":{"line":456,"column":6},"end":{"line":456,"column":null}},"149":{"start":{"line":457,"column":6},"end":{"line":457,"column":null}},"150":{"start":{"line":459,"column":6},"end":{"line":467,"column":null}},"151":{"start":{"line":470,"column":2},"end":{"line":475,"column":null}},"152":{"start":{"line":484,"column":2},"end":{"line":494,"column":null}},"153":{"start":{"line":504,"column":2},"end":{"line":504,"column":null}},"154":{"start":{"line":504,"column":15},"end":{"line":504,"column":null}},"155":{"start":{"line":505,"column":2},"end":{"line":526,"column":null}},"156":{"start":{"line":506,"column":18},"end":{"line":506,"column":null}},"157":{"start":{"line":507,"column":10},"end":{"line":507,"column":null}},"158":{"start":{"line":507,"column":32},"end":{"line":507,"column":null}},"159":{"start":{"line":508,"column":10},"end":{"line":513,"column":null}},"160":{"start":{"line":509,"column":6},"end":{"line":509,"column":null}},"161":{"start":{"line":509,"column":19},"end":{"line":509,"column":null}},"162":{"start":{"line":510,"column":6},"end":{"line":510,"column":null}},"163":{"start":{"line":511,"column":6},"end":{"line":511,"column":null}},"164":{"start":{"line":512,"column":6},"end":{"line":512,"column":null}},"165":{"start":{"line":514,"column":10},"end":{"line":519,"column":null}},"166":{"start":{"line":514,"column":32},"end":{"line":519,"column":null}},"167":{"start":{"line":514,"column":45},"end":{"line":519,"column":6}},"168":{"start":{"line":520,"column":4},"end":{"line":520,"column":null}},"169":{"start":{"line":521,"column":4},"end":{"line":524,"column":null}},"170":{"start":{"line":522,"column":18},"end":{"line":522,"column":null}},"171":{"start":{"line":522,"column":31},"end":{"line":522,"column":46}},"172":{"start":{"line":523,"column":26},"end":{"line":523,"column":null}},"173":{"start":{"line":523,"column":39},"end":{"line":523,"column":52}},"174":{"start":{"line":525,"column":4},"end":{"line":525,"column":null}},"175":{"start":{"line":525,"column":33},"end":{"line":525,"column":null}},"176":{"start":{"line":539,"column":14},"end":{"line":539,"column":null}},"177":{"start":{"line":540,"column":2},"end":{"line":545,"column":null}},"178":{"start":{"line":546,"column":2},"end":{"line":546,"column":null}},"179":{"start":{"line":550,"column":2},"end":{"line":552,"column":null}},"180":{"start":{"line":551,"column":4},"end":{"line":551,"column":null}},"181":{"start":{"line":553,"column":2},"end":{"line":571,"column":null}},"182":{"start":{"line":554,"column":33},"end":{"line":554,"column":null}},"183":{"start":{"line":555,"column":4},"end":{"line":567,"column":null}},"184":{"start":{"line":556,"column":25},"end":{"line":556,"column":null}},"185":{"start":{"line":557,"column":6},"end":{"line":565,"column":null}},"186":{"start":{"line":558,"column":8},"end":{"line":563,"column":null}},"187":{"start":{"line":559,"column":10},"end":{"line":562,"column":null}},"188":{"start":{"line":564,"column":8},"end":{"line":564,"column":null}},"189":{"start":{"line":566,"column":6},"end":{"line":566,"column":null}},"190":{"start":{"line":568,"column":4},"end":{"line":568,"column":null}},"191":{"start":{"line":570,"column":4},"end":{"line":570,"column":null}},"192":{"start":{"line":578,"column":2},"end":{"line":595,"column":null}},"193":{"start":{"line":579,"column":18},"end":{"line":579,"column":null}},"194":{"start":{"line":580,"column":10},"end":{"line":584,"column":null}},"195":{"start":{"line":581,"column":6},"end":{"line":581,"column":null}},"196":{"start":{"line":581,"column":19},"end":{"line":581,"column":null}},"197":{"start":{"line":582,"column":6},"end":{"line":582,"column":null}},"198":{"start":{"line":583,"column":6},"end":{"line":583,"column":null}},"199":{"start":{"line":585,"column":10},"end":{"line":589,"column":null}},"200":{"start":{"line":586,"column":6},"end":{"line":586,"column":null}},"201":{"start":{"line":586,"column":19},"end":{"line":586,"column":null}},"202":{"start":{"line":587,"column":6},"end":{"line":587,"column":null}},"203":{"start":{"line":588,"column":6},"end":{"line":588,"column":null}},"204":{"start":{"line":590,"column":4},"end":{"line":594,"column":null}},"205":{"start":{"line":591,"column":6},"end":{"line":591,"column":null}},"206":{"start":{"line":593,"column":6},"end":{"line":593,"column":null}},"207":{"start":{"line":604,"column":2},"end":{"line":614,"column":null}},"208":{"start":{"line":624,"column":16},"end":{"line":624,"column":null}},"209":{"start":{"line":625,"column":15},"end":{"line":625,"column":null}},"210":{"start":{"line":626,"column":2},"end":{"line":648,"column":null}},"211":{"start":{"line":627,"column":23},"end":{"line":627,"column":null}},"212":{"start":{"line":628,"column":4},"end":{"line":628,"column":null}},"213":{"start":{"line":628,"column":36},"end":{"line":628,"column":null}},"214":{"start":{"line":629,"column":4},"end":{"line":631,"column":null}},"215":{"start":{"line":630,"column":6},"end":{"line":630,"column":null}},"216":{"start":{"line":632,"column":4},"end":{"line":639,"column":null}},"217":{"start":{"line":633,"column":6},"end":{"line":638,"column":null}},"218":{"start":{"line":640,"column":4},"end":{"line":640,"column":null}},"219":{"start":{"line":641,"column":4},"end":{"line":647,"column":null}},"220":{"start":{"line":649,"column":2},"end":{"line":649,"column":null}},"221":{"start":{"line":653,"column":2},"end":{"line":653,"column":null}},"222":{"start":{"line":661,"column":23},"end":{"line":661,"column":null}},"223":{"start":{"line":662,"column":4},"end":{"line":666,"column":null}},"224":{"start":{"line":663,"column":6},"end":{"line":663,"column":null}},"225":{"start":{"line":667,"column":4},"end":{"line":672,"column":null}},"226":{"start":{"line":668,"column":6},"end":{"line":671,"column":null}},"227":{"start":{"line":673,"column":22},"end":{"line":673,"column":null}},"228":{"start":{"line":674,"column":16},"end":{"line":674,"column":null}},"229":{"start":{"line":675,"column":19},"end":{"line":675,"column":null}},"230":{"start":{"line":676,"column":4},"end":{"line":681,"column":null}},"231":{"start":{"line":677,"column":6},"end":{"line":680,"column":null}},"232":{"start":{"line":682,"column":4},"end":{"line":700,"column":null}},"233":{"start":{"line":682,"column":21},"end":{"line":682,"column":24}},"234":{"start":{"line":683,"column":20},"end":{"line":683,"column":null}},"235":{"start":{"line":684,"column":6},"end":{"line":689,"column":null}},"236":{"start":{"line":685,"column":8},"end":{"line":688,"column":null}},"237":{"start":{"line":690,"column":19},"end":{"line":690,"column":null}},"238":{"start":{"line":691,"column":6},"end":{"line":697,"column":null}},"239":{"start":{"line":692,"column":8},"end":{"line":696,"column":null}},"240":{"start":{"line":698,"column":6},"end":{"line":698,"column":null}},"241":{"start":{"line":699,"column":6},"end":{"line":699,"column":null}},"242":{"start":{"line":701,"column":4},"end":{"line":701,"column":null}},"243":{"start":{"line":708,"column":30},"end":{"line":708,"column":null}},"244":{"start":{"line":709,"column":4},"end":{"line":716,"column":null}},"245":{"start":{"line":710,"column":6},"end":{"line":715,"column":null}},"246":{"start":{"line":718,"column":4},"end":{"line":731,"column":null}},"247":{"start":{"line":719,"column":6},"end":{"line":719,"column":null}},"248":{"start":{"line":721,"column":6},"end":{"line":730,"column":null}},"249":{"start":{"line":732,"column":45},"end":{"line":732,"column":null}},"250":{"start":{"line":733,"column":4},"end":{"line":751,"column":null}},"251":{"start":{"line":734,"column":20},"end":{"line":734,"column":null}},"252":{"start":{"line":738,"column":19},"end":{"line":738,"column":null}},"253":{"start":{"line":739,"column":6},"end":{"line":749,"column":null}},"254":{"start":{"line":740,"column":8},"end":{"line":748,"column":null}},"255":{"start":{"line":750,"column":6},"end":{"line":750,"column":null}},"256":{"start":{"line":753,"column":25},"end":{"line":753,"column":null}},"257":{"start":{"line":754,"column":59},"end":{"line":754,"column":null}},"258":{"start":{"line":755,"column":44},"end":{"line":755,"column":null}},"259":{"start":{"line":756,"column":4},"end":{"line":827,"column":null}},"260":{"start":{"line":757,"column":6},"end":{"line":764,"column":null}},"261":{"start":{"line":758,"column":8},"end":{"line":763,"column":null}},"262":{"start":{"line":766,"column":6},"end":{"line":802,"column":null}},"263":{"start":{"line":767,"column":26},"end":{"line":767,"column":null}},"264":{"start":{"line":768,"column":24},"end":{"line":776,"column":null}},"265":{"start":{"line":769,"column":39},"end":{"line":771,"column":11}},"266":{"start":{"line":777,"column":8},"end":{"line":783,"column":null}},"267":{"start":{"line":785,"column":8},"end":{"line":790,"column":null}},"268":{"start":{"line":789,"column":10},"end":{"line":789,"column":null}},"269":{"start":{"line":791,"column":8},"end":{"line":801,"column":null}},"270":{"start":{"line":804,"column":6},"end":{"line":808,"column":null}},"271":{"start":{"line":805,"column":8},"end":{"line":805,"column":null}},"272":{"start":{"line":807,"column":8},"end":{"line":807,"column":null}},"273":{"start":{"line":809,"column":6},"end":{"line":809,"column":null}},"274":{"start":{"line":810,"column":6},"end":{"line":823,"column":null}},"275":{"start":{"line":811,"column":8},"end":{"line":822,"column":null}},"276":{"start":{"line":824,"column":6},"end":{"line":824,"column":null}},"277":{"start":{"line":825,"column":6},"end":{"line":825,"column":null}},"278":{"start":{"line":826,"column":6},"end":{"line":826,"column":null}},"279":{"start":{"line":828,"column":4},"end":{"line":838,"column":null}}},"fnMap":{"0":{"name":"(anonymous_0)","decl":{"start":{"line":125,"column":2},"end":{"line":125,"column":null}},"loc":{"start":{"line":129,"column":4},"end":{"line":138,"column":null}},"line":129},"1":{"name":"(anonymous_1)","decl":{"start":{"line":140,"column":2},"end":{"line":140,"column":50}},"loc":{"start":{"line":140,"column":50},"end":{"line":149,"column":null}},"line":140},"2":{"name":"isProjectMigrationError","decl":{"start":{"line":152,"column":16},"end":{"line":152,"column":40}},"loc":{"start":{"line":152,"column":88},"end":{"line":158,"column":null}},"line":152},"3":{"name":"readOwnData","decl":{"start":{"line":177,"column":9},"end":{"line":177,"column":21}},"loc":{"start":{"line":177,"column":68},"end":{"line":187,"column":null}},"line":177},"4":{"name":"readStep","decl":{"start":{"line":189,"column":9},"end":{"line":189,"column":28}},"loc":{"start":{"line":189,"column":93},"end":{"line":213,"column":null}},"line":189},"5":{"name":"cloneDataOnly","decl":{"start":{"line":215,"column":9},"end":{"line":215,"column":23}},"loc":{"start":{"line":215,"column":83},"end":{"line":275,"column":null}},"line":215},"6":{"name":"(anonymous_6)","decl":{"start":{"line":242,"column":15},"end":{"line":242,"column":21}},"loc":{"start":{"line":243,"column":8},"end":{"line":244,"column":null}},"line":243},"7":{"name":"(anonymous_7)","decl":{"start":{"line":255,"column":13},"end":{"line":255,"column":19}},"loc":{"start":{"line":255,"column":27},"end":{"line":255,"column":50}},"line":255},"8":{"name":"deepFreezeData","decl":{"start":{"line":277,"column":9},"end":{"line":277,"column":24}},"loc":{"start":{"line":277,"column":79},"end":{"line":285,"column":null}},"line":277},"9":{"name":"normalizeChoice","decl":{"start":{"line":287,"column":9},"end":{"line":287,"column":25}},"loc":{"start":{"line":287,"column":65},"end":{"line":297,"column":null}},"line":287},"10":{"name":"normalizeIssue","decl":{"start":{"line":299,"column":9},"end":{"line":299,"column":24}},"loc":{"start":{"line":299,"column":63},"end":{"line":369,"column":null}},"line":299},"11":{"name":"normalizeIssues","decl":{"start":{"line":371,"column":9},"end":{"line":371,"column":25}},"loc":{"start":{"line":371,"column":75},"end":{"line":376,"column":null}},"line":371},"12":{"name":"normalizeStepResult","decl":{"start":{"line":378,"column":9},"end":{"line":378,"column":29}},"loc":{"start":{"line":378,"column":73},"end":{"line":396,"column":null}},"line":378},"13":{"name":"(anonymous_13)","decl":{"start":{"line":384,"column":34},"end":{"line":384,"column":40}},"loc":{"start":{"line":384,"column":50},"end":{"line":384,"column":64}},"line":384},"14":{"name":"(anonymous_14)","decl":{"start":{"line":390,"column":39},"end":{"line":390,"column":45}},"loc":{"start":{"line":390,"column":55},"end":{"line":390,"column":69}},"line":390},"15":{"name":"validateVersion","decl":{"start":{"line":398,"column":9},"end":{"line":398,"column":25}},"loc":{"start":{"line":398,"column":58},"end":{"line":400,"column":null}},"line":398},"16":{"name":"abortSignalValue","decl":{"start":{"line":402,"column":9},"end":{"line":402,"column":null}},"loc":{"start":{"line":405,"column":11},"end":{"line":409,"column":null}},"line":405},"17":{"name":"isSignalAborted","decl":{"start":{"line":411,"column":9},"end":{"line":411,"column":25}},"loc":{"start":{"line":411,"column":55},"end":{"line":413,"column":null}},"line":411},"18":{"name":"signalReason","decl":{"start":{"line":415,"column":9},"end":{"line":415,"column":22}},"loc":{"start":{"line":415,"column":52},"end":{"line":417,"column":null}},"line":415},"19":{"name":"callSignalListenerMethod","decl":{"start":{"line":419,"column":9},"end":{"line":419,"column":null}},"loc":{"start":{"line":424,"column":8},"end":{"line":435,"column":null}},"line":424},"20":{"name":"normalizeRequest","decl":{"start":{"line":437,"column":9},"end":{"line":437,"column":36}},"loc":{"start":{"line":437,"column":90},"end":{"line":476,"column":null}},"line":437},"21":{"name":"abortedError","decl":{"start":{"line":478,"column":9},"end":{"line":478,"column":null}},"loc":{"start":{"line":483,"column":25},"end":{"line":495,"column":null}},"line":483},"22":{"name":"awaitAbortable","decl":{"start":{"line":497,"column":9},"end":{"line":497,"column":null}},"loc":{"start":{"line":503,"column":14},"end":{"line":527,"column":null}},"line":503},"23":{"name":"(anonymous_23)","decl":{"start":{"line":505,"column":13},"end":{"line":505,"column":22}},"loc":{"start":{"line":505,"column":42},"end":{"line":526,"column":3}},"line":505},"24":{"name":"(anonymous_24)","decl":{"start":{"line":507,"column":10},"end":{"line":507,"column":32}},"loc":{"start":{"line":507,"column":32},"end":{"line":507,"column":null}},"line":507},"25":{"name":"(anonymous_25)","decl":{"start":{"line":508,"column":10},"end":{"line":508,"column":20}},"loc":{"start":{"line":508,"column":51},"end":{"line":513,"column":null}},"line":508},"26":{"name":"(anonymous_26)","decl":{"start":{"line":514,"column":10},"end":{"line":514,"column":32}},"loc":{"start":{"line":514,"column":32},"end":{"line":519,"column":null}},"line":514},"27":{"name":"(anonymous_27)","decl":{"start":{"line":514,"column":32},"end":{"line":514,"column":45}},"loc":{"start":{"line":514,"column":45},"end":{"line":519,"column":6}},"line":514},"28":{"name":"(anonymous_28)","decl":{"start":{"line":521,"column":26},"end":{"line":521,"column":null}},"loc":{"start":{"line":522,"column":18},"end":{"line":522,"column":null}},"line":522},"29":{"name":"(anonymous_29)","decl":{"start":{"line":522,"column":18},"end":{"line":522,"column":31}},"loc":{"start":{"line":522,"column":31},"end":{"line":522,"column":46}},"line":522},"30":{"name":"(anonymous_30)","decl":{"start":{"line":522,"column":46},"end":{"line":522,"column":null}},"loc":{"start":{"line":523,"column":26},"end":{"line":523,"column":null}},"line":523},"31":{"name":"(anonymous_31)","decl":{"start":{"line":523,"column":26},"end":{"line":523,"column":39}},"loc":{"start":{"line":523,"column":39},"end":{"line":523,"column":52}},"line":523},"32":{"name":"boxStepValue","decl":{"start":{"line":538,"column":9},"end":{"line":538,"column":22}},"loc":{"start":{"line":538,"column":54},"end":{"line":547,"column":null}},"line":538},"33":{"name":"inspectThenMethod","decl":{"start":{"line":549,"column":9},"end":{"line":549,"column":27}},"loc":{"start":{"line":549,"column":65},"end":{"line":572,"column":null}},"line":549},"34":{"name":"adoptDataThenable","decl":{"start":{"line":574,"column":9},"end":{"line":574,"column":null}},"loc":{"start":{"line":577,"column":27},"end":{"line":596,"column":null}},"line":577},"35":{"name":"(anonymous_35)","decl":{"start":{"line":578,"column":13},"end":{"line":578,"column":22}},"loc":{"start":{"line":578,"column":42},"end":{"line":595,"column":3}},"line":578},"36":{"name":"(anonymous_36)","decl":{"start":{"line":580,"column":10},"end":{"line":580,"column":25}},"loc":{"start":{"line":580,"column":51},"end":{"line":584,"column":null}},"line":580},"37":{"name":"(anonymous_37)","decl":{"start":{"line":585,"column":10},"end":{"line":585,"column":24}},"loc":{"start":{"line":585,"column":49},"end":{"line":589,"column":null}},"line":585},"38":{"name":"invalidStepContract","decl":{"start":{"line":598,"column":9},"end":{"line":598,"column":null}},"loc":{"start":{"line":603,"column":25},"end":{"line":615,"column":null}},"line":603},"39":{"name":"settleStepReturn","decl":{"start":{"line":617,"column":15},"end":{"line":617,"column":null}},"loc":{"start":{"line":623,"column":27},"end":{"line":650,"column":null}},"line":623},"40":{"name":"stepDescriptor","decl":{"start":{"line":652,"column":9},"end":{"line":652,"column":24}},"loc":{"start":{"line":652,"column":87},"end":{"line":654,"column":null}},"line":652},"41":{"name":"(anonymous_41)","decl":{"start":{"line":660,"column":2},"end":{"line":660,"column":14}},"loc":{"start":{"line":660,"column":64},"end":{"line":702,"column":null}},"line":660},"42":{"name":"(anonymous_42)","decl":{"start":{"line":704,"column":8},"end":{"line":704,"column":null}},"loc":{"start":{"line":707,"column":37},"end":{"line":839,"column":null}},"line":707},"43":{"name":"(anonymous_43)","decl":{"start":{"line":769,"column":28},"end":{"line":769,"column":39}},"loc":{"start":{"line":769,"column":39},"end":{"line":771,"column":11}},"line":769}},"branchMap":{"0":{"loc":{"start":{"line":128,"column":4},"end":{"line":128,"column":null}},"type":"default-arg","locations":[{"start":{"line":128,"column":44},"end":{"line":128,"column":null}}],"line":128},"1":{"loc":{"start":{"line":144,"column":10},"end":{"line":144,"column":null}},"type":"cond-expr","locations":[{"start":{"line":144,"column":45},"end":{"line":144,"column":85}},{"start":{"line":144,"column":85},"end":{"line":144,"column":null}}],"line":144},"2":{"loc":{"start":{"line":145,"column":10},"end":{"line":145,"column":null}},"type":"cond-expr","locations":[{"start":{"line":145,"column":45},"end":{"line":145,"column":85}},{"start":{"line":145,"column":85},"end":{"line":145,"column":null}}],"line":145},"3":{"loc":{"start":{"line":146,"column":10},"end":{"line":146,"column":null}},"type":"cond-expr","locations":[{"start":{"line":146,"column":46},"end":{"line":146,"column":88}},{"start":{"line":146,"column":88},"end":{"line":146,"column":null}}],"line":146},"4":{"loc":{"start":{"line":147,"column":10},"end":{"line":147,"column":null}},"type":"cond-expr","locations":[{"start":{"line":147,"column":38},"end":{"line":147,"column":64}},{"start":{"line":147,"column":64},"end":{"line":147,"column":null}}],"line":147},"5":{"loc":{"start":{"line":178,"column":2},"end":{"line":178,"column":null}},"type":"if","locations":[{"start":{"line":178,"column":2},"end":{"line":178,"column":null}},{"start":{},"end":{}}],"line":178},"6":{"loc":{"start":{"line":178,"column":6},"end":{"line":178,"column":51}},"type":"binary-expr","locations":[{"start":{"line":178,"column":6},"end":{"line":178,"column":24}},{"start":{"line":178,"column":24},"end":{"line":178,"column":51}}],"line":178},"7":{"loc":{"start":{"line":181,"column":11},"end":{"line":183,"column":null}},"type":"cond-expr","locations":[{"start":{"line":182,"column":8},"end":{"line":182,"column":null}},{"start":{"line":183,"column":8},"end":{"line":183,"column":null}}],"line":181},"8":{"loc":{"start":{"line":181,"column":11},"end":{"line":181,"column":null}},"type":"binary-expr","locations":[{"start":{"line":181,"column":11},"end":{"line":181,"column":25}},{"start":{"line":181,"column":25},"end":{"line":181,"column":null}}],"line":181},"9":{"loc":{"start":{"line":194,"column":2},"end":{"line":206,"column":null}},"type":"if","locations":[{"start":{"line":194,"column":2},"end":{"line":206,"column":null}},{"start":{},"end":{}}],"line":194},"10":{"loc":{"start":{"line":195,"column":4},"end":{"line":200,"column":null}},"type":"binary-expr","locations":[{"start":{"line":195,"column":4},"end":{"line":195,"column":17}},{"start":{"line":195,"column":17},"end":{"line":195,"column":49}},{"start":{"line":195,"column":49},"end":{"line":195,"column":null}},{"start":{"line":196,"column":7},"end":{"line":196,"column":29}},{"start":{"line":196,"column":29},"end":{"line":196,"column":null}},{"start":{"line":197,"column":8},"end":{"line":197,"column":null}},{"start":{"line":198,"column":7},"end":{"line":198,"column":27}},{"start":{"line":198,"column":27},"end":{"line":198,"column":null}},{"start":{"line":199,"column":7},"end":{"line":199,"column":null}},{"start":{"line":200,"column":7},"end":{"line":200,"column":25}},{"start":{"line":200,"column":25},"end":{"line":200,"column":null}}],"line":195},"11":{"loc":{"start":{"line":215,"column":39},"end":{"line":215,"column":83}},"type":"default-arg","locations":[{"start":{"line":215,"column":51},"end":{"line":215,"column":83}}],"line":215},"12":{"loc":{"start":{"line":216,"column":2},"end":{"line":223,"column":null}},"type":"if","locations":[{"start":{"line":216,"column":2},"end":{"line":223,"column":null}},{"start":{},"end":{}}],"line":216},"13":{"loc":{"start":{"line":217,"column":4},"end":{"line":220,"column":null}},"type":"binary-expr","locations":[{"start":{"line":217,"column":4},"end":{"line":217,"column":null}},{"start":{"line":218,"column":7},"end":{"line":218,"column":null}},{"start":{"line":219,"column":7},"end":{"line":219,"column":null}},{"start":{"line":220,"column":8},"end":{"line":220,"column":37}},{"start":{"line":220,"column":37},"end":{"line":220,"column":null}}],"line":217},"14":{"loc":{"start":{"line":224,"column":2},"end":{"line":224,"column":null}},"type":"if","locations":[{"start":{"line":224,"column":2},"end":{"line":224,"column":null}},{"start":{},"end":{}}],"line":224},"15":{"loc":{"start":{"line":225,"column":2},"end":{"line":225,"column":null}},"type":"if","locations":[{"start":{"line":225,"column":2},"end":{"line":225,"column":null}},{"start":{},"end":{}}],"line":225},"16":{"loc":{"start":{"line":228,"column":4},"end":{"line":249,"column":null}},"type":"if","locations":[{"start":{"line":228,"column":4},"end":{"line":249,"column":null}},{"start":{},"end":{}}],"line":228},"17":{"loc":{"start":{"line":230,"column":6},"end":{"line":232,"column":null}},"type":"if","locations":[{"start":{"line":230,"column":6},"end":{"line":232,"column":null}},{"start":{},"end":{}}],"line":230},"18":{"loc":{"start":{"line":230,"column":10},"end":{"line":230,"column":96}},"type":"binary-expr","locations":[{"start":{"line":230,"column":10},"end":{"line":230,"column":27}},{"start":{"line":230,"column":27},"end":{"line":230,"column":67}},{"start":{"line":230,"column":67},"end":{"line":230,"column":96}}],"line":230},"19":{"loc":{"start":{"line":236,"column":8},"end":{"line":238,"column":null}},"type":"if","locations":[{"start":{"line":236,"column":8},"end":{"line":238,"column":null}},{"start":{},"end":{}}],"line":236},"20":{"loc":{"start":{"line":236,"column":12},"end":{"line":236,"column":53}},"type":"binary-expr","locations":[{"start":{"line":236,"column":12},"end":{"line":236,"column":27}},{"start":{"line":236,"column":27},"end":{"line":236,"column":53}}],"line":236},"21":{"loc":{"start":{"line":242,"column":6},"end":{"line":247,"column":null}},"type":"if","locations":[{"start":{"line":242,"column":6},"end":{"line":247,"column":null}},{"start":{},"end":{}}],"line":242},"22":{"loc":{"start":{"line":243,"column":8},"end":{"line":244,"column":null}},"type":"binary-expr","locations":[{"start":{"line":243,"column":8},"end":{"line":243,"column":null}},{"start":{"line":244,"column":12},"end":{"line":244,"column":39}},{"start":{"line":244,"column":39},"end":{"line":244,"column":null}}],"line":243},"23":{"loc":{"start":{"line":251,"column":4},"end":{"line":253,"column":null}},"type":"if","locations":[{"start":{"line":251,"column":4},"end":{"line":253,"column":null}},{"start":{},"end":{}}],"line":251},"24":{"loc":{"start":{"line":251,"column":8},"end":{"line":251,"column":62}},"type":"binary-expr","locations":[{"start":{"line":251,"column":8},"end":{"line":251,"column":42}},{"start":{"line":251,"column":42},"end":{"line":251,"column":62}}],"line":251},"25":{"loc":{"start":{"line":255,"column":4},"end":{"line":257,"column":null}},"type":"if","locations":[{"start":{"line":255,"column":4},"end":{"line":257,"column":null}},{"start":{},"end":{}}],"line":255},"26":{"loc":{"start":{"line":261,"column":6},"end":{"line":263,"column":null}},"type":"if","locations":[{"start":{"line":261,"column":6},"end":{"line":263,"column":null}},{"start":{},"end":{}}],"line":261},"27":{"loc":{"start":{"line":261,"column":10},"end":{"line":261,"column":63}},"type":"binary-expr","locations":[{"start":{"line":261,"column":10},"end":{"line":261,"column":37}},{"start":{"line":261,"column":37},"end":{"line":261,"column":63}}],"line":261},"28":{"loc":{"start":{"line":277,"column":40},"end":{"line":277,"column":79}},"type":"default-arg","locations":[{"start":{"line":277,"column":47},"end":{"line":277,"column":79}}],"line":277},"29":{"loc":{"start":{"line":278,"column":2},"end":{"line":278,"column":null}},"type":"if","locations":[{"start":{"line":278,"column":2},"end":{"line":278,"column":null}},{"start":{},"end":{}}],"line":278},"30":{"loc":{"start":{"line":278,"column":6},"end":{"line":278,"column":70}},"type":"binary-expr","locations":[{"start":{"line":278,"column":6},"end":{"line":278,"column":24}},{"start":{"line":278,"column":24},"end":{"line":278,"column":53}},{"start":{"line":278,"column":53},"end":{"line":278,"column":70}}],"line":278},"31":{"loc":{"start":{"line":282,"column":4},"end":{"line":282,"column":null}},"type":"if","locations":[{"start":{"line":282,"column":4},"end":{"line":282,"column":null}},{"start":{},"end":{}}],"line":282},"32":{"loc":{"start":{"line":282,"column":8},"end":{"line":282,"column":45}},"type":"binary-expr","locations":[{"start":{"line":282,"column":8},"end":{"line":282,"column":22}},{"start":{"line":282,"column":22},"end":{"line":282,"column":45}}],"line":282},"33":{"loc":{"start":{"line":290,"column":2},"end":{"line":295,"column":null}},"type":"if","locations":[{"start":{"line":290,"column":2},"end":{"line":295,"column":null}},{"start":{},"end":{}}],"line":290},"34":{"loc":{"start":{"line":291,"column":4},"end":{"line":292,"column":null}},"type":"binary-expr","locations":[{"start":{"line":291,"column":4},"end":{"line":291,"column":17}},{"start":{"line":291,"column":17},"end":{"line":291,"column":49}},{"start":{"line":291,"column":49},"end":{"line":291,"column":null}},{"start":{"line":292,"column":7},"end":{"line":292,"column":23}},{"start":{"line":292,"column":23},"end":{"line":292,"column":58}},{"start":{"line":292,"column":58},"end":{"line":292,"column":null}}],"line":291},"35":{"loc":{"start":{"line":307,"column":2},"end":{"line":315,"column":null}},"type":"if","locations":[{"start":{"line":307,"column":2},"end":{"line":315,"column":null}},{"start":{},"end":{}}],"line":307},"36":{"loc":{"start":{"line":308,"column":4},"end":{"line":312,"column":null}},"type":"binary-expr","locations":[{"start":{"line":308,"column":4},"end":{"line":308,"column":19}},{"start":{"line":308,"column":19},"end":{"line":308,"column":53}},{"start":{"line":308,"column":53},"end":{"line":308,"column":null}},{"start":{"line":309,"column":7},"end":{"line":309,"column":22}},{"start":{"line":309,"column":22},"end":{"line":309,"column":56}},{"start":{"line":309,"column":56},"end":{"line":309,"column":null}},{"start":{"line":310,"column":7},"end":{"line":310,"column":25}},{"start":{"line":310,"column":25},"end":{"line":310,"column":62}},{"start":{"line":310,"column":62},"end":{"line":310,"column":null}},{"start":{"line":311,"column":8},"end":{"line":311,"column":26}},{"start":{"line":311,"column":26},"end":{"line":311,"column":null}},{"start":{"line":312,"column":10},"end":{"line":312,"column":48}},{"start":{"line":312,"column":48},"end":{"line":312,"column":null}}],"line":308},"37":{"loc":{"start":{"line":320,"column":8},"end":{"line":322,"column":null}},"type":"cond-expr","locations":[{"start":{"line":321,"column":8},"end":{"line":321,"column":null}},{"start":{"line":322,"column":8},"end":{"line":322,"column":null}}],"line":320},"38":{"loc":{"start":{"line":320,"column":8},"end":{"line":320,"column":null}},"type":"binary-expr","locations":[{"start":{"line":320,"column":8},"end":{"line":320,"column":26}},{"start":{"line":320,"column":26},"end":{"line":320,"column":null}}],"line":320},"39":{"loc":{"start":{"line":324,"column":2},"end":{"line":326,"column":null}},"type":"if","locations":[{"start":{"line":324,"column":2},"end":{"line":326,"column":null}},{"start":{},"end":{}}],"line":324},"40":{"loc":{"start":{"line":324,"column":6},"end":{"line":324,"column":92}},"type":"binary-expr","locations":[{"start":{"line":324,"column":6},"end":{"line":324,"column":37}},{"start":{"line":324,"column":37},"end":{"line":324,"column":66}},{"start":{"line":324,"column":66},"end":{"line":324,"column":92}}],"line":324},"41":{"loc":{"start":{"line":327,"column":2},"end":{"line":329,"column":null}},"type":"if","locations":[{"start":{"line":327,"column":2},"end":{"line":329,"column":null}},{"start":{},"end":{}}],"line":327},"42":{"loc":{"start":{"line":327,"column":6},"end":{"line":327,"column":96}},"type":"binary-expr","locations":[{"start":{"line":327,"column":6},"end":{"line":327,"column":38}},{"start":{"line":327,"column":38},"end":{"line":327,"column":70}},{"start":{"line":327,"column":70},"end":{"line":327,"column":96}}],"line":327},"43":{"loc":{"start":{"line":330,"column":2},"end":{"line":341,"column":null}},"type":"if","locations":[{"start":{"line":330,"column":2},"end":{"line":341,"column":null}},{"start":{},"end":{}}],"line":330},"44":{"loc":{"start":{"line":331,"column":4},"end":{"line":333,"column":null}},"type":"binary-expr","locations":[{"start":{"line":331,"column":4},"end":{"line":331,"column":null}},{"start":{"line":332,"column":8},"end":{"line":332,"column":40}},{"start":{"line":332,"column":40},"end":{"line":332,"column":null}},{"start":{"line":333,"column":7},"end":{"line":333,"column":null}}],"line":331},"45":{"loc":{"start":{"line":342,"column":2},"end":{"line":354,"column":null}},"type":"if","locations":[{"start":{"line":342,"column":2},"end":{"line":354,"column":null}},{"start":{},"end":{}}],"line":342},"46":{"loc":{"start":{"line":342,"column":6},"end":{"line":342,"column":98}},"type":"binary-expr","locations":[{"start":{"line":342,"column":6},"end":{"line":342,"column":43}},{"start":{"line":342,"column":43},"end":{"line":342,"column":73}},{"start":{"line":342,"column":73},"end":{"line":342,"column":98}}],"line":342},"47":{"loc":{"start":{"line":344,"column":4},"end":{"line":346,"column":null}},"type":"if","locations":[{"start":{"line":344,"column":4},"end":{"line":346,"column":null}},{"start":{},"end":{}}],"line":344},"48":{"loc":{"start":{"line":344,"column":8},"end":{"line":344,"column":97}},"type":"binary-expr","locations":[{"start":{"line":344,"column":8},"end":{"line":344,"column":28}},{"start":{"line":344,"column":28},"end":{"line":344,"column":67}},{"start":{"line":344,"column":67},"end":{"line":344,"column":97}}],"line":344},"49":{"loc":{"start":{"line":355,"column":2},"end":{"line":367,"column":null}},"type":"if","locations":[{"start":{"line":355,"column":2},"end":{"line":367,"column":null}},{"start":{},"end":{}}],"line":355},"50":{"loc":{"start":{"line":355,"column":6},"end":{"line":355,"column":95}},"type":"binary-expr","locations":[{"start":{"line":355,"column":6},"end":{"line":355,"column":40}},{"start":{"line":355,"column":40},"end":{"line":355,"column":70}},{"start":{"line":355,"column":70},"end":{"line":355,"column":95}}],"line":355},"51":{"loc":{"start":{"line":357,"column":4},"end":{"line":359,"column":null}},"type":"if","locations":[{"start":{"line":357,"column":4},"end":{"line":359,"column":null}},{"start":{},"end":{}}],"line":357},"52":{"loc":{"start":{"line":357,"column":8},"end":{"line":357,"column":85}},"type":"binary-expr","locations":[{"start":{"line":357,"column":8},"end":{"line":357,"column":26}},{"start":{"line":357,"column":26},"end":{"line":357,"column":59}},{"start":{"line":357,"column":59},"end":{"line":357,"column":85}}],"line":357},"53":{"loc":{"start":{"line":372,"column":2},"end":{"line":372,"column":null}},"type":"if","locations":[{"start":{"line":372,"column":2},"end":{"line":372,"column":null}},{"start":{},"end":{}}],"line":372},"54":{"loc":{"start":{"line":374,"column":2},"end":{"line":374,"column":null}},"type":"if","locations":[{"start":{"line":374,"column":2},"end":{"line":374,"column":null}},{"start":{},"end":{}}],"line":374},"55":{"loc":{"start":{"line":381,"column":33},"end":{"line":381,"column":82}},"type":"cond-expr","locations":[{"start":{"line":381,"column":53},"end":{"line":381,"column":73}},{"start":{"line":381,"column":73},"end":{"line":381,"column":82}}],"line":381},"56":{"loc":{"start":{"line":382,"column":2},"end":{"line":388,"column":null}},"type":"if","locations":[{"start":{"line":382,"column":2},"end":{"line":388,"column":null}},{"start":{},"end":{}}],"line":382},"57":{"loc":{"start":{"line":384,"column":4},"end":{"line":386,"column":null}},"type":"if","locations":[{"start":{"line":384,"column":4},"end":{"line":386,"column":null}},{"start":{},"end":{}}],"line":384},"58":{"loc":{"start":{"line":384,"column":8},"end":{"line":384,"column":67}},"type":"binary-expr","locations":[{"start":{"line":384,"column":8},"end":{"line":384,"column":27}},{"start":{"line":384,"column":27},"end":{"line":384,"column":67}}],"line":384},"59":{"loc":{"start":{"line":389,"column":2},"end":{"line":394,"column":null}},"type":"if","locations":[{"start":{"line":389,"column":2},"end":{"line":394,"column":null}},{"start":{},"end":{}}],"line":389},"60":{"loc":{"start":{"line":390,"column":4},"end":{"line":392,"column":null}},"type":"if","locations":[{"start":{"line":390,"column":4},"end":{"line":392,"column":null}},{"start":{},"end":{}}],"line":390},"61":{"loc":{"start":{"line":390,"column":8},"end":{"line":390,"column":72}},"type":"binary-expr","locations":[{"start":{"line":390,"column":8},"end":{"line":390,"column":31}},{"start":{"line":390,"column":31},"end":{"line":390,"column":72}}],"line":390},"62":{"loc":{"start":{"line":399,"column":9},"end":{"line":399,"column":null}},"type":"binary-expr","locations":[{"start":{"line":399,"column":9},"end":{"line":399,"column":41}},{"start":{"line":399,"column":41},"end":{"line":399,"column":null}}],"line":399},"63":{"loc":{"start":{"line":407,"column":2},"end":{"line":407,"column":null}},"type":"if","locations":[{"start":{"line":407,"column":2},"end":{"line":407,"column":null}},{"start":{},"end":{}}],"line":407},"64":{"loc":{"start":{"line":428,"column":4},"end":{"line":431,"column":null}},"type":"if","locations":[{"start":{"line":428,"column":4},"end":{"line":431,"column":null}},{"start":{},"end":{}}],"line":428},"65":{"loc":{"start":{"line":428,"column":8},"end":{"line":428,"column":87}},"type":"binary-expr","locations":[{"start":{"line":428,"column":8},"end":{"line":428,"column":22}},{"start":{"line":428,"column":22},"end":{"line":428,"column":47}},{"start":{"line":428,"column":47},"end":{"line":428,"column":87}}],"line":428},"66":{"loc":{"start":{"line":442,"column":2},"end":{"line":452,"column":null}},"type":"if","locations":[{"start":{"line":442,"column":2},"end":{"line":452,"column":null}},{"start":{},"end":{}}],"line":442},"67":{"loc":{"start":{"line":443,"column":4},"end":{"line":446,"column":null}},"type":"binary-expr","locations":[{"start":{"line":443,"column":4},"end":{"line":443,"column":28}},{"start":{"line":443,"column":28},"end":{"line":443,"column":null}},{"start":{"line":444,"column":7},"end":{"line":444,"column":31}},{"start":{"line":444,"column":31},"end":{"line":444,"column":null}},{"start":{"line":445,"column":8},"end":{"line":445,"column":null}},{"start":{"line":446,"column":7},"end":{"line":446,"column":null}}],"line":443},"68":{"loc":{"start":{"line":454,"column":2},"end":{"line":469,"column":null}},"type":"if","locations":[{"start":{"line":454,"column":2},"end":{"line":469,"column":null}},{"start":{},"end":{}}],"line":454},"69":{"loc":{"start":{"line":454,"column":6},"end":{"line":454,"column":50}},"type":"binary-expr","locations":[{"start":{"line":454,"column":6},"end":{"line":454,"column":22}},{"start":{"line":454,"column":22},"end":{"line":454,"column":50}}],"line":454},"70":{"loc":{"start":{"line":474,"column":8},"end":{"line":474,"column":null}},"type":"cond-expr","locations":[{"start":{"line":474,"column":27},"end":{"line":474,"column":58}},{"start":{"line":474,"column":58},"end":{"line":474,"column":null}}],"line":474},"71":{"loc":{"start":{"line":486,"column":36},"end":{"line":486,"column":70}},"type":"cond-expr","locations":[{"start":{"line":486,"column":45},"end":{"line":486,"column":67}},{"start":{"line":486,"column":67},"end":{"line":486,"column":70}}],"line":486},"72":{"loc":{"start":{"line":504,"column":2},"end":{"line":504,"column":null}},"type":"if","locations":[{"start":{"line":504,"column":2},"end":{"line":504,"column":null}},{"start":{},"end":{}}],"line":504},"73":{"loc":{"start":{"line":509,"column":6},"end":{"line":509,"column":null}},"type":"if","locations":[{"start":{"line":509,"column":6},"end":{"line":509,"column":null}},{"start":{},"end":{}}],"line":509},"74":{"loc":{"start":{"line":525,"column":4},"end":{"line":525,"column":null}},"type":"if","locations":[{"start":{"line":525,"column":4},"end":{"line":525,"column":null}},{"start":{},"end":{}}],"line":525},"75":{"loc":{"start":{"line":550,"column":2},"end":{"line":552,"column":null}},"type":"if","locations":[{"start":{"line":550,"column":2},"end":{"line":552,"column":null}},{"start":{},"end":{}}],"line":550},"76":{"loc":{"start":{"line":550,"column":6},"end":{"line":550,"column":84}},"type":"binary-expr","locations":[{"start":{"line":550,"column":6},"end":{"line":550,"column":25}},{"start":{"line":550,"column":25},"end":{"line":550,"column":54}},{"start":{"line":550,"column":54},"end":{"line":550,"column":84}}],"line":550},"77":{"loc":{"start":{"line":557,"column":6},"end":{"line":565,"column":null}},"type":"if","locations":[{"start":{"line":557,"column":6},"end":{"line":565,"column":null}},{"start":{},"end":{}}],"line":557},"78":{"loc":{"start":{"line":558,"column":8},"end":{"line":563,"column":null}},"type":"if","locations":[{"start":{"line":558,"column":8},"end":{"line":563,"column":null}},{"start":{},"end":{}}],"line":558},"79":{"loc":{"start":{"line":558,"column":12},"end":{"line":558,"column":80}},"type":"binary-expr","locations":[{"start":{"line":558,"column":12},"end":{"line":558,"column":40}},{"start":{"line":558,"column":40},"end":{"line":558,"column":80}}],"line":558},"80":{"loc":{"start":{"line":581,"column":6},"end":{"line":581,"column":null}},"type":"if","locations":[{"start":{"line":581,"column":6},"end":{"line":581,"column":null}},{"start":{},"end":{}}],"line":581},"81":{"loc":{"start":{"line":586,"column":6},"end":{"line":586,"column":null}},"type":"if","locations":[{"start":{"line":586,"column":6},"end":{"line":586,"column":null}},{"start":{},"end":{}}],"line":586},"82":{"loc":{"start":{"line":626,"column":9},"end":{"line":626,"column":93}},"type":"binary-expr","locations":[{"start":{"line":626,"column":9},"end":{"line":626,"column":30}},{"start":{"line":626,"column":30},"end":{"line":626,"column":61}},{"start":{"line":626,"column":61},"end":{"line":626,"column":93}}],"line":626},"83":{"loc":{"start":{"line":628,"column":4},"end":{"line":628,"column":null}},"type":"if","locations":[{"start":{"line":628,"column":4},"end":{"line":628,"column":null}},{"start":{},"end":{}}],"line":628},"84":{"loc":{"start":{"line":629,"column":4},"end":{"line":631,"column":null}},"type":"if","locations":[{"start":{"line":629,"column":4},"end":{"line":631,"column":null}},{"start":{},"end":{}}],"line":629},"85":{"loc":{"start":{"line":632,"column":4},"end":{"line":639,"column":null}},"type":"if","locations":[{"start":{"line":632,"column":4},"end":{"line":639,"column":null}},{"start":{},"end":{}}],"line":632},"86":{"loc":{"start":{"line":667,"column":4},"end":{"line":672,"column":null}},"type":"if","locations":[{"start":{"line":667,"column":4},"end":{"line":672,"column":null}},{"start":{},"end":{}}],"line":667},"87":{"loc":{"start":{"line":676,"column":4},"end":{"line":681,"column":null}},"type":"if","locations":[{"start":{"line":676,"column":4},"end":{"line":681,"column":null}},{"start":{},"end":{}}],"line":676},"88":{"loc":{"start":{"line":676,"column":8},"end":{"line":676,"column":94}},"type":"binary-expr","locations":[{"start":{"line":676,"column":8},"end":{"line":676,"column":25}},{"start":{"line":676,"column":25},"end":{"line":676,"column":65}},{"start":{"line":676,"column":65},"end":{"line":676,"column":94}}],"line":676},"89":{"loc":{"start":{"line":684,"column":6},"end":{"line":689,"column":null}},"type":"if","locations":[{"start":{"line":684,"column":6},"end":{"line":689,"column":null}},{"start":{},"end":{}}],"line":684},"90":{"loc":{"start":{"line":691,"column":6},"end":{"line":697,"column":null}},"type":"if","locations":[{"start":{"line":691,"column":6},"end":{"line":697,"column":null}},{"start":{},"end":{}}],"line":691},"91":{"loc":{"start":{"line":691,"column":10},"end":{"line":691,"column":63}},"type":"binary-expr","locations":[{"start":{"line":691,"column":10},"end":{"line":691,"column":30}},{"start":{"line":691,"column":30},"end":{"line":691,"column":63}}],"line":691},"92":{"loc":{"start":{"line":709,"column":4},"end":{"line":716,"column":null}},"type":"if","locations":[{"start":{"line":709,"column":4},"end":{"line":716,"column":null}},{"start":{},"end":{}}],"line":709},"93":{"loc":{"start":{"line":709,"column":8},"end":{"line":709,"column":79}},"type":"binary-expr","locations":[{"start":{"line":709,"column":8},"end":{"line":709,"column":36}},{"start":{"line":709,"column":36},"end":{"line":709,"column":79}}],"line":709},"94":{"loc":{"start":{"line":739,"column":6},"end":{"line":749,"column":null}},"type":"if","locations":[{"start":{"line":739,"column":6},"end":{"line":749,"column":null}},{"start":{},"end":{}}],"line":739},"95":{"loc":{"start":{"line":739,"column":10},"end":{"line":739,"column":51}},"type":"binary-expr","locations":[{"start":{"line":739,"column":10},"end":{"line":739,"column":19}},{"start":{"line":739,"column":19},"end":{"line":739,"column":51}}],"line":739},"96":{"loc":{"start":{"line":757,"column":6},"end":{"line":764,"column":null}},"type":"if","locations":[{"start":{"line":757,"column":6},"end":{"line":764,"column":null}},{"start":{},"end":{}}],"line":757},"97":{"loc":{"start":{"line":757,"column":10},"end":{"line":757,"column":81}},"type":"binary-expr","locations":[{"start":{"line":757,"column":10},"end":{"line":757,"column":38}},{"start":{"line":757,"column":38},"end":{"line":757,"column":81}}],"line":757},"98":{"loc":{"start":{"line":785,"column":8},"end":{"line":790,"column":null}},"type":"if","locations":[{"start":{"line":785,"column":8},"end":{"line":790,"column":null}},{"start":{},"end":{}}],"line":785},"99":{"loc":{"start":{"line":785,"column":12},"end":{"line":787,"column":null}},"type":"binary-expr","locations":[{"start":{"line":785,"column":12},"end":{"line":785,"column":null}},{"start":{"line":786,"column":10},"end":{"line":786,"column":null}},{"start":{"line":787,"column":13},"end":{"line":787,"column":null}}],"line":785},"100":{"loc":{"start":{"line":809,"column":22},"end":{"line":809,"column":42}},"type":"binary-expr","locations":[{"start":{"line":809,"column":22},"end":{"line":809,"column":39}},{"start":{"line":809,"column":39},"end":{"line":809,"column":42}}],"line":809},"101":{"loc":{"start":{"line":810,"column":6},"end":{"line":823,"column":null}},"type":"if","locations":[{"start":{"line":810,"column":6},"end":{"line":823,"column":null}},{"start":{},"end":{}}],"line":810},"102":{"loc":{"start":{"line":831,"column":16},"end":{"line":831,"column":null}},"type":"cond-expr","locations":[{"start":{"line":831,"column":36},"end":{"line":831,"column":50}},{"start":{"line":831,"column":50},"end":{"line":831,"column":null}}],"line":831}},"s":{"0":16,"1":16,"2":16,"3":16,"4":16,"5":16,"6":16,"7":16,"8":2,"9":19,"10":19,"11":0,"12":307,"13":0,"14":307,"15":307,"16":307,"17":0,"18":22,"19":22,"20":22,"21":22,"22":22,"23":1,"24":21,"25":136,"26":74,"27":62,"28":62,"29":62,"30":62,"31":61,"32":61,"33":61,"34":10,"35":10,"36":0,"37":10,"38":10,"39":10,"40":11,"41":11,"42":2,"43":9,"44":7,"45":7,"46":15,"47":0,"48":7,"49":51,"50":51,"51":0,"52":51,"53":51,"54":85,"55":0,"56":51,"57":51,"58":85,"59":85,"60":0,"61":85,"62":48,"63":61,"64":25,"65":9,"66":16,"67":16,"68":11,"69":11,"70":11,"71":16,"72":2,"73":2,"74":2,"75":0,"76":2,"77":6,"78":6,"79":6,"80":6,"81":6,"82":6,"83":6,"84":6,"85":0,"86":6,"87":6,"88":2,"89":4,"90":1,"91":3,"92":1,"93":2,"94":1,"95":1,"96":0,"97":1,"98":1,"99":1,"100":1,"101":0,"102":1,"103":0,"104":11,"105":4,"106":7,"107":7,"108":0,"109":6,"110":11,"111":11,"112":11,"113":11,"114":6,"115":6,"116":3,"117":1,"118":5,"119":4,"120":3,"121":3,"122":1,"123":2,"124":1,"125":37,"126":9,"127":9,"128":0,"129":9,"130":7,"131":2,"132":4,"133":4,"134":8,"135":8,"136":4,"137":4,"138":4,"139":0,"140":20,"141":20,"142":20,"143":20,"144":20,"145":3,"146":17,"147":2,"148":2,"149":2,"150":0,"151":17,"152":2,"153":16,"154":14,"155":2,"156":2,"157":2,"158":2,"159":2,"160":2,"161":0,"162":2,"163":2,"164":2,"165":2,"166":1,"167":1,"168":2,"169":2,"170":1,"171":1,"172":0,"173":0,"174":2,"175":0,"176":25,"177":25,"178":25,"179":14,"180":0,"181":14,"182":14,"183":14,"184":26,"185":26,"186":3,"187":1,"188":2,"189":23,"190":11,"191":0,"192":2,"193":2,"194":2,"195":1,"196":0,"197":1,"198":1,"199":2,"200":0,"201":0,"202":0,"203":0,"204":2,"205":2,"206":0,"207":5,"208":13,"209":13,"210":13,"211":14,"212":14,"213":11,"214":3,"215":1,"216":2,"217":0,"218":2,"219":2,"220":0,"221":7,"222":20,"223":20,"224":20,"225":20,"226":0,"227":20,"228":20,"229":20,"230":20,"231":0,"232":20,"233":20,"234":22,"235":22,"236":0,"237":22,"238":22,"239":1,"240":20,"241":20,"242":18,"243":20,"244":20,"245":1,"246":16,"247":16,"248":2,"249":14,"250":14,"251":14,"252":17,"253":17,"254":1,"255":16,"256":13,"257":13,"258":13,"259":13,"260":14,"261":0,"262":14,"263":14,"264":14,"265":14,"266":13,"267":3,"268":2,"269":1,"270":11,"271":11,"272":4,"273":7,"274":14,"275":2,"276":5,"277":5,"278":5,"279":4},"f":{"0":16,"1":2,"2":19,"3":307,"4":22,"5":136,"6":15,"7":85,"8":25,"9":2,"10":6,"11":11,"12":11,"13":3,"14":3,"15":37,"16":9,"17":7,"18":2,"19":4,"20":20,"21":2,"22":16,"23":2,"24":2,"25":2,"26":1,"27":1,"28":1,"29":1,"30":0,"31":0,"32":25,"33":14,"34":2,"35":2,"36":1,"37":0,"38":5,"39":13,"40":7,"41":20,"42":20,"43":14},"b":{"0":[16],"1":[2,0],"2":[2,0],"3":[2,0],"4":[2,0],"5":[0,307],"6":[307,307],"7":[276,31],"8":[307,280],"9":[1,21],"10":[22,22,22,22,22,22,22,22,22,22,21],"11":[136],"12":[74,62],"13":[136,136,87,77,15],"14":[0,62],"15":[1,61],"16":[10,51],"17":[0,10],"18":[10,10,10],"19":[2,9],"20":[11,10],"21":[0,7],"22":[15,8,8],"23":[0,51],"24":[51,0],"25":[0,51],"26":[0,85],"27":[85,85],"28":[25],"29":[9,16],"30":[25,25,16],"31":[11,0],"32":[11,11],"33":[0,2],"34":[2,2,2,2,2,2],"35":[0,6],"36":[6,6,6,6,6,6,6,6,6,6,1,1,1],"37":[1,5],"38":[6,1],"39":[2,4],"40":[6,2,2],"41":[1,3],"42":[4,1,1],"43":[1,2],"44":[3,1,1,1],"45":[1,1],"46":[2,1,1],"47":[0,1],"48":[1,1,1],"49":[1,0],"50":[1,1,1],"51":[0,1],"52":[1,1,1],"53":[4,7],"54":[0,7],"55":[7,4],"56":[6,5],"57":[1,5],"58":[6,6],"59":[3,1],"60":[1,2],"61":[3,3],"62":[37,36],"63":[0,9],"64":[4,4],"65":[8,4,4],"66":[3,17],"67":[20,19,18,18,18,17],"68":[2,15],"69":[17,2],"70":[2,15],"71":[1,1],"72":[14,2],"73":[0,2],"74":[0,2],"75":[0,14],"76":[14,14,0],"77":[3,23],"78":[1,2],"79":[3,2],"80":[0,1],"81":[0,0],"82":[13,14,0],"83":[11,3],"84":[1,2],"85":[0,2],"86":[0,20],"87":[0,20],"88":[20,20,20],"89":[0,22],"90":[1,21],"91":[22,20],"92":[1,19],"93":[20,2],"94":[1,16],"95":[17,16],"96":[0,14],"97":[14,1],"98":[2,1],"99":[3,2,1],"100":[7,0],"101":[2,12],"102":[1,3]},"meta":{"lastBranch":103,"lastFunction":44,"lastStatement":280,"seen":{"f:125:2:125:Infinity":0,"b:128:44:128:Infinity":0,"s:130:4:130:Infinity":0,"s:131:4:131:Infinity":1,"s:132:4:132:Infinity":2,"s:133:4:133:Infinity":3,"s:134:4:134:Infinity":4,"s:135:4:135:Infinity":5,"s:136:4:136:Infinity":6,"s:137:4:137:Infinity":7,"f:140:2:140:50":1,"s:141:4:148:Infinity":8,"b:144:45:144:85:144:85:144:Infinity":1,"b:145:45:145:85:145:85:145:Infinity":2,"b:146:46:146:88:146:88:146:Infinity":3,"b:147:38:147:64:147:64:147:Infinity":4,"f:152:16:152:40":2,"s:153:2:157:Infinity":9,"s:154:4:154:Infinity":10,"s:156:4:156:Infinity":11,"f:177:9:177:21":3,"b:178:2:178:Infinity:undefined:undefined:undefined:undefined":5,"s:178:2:178:Infinity":12,"b:178:6:178:24:178:24:178:51":6,"s:178:51:178:Infinity":13,"s:179:2:186:Infinity":14,"s:180:23:180:Infinity":15,"s:181:4:183:Infinity":16,"b:182:8:182:Infinity:183:8:183:Infinity":7,"b:181:11:181:25:181:25:181:Infinity":8,"s:185:4:185:Infinity":17,"f:189:9:189:28":4,"s:190:13:190:Infinity":18,"s:191:22:191:Infinity":19,"s:192:20:192:Infinity":20,"s:193:18:193:Infinity":21,"b:194:2:206:Infinity:undefined:undefined:undefined:undefined":9,"s:194:2:206:Infinity":22,"b:195:4:195:17:195:17:195:49:195:49:195:Infinity:196:7:196:29:196:29:196:Infinity:197:8:197:Infinity:198:7:198:27:198:27:198:Infinity:199:7:199:Infinity:200:7:200:25:200:25:200:Infinity":10,"s:202:4:205:Infinity":23,"s:207:2:212:Infinity":24,"f:215:9:215:23":5,"b:215:51:215:83":11,"b:216:2:223:Infinity:undefined:undefined:undefined:undefined":12,"s:216:2:223:Infinity":25,"b:217:4:217:Infinity:218:7:218:Infinity:219:7:219:Infinity:220:8:220:37:220:37:220:Infinity":13,"s:222:4:222:Infinity":26,"b:224:2:224:Infinity:undefined:undefined:undefined:undefined":14,"s:224:2:224:Infinity":27,"s:224:33:224:Infinity":28,"b:225:2:225:Infinity:undefined:undefined:undefined:undefined":15,"s:225:2:225:Infinity":29,"s:225:28:225:Infinity":30,"s:226:2:226:Infinity":31,"s:227:2:274:Infinity":32,"b:228:4:249:Infinity:undefined:undefined:undefined:undefined":16,"s:228:4:249:Infinity":33,"s:229:21:229:Infinity":34,"b:230:6:232:Infinity:undefined:undefined:undefined:undefined":17,"s:230:6:232:Infinity":35,"b:230:10:230:27:230:27:230:67:230:67:230:96":18,"s:231:8:231:Infinity":36,"s:233:31:233:Infinity":37,"s:234:6:240:Infinity":38,"s:234:23:234:26":39,"s:235:21:235:Infinity":40,"b:236:8:238:Infinity:undefined:undefined:undefined:undefined":19,"s:236:8:238:Infinity":41,"b:236:12:236:27:236:27:236:53":20,"s:237:10:237:Infinity":42,"s:239:8:239:Infinity":43,"s:241:19:241:Infinity":44,"b:242:6:247:Infinity:undefined:undefined:undefined:undefined":21,"s:242:6:247:Infinity":45,"f:242:15:242:21":6,"s:243:8:244:Infinity":46,"b:243:8:243:Infinity:244:12:244:39:244:39:244:Infinity":22,"s:246:8:246:Infinity":47,"s:248:6:248:Infinity":48,"s:250:22:250:Infinity":49,"b:251:4:253:Infinity:undefined:undefined:undefined:undefined":23,"s:251:4:253:Infinity":50,"b:251:8:251:42:251:42:251:62":24,"s:252:6:252:Infinity":51,"s:254:17:254:Infinity":52,"b:255:4:257:Infinity:undefined:undefined:undefined:undefined":25,"s:255:4:257:Infinity":53,"f:255:13:255:19":7,"s:255:27:255:50":54,"s:256:6:256:Infinity":55,"s:258:43:258:Infinity":56,"s:259:4:270:Infinity":57,"s:260:25:260:Infinity":58,"b:261:6:263:Infinity:undefined:undefined:undefined:undefined":26,"s:261:6:263:Infinity":59,"b:261:10:261:37:261:37:261:63":27,"s:262:8:262:Infinity":60,"s:264:6:269:Infinity":61,"s:271:4:271:Infinity":62,"s:273:4:273:Infinity":63,"f:277:9:277:24":8,"b:277:47:277:79":28,"b:278:2:278:Infinity:undefined:undefined:undefined:undefined":29,"s:278:2:278:Infinity":64,"b:278:6:278:24:278:24:278:53:278:53:278:70":30,"s:278:70:278:Infinity":65,"s:279:2:279:Infinity":66,"s:280:2:283:Infinity":67,"s:281:23:281:Infinity":68,"b:282:4:282:Infinity:undefined:undefined:undefined:undefined":31,"s:282:4:282:Infinity":69,"b:282:8:282:22:282:22:282:45":32,"s:282:45:282:Infinity":70,"s:284:2:284:Infinity":71,"f:287:9:287:25":9,"s:288:13:288:Infinity":72,"s:289:16:289:Infinity":73,"b:290:2:295:Infinity:undefined:undefined:undefined:undefined":33,"s:290:2:295:Infinity":74,"b:291:4:291:17:291:17:291:49:291:49:291:Infinity:292:7:292:23:292:23:292:58:292:58:292:Infinity":34,"s:294:4:294:Infinity":75,"s:296:2:296:Infinity":76,"f:299:9:299:24":10,"s:300:15:300:Infinity":77,"s:301:15:301:Infinity":78,"s:302:18:302:Infinity":79,"s:303:19:303:Infinity":80,"s:304:19:304:Infinity":81,"s:305:19:305:Infinity":82,"s:306:19:306:Infinity":83,"b:307:2:315:Infinity:undefined:undefined:undefined:undefined":35,"s:307:2:315:Infinity":84,"b:308:4:308:19:308:19:308:53:308:53:308:Infinity:309:7:309:22:309:22:309:56:309:56:309:Infinity:310:7:310:25:310:25:310:62:310:62:310:Infinity:311:8:311:26:311:26:311:Infinity:312:10:312:48:312:48:312:Infinity":36,"s:314:4:314:Infinity":85,"s:316:15:323:Infinity":86,"b:321:8:321:Infinity:322:8:322:Infinity":37,"b:320:8:320:26:320:26:320:Infinity":38,"b:324:2:326:Infinity:undefined:undefined:undefined:undefined":39,"s:324:2:326:Infinity":87,"b:324:6:324:37:324:37:324:66:324:66:324:92":40,"s:325:4:325:Infinity":88,"b:327:2:329:Infinity:undefined:undefined:undefined:undefined":41,"s:327:2:329:Infinity":89,"b:327:6:327:38:327:38:327:70:327:70:327:96":42,"s:328:4:328:Infinity":90,"b:330:2:341:Infinity:undefined:undefined:undefined:undefined":43,"s:330:2:341:Infinity":91,"b:331:4:331:Infinity:332:8:332:40:332:40:332:Infinity:333:7:333:Infinity":44,"s:335:4:340:Infinity":92,"b:342:2:354:Infinity:undefined:undefined:undefined:undefined":45,"s:342:2:354:Infinity":93,"b:342:6:342:43:342:43:342:73:342:73:342:98":46,"s:343:22:343:Infinity":94,"b:344:4:346:Infinity:undefined:undefined:undefined:undefined":47,"s:344:4:346:Infinity":95,"b:344:8:344:28:344:28:344:67:344:67:344:97":48,"s:345:6:345:Infinity":96,"s:347:4:353:Infinity":97,"b:355:2:367:Infinity:undefined:undefined:undefined:undefined":49,"s:355:2:367:Infinity":98,"b:355:6:355:40:355:40:355:70:355:70:355:95":50,"s:356:20:356:Infinity":99,"b:357:4:359:Infinity:undefined:undefined:undefined:undefined":51,"s:357:4:359:Infinity":100,"b:357:8:357:26:357:26:357:59:357:59:357:85":52,"s:358:6:358:Infinity":101,"s:360:4:366:Infinity":102,"s:368:2:368:Infinity":103,"f:371:9:371:25":11,"b:372:2:372:Infinity:undefined:undefined:undefined:undefined":53,"s:372:2:372:Infinity":104,"s:372:27:372:Infinity":105,"s:373:17:373:Infinity":106,"b:374:2:374:Infinity:undefined:undefined:undefined:undefined":54,"s:374:2:374:Infinity":107,"s:374:30:374:Infinity":108,"s:375:2:375:Infinity":109,"f:378:9:378:29":12,"s:379:17:379:Infinity":110,"s:380:22:380:Infinity":111,"s:381:17:381:Infinity":112,"b:381:53:381:73:381:73:381:82":55,"b:382:2:388:Infinity:undefined:undefined:undefined:undefined":56,"s:382:2:388:Infinity":113,"s:383:21:383:Infinity":114,"b:384:4:386:Infinity:undefined:undefined:undefined:undefined":57,"s:384:4:386:Infinity":115,"b:384:8:384:27:384:27:384:67":58,"f:384:34:384:40":13,"s:384:50:384:64":116,"s:385:6:385:Infinity":117,"s:387:4:387:Infinity":118,"b:389:2:394:Infinity:undefined:undefined:undefined:undefined":59,"s:389:2:394:Infinity":119,"b:390:4:392:Infinity:undefined:undefined:undefined:undefined":60,"s:390:4:392:Infinity":120,"b:390:8:390:31:390:31:390:72":61,"f:390:39:390:45":14,"s:390:55:390:69":121,"s:391:6:391:Infinity":122,"s:393:4:393:Infinity":123,"s:395:2:395:Infinity":124,"f:398:9:398:25":15,"s:399:2:399:Infinity":125,"b:399:9:399:41:399:41:399:Infinity":62,"f:402:9:402:Infinity":16,"s:406:17:406:Infinity":126,"b:407:2:407:Infinity:undefined:undefined:undefined:undefined":63,"s:407:2:407:Infinity":127,"s:407:15:407:Infinity":128,"s:408:2:408:Infinity":129,"f:411:9:411:25":17,"s:412:2:412:Infinity":130,"f:415:9:415:22":18,"s:416:2:416:Infinity":131,"f:419:9:419:Infinity":19,"s:425:33:425:Infinity":132,"s:426:2:433:Infinity":133,"s:427:23:427:Infinity":134,"b:428:4:431:Infinity:undefined:undefined:undefined:undefined":64,"s:428:4:431:Infinity":135,"b:428:8:428:22:428:22:428:47:428:47:428:87":65,"s:429:6:429:Infinity":136,"s:430:6:430:Infinity":137,"s:432:4:432:Infinity":138,"s:434:2:434:Infinity":139,"f:437:9:437:36":20,"s:438:24:438:Infinity":140,"s:439:24:439:Infinity":141,"s:440:18:440:Infinity":142,"s:441:17:441:Infinity":143,"b:442:2:452:Infinity:undefined:undefined:undefined:undefined":66,"s:442:2:452:Infinity":144,"b:443:4:443:28:443:28:443:Infinity:444:7:444:31:444:31:444:Infinity:445:8:445:Infinity:446:7:446:Infinity":67,"s:448:4:451:Infinity":145,"b:454:2:469:Infinity:undefined:undefined:undefined:undefined":68,"s:454:2:469:Infinity":146,"b:454:6:454:22:454:22:454:50":69,"s:455:4:468:Infinity":147,"s:456:6:456:Infinity":148,"s:457:6:457:Infinity":149,"s:459:6:467:Infinity":150,"s:470:2:475:Infinity":151,"b:474:27:474:58:474:58:474:Infinity":70,"f:478:9:478:Infinity":21,"s:484:2:494:Infinity":152,"b:486:45:486:67:486:67:486:70":71,"f:497:9:497:Infinity":22,"b:504:2:504:Infinity:undefined:undefined:undefined:undefined":72,"s:504:2:504:Infinity":153,"s:504:15:504:Infinity":154,"s:505:2:526:Infinity":155,"f:505:13:505:22":23,"s:506:18:506:Infinity":156,"s:507:10:507:Infinity":157,"f:507:10:507:32":24,"s:507:32:507:Infinity":158,"s:508:10:513:Infinity":159,"f:508:10:508:20":25,"b:509:6:509:Infinity:undefined:undefined:undefined:undefined":73,"s:509:6:509:Infinity":160,"s:509:19:509:Infinity":161,"s:510:6:510:Infinity":162,"s:511:6:511:Infinity":163,"s:512:6:512:Infinity":164,"s:514:10:519:Infinity":165,"f:514:10:514:32":26,"s:514:32:519:Infinity":166,"f:514:32:514:45":27,"s:514:45:519:6":167,"s:520:4:520:Infinity":168,"s:521:4:524:Infinity":169,"f:521:26:521:Infinity":28,"s:522:18:522:Infinity":170,"f:522:18:522:31":29,"s:522:31:522:46":171,"f:522:46:522:Infinity":30,"s:523:26:523:Infinity":172,"f:523:26:523:39":31,"s:523:39:523:52":173,"b:525:4:525:Infinity:undefined:undefined:undefined:undefined":74,"s:525:4:525:Infinity":174,"s:525:33:525:Infinity":175,"f:538:9:538:22":32,"s:539:14:539:Infinity":176,"s:540:2:545:Infinity":177,"s:546:2:546:Infinity":178,"f:549:9:549:27":33,"b:550:2:552:Infinity:undefined:undefined:undefined:undefined":75,"s:550:2:552:Infinity":179,"b:550:6:550:25:550:25:550:54:550:54:550:84":76,"s:551:4:551:Infinity":180,"s:553:2:571:Infinity":181,"s:554:33:554:Infinity":182,"s:555:4:567:Infinity":183,"s:556:25:556:Infinity":184,"b:557:6:565:Infinity:undefined:undefined:undefined:undefined":77,"s:557:6:565:Infinity":185,"b:558:8:563:Infinity:undefined:undefined:undefined:undefined":78,"s:558:8:563:Infinity":186,"b:558:12:558:40:558:40:558:80":79,"s:559:10:562:Infinity":187,"s:564:8:564:Infinity":188,"s:566:6:566:Infinity":189,"s:568:4:568:Infinity":190,"s:570:4:570:Infinity":191,"f:574:9:574:Infinity":34,"s:578:2:595:Infinity":192,"f:578:13:578:22":35,"s:579:18:579:Infinity":193,"s:580:10:584:Infinity":194,"f:580:10:580:25":36,"b:581:6:581:Infinity:undefined:undefined:undefined:undefined":80,"s:581:6:581:Infinity":195,"s:581:19:581:Infinity":196,"s:582:6:582:Infinity":197,"s:583:6:583:Infinity":198,"s:585:10:589:Infinity":199,"f:585:10:585:24":37,"b:586:6:586:Infinity:undefined:undefined:undefined:undefined":81,"s:586:6:586:Infinity":200,"s:586:19:586:Infinity":201,"s:587:6:587:Infinity":202,"s:588:6:588:Infinity":203,"s:590:4:594:Infinity":204,"s:591:6:591:Infinity":205,"s:593:6:593:Infinity":206,"f:598:9:598:Infinity":38,"s:604:2:614:Infinity":207,"f:617:15:617:Infinity":39,"s:624:16:624:Infinity":208,"s:625:15:625:Infinity":209,"s:626:2:648:Infinity":210,"b:626:9:626:30:626:30:626:61:626:61:626:93":82,"s:627:23:627:Infinity":211,"b:628:4:628:Infinity:undefined:undefined:undefined:undefined":83,"s:628:4:628:Infinity":212,"s:628:36:628:Infinity":213,"b:629:4:631:Infinity:undefined:undefined:undefined:undefined":84,"s:629:4:631:Infinity":214,"s:630:6:630:Infinity":215,"b:632:4:639:Infinity:undefined:undefined:undefined:undefined":85,"s:632:4:639:Infinity":216,"s:633:6:638:Infinity":217,"s:640:4:640:Infinity":218,"s:641:4:647:Infinity":219,"s:649:2:649:Infinity":220,"f:652:9:652:24":40,"s:653:2:653:Infinity":221,"f:660:2:660:14":41,"s:661:23:661:Infinity":222,"s:662:4:666:Infinity":223,"s:663:6:663:Infinity":224,"b:667:4:672:Infinity:undefined:undefined:undefined:undefined":86,"s:667:4:672:Infinity":225,"s:668:6:671:Infinity":226,"s:673:22:673:Infinity":227,"s:674:16:674:Infinity":228,"s:675:19:675:Infinity":229,"b:676:4:681:Infinity:undefined:undefined:undefined:undefined":87,"s:676:4:681:Infinity":230,"b:676:8:676:25:676:25:676:65:676:65:676:94":88,"s:677:6:680:Infinity":231,"s:682:4:700:Infinity":232,"s:682:21:682:24":233,"s:683:20:683:Infinity":234,"b:684:6:689:Infinity:undefined:undefined:undefined:undefined":89,"s:684:6:689:Infinity":235,"s:685:8:688:Infinity":236,"s:690:19:690:Infinity":237,"b:691:6:697:Infinity:undefined:undefined:undefined:undefined":90,"s:691:6:697:Infinity":238,"b:691:10:691:30:691:30:691:63":91,"s:692:8:696:Infinity":239,"s:698:6:698:Infinity":240,"s:699:6:699:Infinity":241,"s:701:4:701:Infinity":242,"f:704:8:704:Infinity":42,"s:708:30:708:Infinity":243,"b:709:4:716:Infinity:undefined:undefined:undefined:undefined":92,"s:709:4:716:Infinity":244,"b:709:8:709:36:709:36:709:79":93,"s:710:6:715:Infinity":245,"s:718:4:731:Infinity":246,"s:719:6:719:Infinity":247,"s:721:6:730:Infinity":248,"s:732:45:732:Infinity":249,"s:733:4:751:Infinity":250,"s:734:20:734:Infinity":251,"s:738:19:738:Infinity":252,"b:739:6:749:Infinity:undefined:undefined:undefined:undefined":94,"s:739:6:749:Infinity":253,"b:739:10:739:19:739:19:739:51":95,"s:740:8:748:Infinity":254,"s:750:6:750:Infinity":255,"s:753:25:753:Infinity":256,"s:754:59:754:Infinity":257,"s:755:44:755:Infinity":258,"s:756:4:827:Infinity":259,"b:757:6:764:Infinity:undefined:undefined:undefined:undefined":96,"s:757:6:764:Infinity":260,"b:757:10:757:38:757:38:757:81":97,"s:758:8:763:Infinity":261,"s:766:6:802:Infinity":262,"s:767:26:767:Infinity":263,"s:768:24:776:Infinity":264,"f:769:28:769:39":43,"s:769:39:771:11":265,"s:777:8:783:Infinity":266,"b:785:8:790:Infinity:undefined:undefined:undefined:undefined":98,"s:785:8:790:Infinity":267,"b:785:12:785:Infinity:786:10:786:Infinity:787:13:787:Infinity":99,"s:789:10:789:Infinity":268,"s:791:8:801:Infinity":269,"s:804:6:808:Infinity":270,"s:805:8:805:Infinity":271,"s:807:8:807:Infinity":272,"s:809:6:809:Infinity":273,"b:809:22:809:39:809:39:809:42":100,"b:810:6:823:Infinity:undefined:undefined:undefined:undefined":101,"s:810:6:823:Infinity":274,"s:811:8:822:Infinity":275,"s:824:6:824:Infinity":276,"s:825:6:825:Infinity":277,"s:826:6:826:Infinity":278,"s:828:4:838:Infinity":279,"b:831:36:831:50:831:50:831:Infinity":102}}}
}
