{"D:\\DEV\\sprite-boy\\core\\assets\\contentIdentity.ts": {"path":"D:\\DEV\\sprite-boy\\core\\assets\\contentIdentity.ts","statementMap":{"0":{"start":{"line":5,"column":44},"end":{"line":5,"column":null}},"1":{"start":{"line":6,"column":46},"end":{"line":6,"column":null}},"2":{"start":{"line":7,"column":37},"end":{"line":7,"column":null}},"3":{"start":{"line":37,"column":2},"end":{"line":37,"column":null}},"4":{"start":{"line":37,"column":24},"end":{"line":37,"column":null}},"5":{"start":{"line":38,"column":2},"end":{"line":42,"column":null}},"6":{"start":{"line":46,"column":2},"end":{"line":52,"column":null}},"7":{"start":{"line":47,"column":19},"end":{"line":47,"column":null}},"8":{"start":{"line":48,"column":4},"end":{"line":48,"column":null}},"9":{"start":{"line":48,"column":17},"end":{"line":48,"column":null}},"10":{"start":{"line":49,"column":4},"end":{"line":49,"column":null}},"11":{"start":{"line":49,"column":32},"end":{"line":49,"column":null}},"12":{"start":{"line":51,"column":4},"end":{"line":51,"column":null}},"13":{"start":{"line":63,"column":2},"end":{"line":65,"column":null}},"14":{"start":{"line":64,"column":4},"end":{"line":64,"column":null}},"15":{"start":{"line":66,"column":2},"end":{"line":86,"column":null}},"16":{"start":{"line":67,"column":23},"end":{"line":67,"column":null}},"17":{"start":{"line":68,"column":23},"end":{"line":68,"column":null}},"18":{"start":{"line":69,"column":24},"end":{"line":69,"column":null}},"19":{"start":{"line":70,"column":4},"end":{"line":70,"column":null}},"20":{"start":{"line":70,"column":73},"end":{"line":70,"column":null}},"21":{"start":{"line":71,"column":21},"end":{"line":71,"column":null}},"22":{"start":{"line":72,"column":21},"end":{"line":72,"column":null}},"23":{"start":{"line":73,"column":4},"end":{"line":75,"column":null}},"24":{"start":{"line":74,"column":6},"end":{"line":74,"column":null}},"25":{"start":{"line":76,"column":23},"end":{"line":80,"column":null}},"26":{"start":{"line":81,"column":27},"end":{"line":81,"column":null}},"27":{"start":{"line":82,"column":4},"end":{"line":82,"column":null}},"28":{"start":{"line":82,"column":37},"end":{"line":82,"column":null}},"29":{"start":{"line":83,"column":4},"end":{"line":83,"column":null}},"30":{"start":{"line":85,"column":4},"end":{"line":85,"column":null}},"31":{"start":{"line":91,"column":2},"end":{"line":98,"column":null}},"32":{"start":{"line":92,"column":19},"end":{"line":92,"column":null}},"33":{"start":{"line":93,"column":4},"end":{"line":95,"column":null}},"34":{"start":{"line":94,"column":6},"end":{"line":94,"column":null}},"35":{"start":{"line":97,"column":4},"end":{"line":97,"column":null}},"36":{"start":{"line":99,"column":2},"end":{"line":105,"column":null}},"37":{"start":{"line":100,"column":4},"end":{"line":104,"column":null}},"38":{"start":{"line":106,"column":2},"end":{"line":112,"column":null}},"39":{"start":{"line":107,"column":4},"end":{"line":111,"column":null}},"40":{"start":{"line":113,"column":2},"end":{"line":124,"column":null}},"41":{"start":{"line":114,"column":4},"end":{"line":117,"column":null}},"42":{"start":{"line":116,"column":16},"end":{"line":116,"column":null}},"43":{"start":{"line":119,"column":4},"end":{"line":123,"column":null}},"44":{"start":{"line":132,"column":21},"end":{"line":132,"column":null}},"45":{"start":{"line":133,"column":2},"end":{"line":139,"column":null}},"46":{"start":{"line":134,"column":4},"end":{"line":138,"column":null}},"47":{"start":{"line":140,"column":2},"end":{"line":140,"column":null}},"48":{"start":{"line":141,"column":17},"end":{"line":141,"column":null}},"49":{"start":{"line":142,"column":2},"end":{"line":148,"column":null}},"50":{"start":{"line":143,"column":4},"end":{"line":147,"column":null}},"51":{"start":{"line":151,"column":2},"end":{"line":166,"column":null}},"52":{"start":{"line":152,"column":30},"end":{"line":152,"column":null}},"53":{"start":{"line":153,"column":4},"end":{"line":153,"column":null}},"54":{"start":{"line":153,"column":49},"end":{"line":153,"column":null}},"55":{"start":{"line":154,"column":4},"end":{"line":158,"column":null}},"56":{"start":{"line":160,"column":4},"end":{"line":160,"column":null}},"57":{"start":{"line":161,"column":4},"end":{"line":165,"column":null}},"58":{"start":{"line":167,"column":2},"end":{"line":167,"column":null}},"59":{"start":{"line":171,"column":2},"end":{"line":187,"column":null}},"60":{"start":{"line":172,"column":4},"end":{"line":179,"column":null}},"61":{"start":{"line":181,"column":4},"end":{"line":181,"column":null}},"62":{"start":{"line":182,"column":4},"end":{"line":186,"column":null}},"63":{"start":{"line":188,"column":2},"end":{"line":188,"column":null}},"64":{"start":{"line":190,"column":22},"end":{"line":190,"column":null}},"65":{"start":{"line":191,"column":2},"end":{"line":196,"column":null}},"66":{"start":{"line":200,"column":21},"end":{"line":200,"column":null}},"67":{"start":{"line":201,"column":2},"end":{"line":203,"column":null}},"68":{"start":{"line":202,"column":4},"end":{"line":202,"column":null}},"69":{"start":{"line":204,"column":2},"end":{"line":204,"column":null}},"70":{"start":{"line":208,"column":2},"end":{"line":210,"column":null}},"71":{"start":{"line":218,"column":2},"end":{"line":246,"column":null}},"72":{"start":{"line":219,"column":4},"end":{"line":219,"column":null}},"73":{"start":{"line":219,"column":53},"end":{"line":219,"column":null}},"74":{"start":{"line":220,"column":24},"end":{"line":220,"column":null}},"75":{"start":{"line":221,"column":20},"end":{"line":221,"column":null}},"76":{"start":{"line":222,"column":29},"end":{"line":222,"column":null}},"77":{"start":{"line":223,"column":21},"end":{"line":223,"column":null}},"78":{"start":{"line":224,"column":4},"end":{"line":224,"column":null}},"79":{"start":{"line":224,"column":38},"end":{"line":224,"column":null}},"80":{"start":{"line":225,"column":4},"end":{"line":227,"column":null}},"81":{"start":{"line":226,"column":6},"end":{"line":226,"column":null}},"82":{"start":{"line":228,"column":4},"end":{"line":230,"column":null}},"83":{"start":{"line":229,"column":6},"end":{"line":229,"column":null}},"84":{"start":{"line":231,"column":4},"end":{"line":233,"column":null}},"85":{"start":{"line":232,"column":6},"end":{"line":232,"column":null}},"86":{"start":{"line":234,"column":4},"end":{"line":239,"column":null}},"87":{"start":{"line":241,"column":4},"end":{"line":245,"column":null}},"88":{"start":{"line":250,"column":2},"end":{"line":250,"column":null}},"89":{"start":{"line":260,"column":18},"end":{"line":260,"column":null}},"90":{"start":{"line":261,"column":21},"end":{"line":261,"column":null}},"91":{"start":{"line":262,"column":2},"end":{"line":264,"column":null}},"92":{"start":{"line":263,"column":4},"end":{"line":263,"column":null}},"93":{"start":{"line":265,"column":2},"end":{"line":267,"column":null}},"94":{"start":{"line":266,"column":4},"end":{"line":266,"column":null}},"95":{"start":{"line":268,"column":2},"end":{"line":270,"column":null}},"96":{"start":{"line":269,"column":4},"end":{"line":269,"column":null}},"97":{"start":{"line":271,"column":2},"end":{"line":273,"column":null}},"98":{"start":{"line":272,"column":4},"end":{"line":272,"column":null}},"99":{"start":{"line":274,"column":2},"end":{"line":276,"column":null}},"100":{"start":{"line":275,"column":4},"end":{"line":275,"column":null}},"101":{"start":{"line":285,"column":2},"end":{"line":292,"column":null}},"102":{"start":{"line":291,"column":4},"end":{"line":291,"column":null}},"103":{"start":{"line":293,"column":2},"end":{"line":297,"column":null}}},"fnMap":{"0":{"name":"throwIfHashingAborted","decl":{"start":{"line":36,"column":9},"end":{"line":36,"column":31}},"loc":{"start":{"line":36,"column":70},"end":{"line":43,"column":null}},"line":36},"1":{"name":"defaultDigest","decl":{"start":{"line":45,"column":9},"end":{"line":45,"column":45}},"loc":{"start":{"line":45,"column":45},"end":{"line":53,"column":null}},"line":45},"2":{"name":"(anonymous_2)","decl":{"start":{"line":49,"column":4},"end":{"line":49,"column":12}},"loc":{"start":{"line":49,"column":32},"end":{"line":49,"column":null}},"line":49},"3":{"name":"inspectNativeAssetBlob","decl":{"start":{"line":62,"column":16},"end":{"line":62,"column":39}},"loc":{"start":{"line":62,"column":88},"end":{"line":87,"column":null}},"line":62},"4":{"name":"bytesToHex","decl":{"start":{"line":89,"column":9},"end":{"line":89,"column":20}},"loc":{"start":{"line":89,"column":68},"end":{"line":125,"column":null}},"line":89},"5":{"name":"(anonymous_5)","decl":{"start":{"line":115,"column":42},"end":{"line":115,"column":null}},"loc":{"start":{"line":116,"column":16},"end":{"line":116,"column":null}},"line":116},"6":{"name":"computeAssetContentIdentity","decl":{"start":{"line":128,"column":22},"end":{"line":128,"column":null}},"loc":{"start":{"line":131,"column":33},"end":{"line":197,"column":null}},"line":131},"7":{"name":"ownDataValue","decl":{"start":{"line":199,"column":9},"end":{"line":199,"column":22}},"loc":{"start":{"line":199,"column":79},"end":{"line":205,"column":null}},"line":199},"8":{"name":"isLowerHex","decl":{"start":{"line":207,"column":9},"end":{"line":207,"column":20}},"loc":{"start":{"line":207,"column":69},"end":{"line":211,"column":null}},"line":207},"9":{"name":"validateAssetContentIdentity","decl":{"start":{"line":214,"column":16},"end":{"line":214,"column":null}},"loc":{"start":{"line":217,"column":24},"end":{"line":247,"column":null}},"line":217},"10":{"name":"integrityMismatch","decl":{"start":{"line":249,"column":9},"end":{"line":249,"column":27}},"loc":{"start":{"line":249,"column":97},"end":{"line":251,"column":null}},"line":249},"11":{"name":"assertAssetRecordContentIdentity","decl":{"start":{"line":254,"column":16},"end":{"line":254,"column":null}},"loc":{"start":{"line":259,"column":8},"end":{"line":277,"column":null}},"line":259},"12":{"name":"assertNoAssetContentCollision","decl":{"start":{"line":280,"column":16},"end":{"line":280,"column":null}},"loc":{"start":{"line":284,"column":8},"end":{"line":298,"column":null}},"line":284}},"branchMap":{"0":{"loc":{"start":{"line":37,"column":2},"end":{"line":37,"column":null}},"type":"if","locations":[{"start":{"line":37,"column":2},"end":{"line":37,"column":null}},{"start":{},"end":{}}],"line":37},"1":{"loc":{"start":{"line":48,"column":4},"end":{"line":48,"column":null}},"type":"if","locations":[{"start":{"line":48,"column":4},"end":{"line":48,"column":null}},{"start":{},"end":{}}],"line":48},"2":{"loc":{"start":{"line":63,"column":2},"end":{"line":65,"column":null}},"type":"if","locations":[{"start":{"line":63,"column":2},"end":{"line":65,"column":null}},{"start":{},"end":{}}],"line":63},"3":{"loc":{"start":{"line":63,"column":6},"end":{"line":63,"column":82}},"type":"binary-expr","locations":[{"start":{"line":63,"column":6},"end":{"line":63,"column":24}},{"start":{"line":63,"column":24},"end":{"line":63,"column":53}},{"start":{"line":63,"column":53},"end":{"line":63,"column":82}}],"line":63},"4":{"loc":{"start":{"line":70,"column":4},"end":{"line":70,"column":null}},"type":"if","locations":[{"start":{"line":70,"column":4},"end":{"line":70,"column":null}},{"start":{},"end":{}}],"line":70},"5":{"loc":{"start":{"line":70,"column":8},"end":{"line":70,"column":73}},"type":"binary-expr","locations":[{"start":{"line":70,"column":8},"end":{"line":70,"column":23}},{"start":{"line":70,"column":23},"end":{"line":70,"column":38}},{"start":{"line":70,"column":38},"end":{"line":70,"column":73}}],"line":70},"6":{"loc":{"start":{"line":73,"column":4},"end":{"line":75,"column":null}},"type":"if","locations":[{"start":{"line":73,"column":4},"end":{"line":75,"column":null}},{"start":{},"end":{}}],"line":73},"7":{"loc":{"start":{"line":73,"column":8},"end":{"line":73,"column":101}},"type":"binary-expr","locations":[{"start":{"line":73,"column":8},"end":{"line":73,"column":44}},{"start":{"line":73,"column":44},"end":{"line":73,"column":71}},{"start":{"line":73,"column":71},"end":{"line":73,"column":101}}],"line":73},"8":{"loc":{"start":{"line":82,"column":4},"end":{"line":82,"column":null}},"type":"if","locations":[{"start":{"line":82,"column":4},"end":{"line":82,"column":null}},{"start":{},"end":{}}],"line":82},"9":{"loc":{"start":{"line":93,"column":4},"end":{"line":95,"column":null}},"type":"if","locations":[{"start":{"line":93,"column":4},"end":{"line":95,"column":null}},{"start":{},"end":{}}],"line":93},"10":{"loc":{"start":{"line":93,"column":8},"end":{"line":93,"column":65}},"type":"binary-expr","locations":[{"start":{"line":93,"column":8},"end":{"line":93,"column":18}},{"start":{"line":93,"column":18},"end":{"line":93,"column":37}},{"start":{"line":93,"column":37},"end":{"line":93,"column":65}}],"line":93},"11":{"loc":{"start":{"line":99,"column":2},"end":{"line":105,"column":null}},"type":"if","locations":[{"start":{"line":99,"column":2},"end":{"line":105,"column":null}},{"start":{},"end":{}}],"line":99},"12":{"loc":{"start":{"line":106,"column":2},"end":{"line":112,"column":null}},"type":"if","locations":[{"start":{"line":106,"column":2},"end":{"line":112,"column":null}},{"start":{},"end":{}}],"line":106},"13":{"loc":{"start":{"line":130,"column":2},"end":{"line":130,"column":null}},"type":"default-arg","locations":[{"start":{"line":130,"column":41},"end":{"line":130,"column":null}}],"line":130},"14":{"loc":{"start":{"line":133,"column":2},"end":{"line":139,"column":null}},"type":"if","locations":[{"start":{"line":133,"column":2},"end":{"line":139,"column":null}},{"start":{},"end":{}}],"line":133},"15":{"loc":{"start":{"line":141,"column":17},"end":{"line":141,"column":null}},"type":"cond-expr","locations":[{"start":{"line":141,"column":48},"end":{"line":141,"column":66}},{"start":{"line":141,"column":66},"end":{"line":141,"column":null}}],"line":141},"16":{"loc":{"start":{"line":142,"column":2},"end":{"line":148,"column":null}},"type":"if","locations":[{"start":{"line":142,"column":2},"end":{"line":148,"column":null}},{"start":{},"end":{}}],"line":142},"17":{"loc":{"start":{"line":153,"column":4},"end":{"line":153,"column":null}},"type":"if","locations":[{"start":{"line":153,"column":4},"end":{"line":153,"column":null}},{"start":{},"end":{}}],"line":153},"18":{"loc":{"start":{"line":201,"column":2},"end":{"line":203,"column":null}},"type":"if","locations":[{"start":{"line":201,"column":2},"end":{"line":203,"column":null}},{"start":{},"end":{}}],"line":201},"19":{"loc":{"start":{"line":201,"column":6},"end":{"line":201,"column":47}},"type":"binary-expr","locations":[{"start":{"line":201,"column":6},"end":{"line":201,"column":21}},{"start":{"line":201,"column":21},"end":{"line":201,"column":47}}],"line":201},"20":{"loc":{"start":{"line":208,"column":9},"end":{"line":210,"column":null}},"type":"binary-expr","locations":[{"start":{"line":208,"column":9},"end":{"line":208,"column":null}},{"start":{"line":209,"column":7},"end":{"line":209,"column":null}},{"start":{"line":210,"column":7},"end":{"line":210,"column":null}}],"line":208},"21":{"loc":{"start":{"line":216,"column":2},"end":{"line":216,"column":null}},"type":"default-arg","locations":[{"start":{"line":216,"column":34},"end":{"line":216,"column":null}}],"line":216},"22":{"loc":{"start":{"line":219,"column":4},"end":{"line":219,"column":null}},"type":"if","locations":[{"start":{"line":219,"column":4},"end":{"line":219,"column":null}},{"start":{},"end":{}}],"line":219},"23":{"loc":{"start":{"line":219,"column":8},"end":{"line":219,"column":53}},"type":"binary-expr","locations":[{"start":{"line":219,"column":8},"end":{"line":219,"column":26}},{"start":{"line":219,"column":26},"end":{"line":219,"column":53}}],"line":219},"24":{"loc":{"start":{"line":224,"column":4},"end":{"line":224,"column":null}},"type":"if","locations":[{"start":{"line":224,"column":4},"end":{"line":224,"column":null}},{"start":{},"end":{}}],"line":224},"25":{"loc":{"start":{"line":225,"column":4},"end":{"line":227,"column":null}},"type":"if","locations":[{"start":{"line":225,"column":4},"end":{"line":227,"column":null}},{"start":{},"end":{}}],"line":225},"26":{"loc":{"start":{"line":228,"column":4},"end":{"line":230,"column":null}},"type":"if","locations":[{"start":{"line":228,"column":4},"end":{"line":230,"column":null}},{"start":{},"end":{}}],"line":228},"27":{"loc":{"start":{"line":231,"column":4},"end":{"line":233,"column":null}},"type":"if","locations":[{"start":{"line":231,"column":4},"end":{"line":233,"column":null}},{"start":{},"end":{}}],"line":231},"28":{"loc":{"start":{"line":231,"column":8},"end":{"line":231,"column":69}},"type":"binary-expr","locations":[{"start":{"line":231,"column":8},"end":{"line":231,"column":44}},{"start":{"line":231,"column":44},"end":{"line":231,"column":69}}],"line":231},"29":{"loc":{"start":{"line":258,"column":2},"end":{"line":258,"column":null}},"type":"default-arg","locations":[{"start":{"line":258,"column":40},"end":{"line":258,"column":null}}],"line":258},"30":{"loc":{"start":{"line":262,"column":2},"end":{"line":264,"column":null}},"type":"if","locations":[{"start":{"line":262,"column":2},"end":{"line":264,"column":null}},{"start":{},"end":{}}],"line":262},"31":{"loc":{"start":{"line":265,"column":2},"end":{"line":267,"column":null}},"type":"if","locations":[{"start":{"line":265,"column":2},"end":{"line":267,"column":null}},{"start":{},"end":{}}],"line":265},"32":{"loc":{"start":{"line":268,"column":2},"end":{"line":270,"column":null}},"type":"if","locations":[{"start":{"line":268,"column":2},"end":{"line":270,"column":null}},{"start":{},"end":{}}],"line":268},"33":{"loc":{"start":{"line":271,"column":2},"end":{"line":273,"column":null}},"type":"if","locations":[{"start":{"line":271,"column":2},"end":{"line":273,"column":null}},{"start":{},"end":{}}],"line":271},"34":{"loc":{"start":{"line":271,"column":6},"end":{"line":271,"column":88}},"type":"binary-expr","locations":[{"start":{"line":271,"column":6},"end":{"line":271,"column":47}},{"start":{"line":271,"column":47},"end":{"line":271,"column":88}}],"line":271},"35":{"loc":{"start":{"line":274,"column":2},"end":{"line":276,"column":null}},"type":"if","locations":[{"start":{"line":274,"column":2},"end":{"line":276,"column":null}},{"start":{},"end":{}}],"line":274},"36":{"loc":{"start":{"line":285,"column":2},"end":{"line":292,"column":null}},"type":"if","locations":[{"start":{"line":285,"column":2},"end":{"line":292,"column":null}},{"start":{},"end":{}}],"line":285},"37":{"loc":{"start":{"line":286,"column":4},"end":{"line":289,"column":null}},"type":"binary-expr","locations":[{"start":{"line":286,"column":4},"end":{"line":286,"column":null}},{"start":{"line":287,"column":7},"end":{"line":287,"column":null}},{"start":{"line":288,"column":7},"end":{"line":288,"column":null}},{"start":{"line":289,"column":7},"end":{"line":289,"column":null}}],"line":286}},"s":{"0":1,"1":1,"2":1,"3":28,"4":26,"5":2,"6":5,"7":5,"8":5,"9":0,"10":5,"11":10,"12":0,"13":11,"14":0,"15":11,"16":11,"17":11,"18":11,"19":11,"20":0,"21":11,"22":11,"23":11,"24":0,"25":11,"26":11,"27":11,"28":0,"29":11,"30":0,"31":12,"32":12,"33":12,"34":11,"35":0,"36":12,"37":1,"38":11,"39":1,"40":10,"41":10,"42":480,"43":0,"44":10,"45":10,"46":0,"47":10,"48":10,"49":10,"50":1,"51":9,"52":9,"53":10,"54":0,"55":9,"56":0,"57":0,"58":9,"59":9,"60":9,"61":2,"62":2,"63":7,"64":7,"65":7,"66":1,"67":1,"68":1,"69":0,"70":0,"71":1,"72":1,"73":0,"74":1,"75":1,"76":1,"77":1,"78":1,"79":0,"80":0,"81":0,"82":0,"83":0,"84":0,"85":0,"86":0,"87":1,"88":1,"89":1,"90":1,"91":1,"92":0,"93":1,"94":1,"95":0,"96":0,"97":0,"98":0,"99":0,"100":0,"101":2,"102":1,"103":1},"f":{"0":28,"1":5,"2":10,"3":11,"4":12,"5":480,"6":10,"7":1,"8":0,"9":1,"10":1,"11":1,"12":2},"b":{"0":[26,2],"1":[0,5],"2":[0,11],"3":[11,11,11],"4":[0,11],"5":[11,11,11],"6":[0,11],"7":[11,11,11],"8":[0,11],"9":[11,1],"10":[12,12,12],"11":[1,11],"12":[1,10],"13":[10],"14":[0,10],"15":[5,5],"16":[1,9],"17":[0,10],"18":[1,0],"19":[1,1],"20":[0,0,0],"21":[1],"22":[0,1],"23":[1,1],"24":[0,1],"25":[0,0],"26":[0,0],"27":[0,0],"28":[0,0],"29":[1],"30":[0,1],"31":[1,0],"32":[0,0],"33":[0,0],"34":[0,0],"35":[0,0],"36":[1,1],"37":[2,2,2,1]},"meta":{"lastBranch":38,"lastFunction":13,"lastStatement":104,"seen":{"s:5:44:5:Infinity":0,"s:6:46:6:Infinity":1,"s:7:37:7:Infinity":2,"f:36:9:36:31":0,"b:37:2:37:Infinity:undefined:undefined:undefined:undefined":0,"s:37:2:37:Infinity":3,"s:37:24:37:Infinity":4,"s:38:2:42:Infinity":5,"f:45:9:45:45":1,"s:46:2:52:Infinity":6,"s:47:19:47:Infinity":7,"b:48:4:48:Infinity:undefined:undefined:undefined:undefined":1,"s:48:4:48:Infinity":8,"s:48:17:48:Infinity":9,"s:49:4:49:Infinity":10,"f:49:4:49:12":2,"s:49:32:49:Infinity":11,"s:51:4:51:Infinity":12,"f:62:16:62:39":3,"b:63:2:65:Infinity:undefined:undefined:undefined:undefined":2,"s:63:2:65:Infinity":13,"b:63:6:63:24:63:24:63:53:63:53:63:82":3,"s:64:4:64:Infinity":14,"s:66:2:86:Infinity":15,"s:67:23:67:Infinity":16,"s:68:23:68:Infinity":17,"s:69:24:69:Infinity":18,"b:70:4:70:Infinity:undefined:undefined:undefined:undefined":4,"s:70:4:70:Infinity":19,"b:70:8:70:23:70:23:70:38:70:38:70:73":5,"s:70:73:70:Infinity":20,"s:71:21:71:Infinity":21,"s:72:21:72:Infinity":22,"b:73:4:75:Infinity:undefined:undefined:undefined:undefined":6,"s:73:4:75:Infinity":23,"b:73:8:73:44:73:44:73:71:73:71:73:101":7,"s:74:6:74:Infinity":24,"s:76:23:80:Infinity":25,"s:81:27:81:Infinity":26,"b:82:4:82:Infinity:undefined:undefined:undefined:undefined":8,"s:82:4:82:Infinity":27,"s:82:37:82:Infinity":28,"s:83:4:83:Infinity":29,"s:85:4:85:Infinity":30,"f:89:9:89:20":4,"s:91:2:98:Infinity":31,"s:92:19:92:Infinity":32,"b:93:4:95:Infinity:undefined:undefined:undefined:undefined":9,"s:93:4:95:Infinity":33,"b:93:8:93:18:93:18:93:37:93:37:93:65":10,"s:94:6:94:Infinity":34,"s:97:4:97:Infinity":35,"b:99:2:105:Infinity:undefined:undefined:undefined:undefined":11,"s:99:2:105:Infinity":36,"s:100:4:104:Infinity":37,"b:106:2:112:Infinity:undefined:undefined:undefined:undefined":12,"s:106:2:112:Infinity":38,"s:107:4:111:Infinity":39,"s:113:2:124:Infinity":40,"s:114:4:117:Infinity":41,"f:115:42:115:Infinity":5,"s:116:16:116:Infinity":42,"s:119:4:123:Infinity":43,"f:128:22:128:Infinity":6,"b:130:41:130:Infinity":13,"s:132:21:132:Infinity":44,"b:133:2:139:Infinity:undefined:undefined:undefined:undefined":14,"s:133:2:139:Infinity":45,"s:134:4:138:Infinity":46,"s:140:2:140:Infinity":47,"s:141:17:141:Infinity":48,"b:141:48:141:66:141:66:141:Infinity":15,"b:142:2:148:Infinity:undefined:undefined:undefined:undefined":16,"s:142:2:148:Infinity":49,"s:143:4:147:Infinity":50,"s:151:2:166:Infinity":51,"s:152:30:152:Infinity":52,"b:153:4:153:Infinity:undefined:undefined:undefined:undefined":17,"s:153:4:153:Infinity":53,"s:153:49:153:Infinity":54,"s:154:4:158:Infinity":55,"s:160:4:160:Infinity":56,"s:161:4:165:Infinity":57,"s:167:2:167:Infinity":58,"s:171:2:187:Infinity":59,"s:172:4:179:Infinity":60,"s:181:4:181:Infinity":61,"s:182:4:186:Infinity":62,"s:188:2:188:Infinity":63,"s:190:22:190:Infinity":64,"s:191:2:196:Infinity":65,"f:199:9:199:22":7,"s:200:21:200:Infinity":66,"b:201:2:203:Infinity:undefined:undefined:undefined:undefined":18,"s:201:2:203:Infinity":67,"b:201:6:201:21:201:21:201:47":19,"s:202:4:202:Infinity":68,"s:204:2:204:Infinity":69,"f:207:9:207:20":8,"s:208:2:210:Infinity":70,"b:208:9:208:Infinity:209:7:209:Infinity:210:7:210:Infinity":20,"f:214:16:214:Infinity":9,"b:216:34:216:Infinity":21,"s:218:2:246:Infinity":71,"b:219:4:219:Infinity:undefined:undefined:undefined:undefined":22,"s:219:4:219:Infinity":72,"b:219:8:219:26:219:26:219:53":23,"s:219:53:219:Infinity":73,"s:220:24:220:Infinity":74,"s:221:20:221:Infinity":75,"s:222:29:222:Infinity":76,"s:223:21:223:Infinity":77,"b:224:4:224:Infinity:undefined:undefined:undefined:undefined":24,"s:224:4:224:Infinity":78,"s:224:38:224:Infinity":79,"b:225:4:227:Infinity:undefined:undefined:undefined:undefined":25,"s:225:4:227:Infinity":80,"s:226:6:226:Infinity":81,"b:228:4:230:Infinity:undefined:undefined:undefined:undefined":26,"s:228:4:230:Infinity":82,"s:229:6:229:Infinity":83,"b:231:4:233:Infinity:undefined:undefined:undefined:undefined":27,"s:231:4:233:Infinity":84,"b:231:8:231:44:231:44:231:69":28,"s:232:6:232:Infinity":85,"s:234:4:239:Infinity":86,"s:241:4:245:Infinity":87,"f:249:9:249:27":10,"s:250:2:250:Infinity":88,"f:254:16:254:Infinity":11,"b:258:40:258:Infinity":29,"s:260:18:260:Infinity":89,"s:261:21:261:Infinity":90,"b:262:2:264:Infinity:undefined:undefined:undefined:undefined":30,"s:262:2:264:Infinity":91,"s:263:4:263:Infinity":92,"b:265:2:267:Infinity:undefined:undefined:undefined:undefined":31,"s:265:2:267:Infinity":93,"s:266:4:266:Infinity":94,"b:268:2:270:Infinity:undefined:undefined:undefined:undefined":32,"s:268:2:270:Infinity":95,"s:269:4:269:Infinity":96,"b:271:2:273:Infinity:undefined:undefined:undefined:undefined":33,"s:271:2:273:Infinity":97,"b:271:6:271:47:271:47:271:88":34,"s:272:4:272:Infinity":98,"b:274:2:276:Infinity:undefined:undefined:undefined:undefined":35,"s:274:2:276:Infinity":99,"s:275:4:275:Infinity":100,"f:280:16:280:Infinity":12,"b:285:2:292:Infinity:undefined:undefined:undefined:undefined":36,"s:285:2:292:Infinity":101,"b:286:4:286:Infinity:287:7:287:Infinity:288:7:288:Infinity:289:7:289:Infinity":37,"s:291:4:291:Infinity":102,"s:293:2:297:Infinity":103}}}
}
