{"D:\\DEV\\sprite-boy\\core\\persistence\\projectCodec.ts": {"path":"D:\\DEV\\sprite-boy\\core\\persistence\\projectCodec.ts","statementMap":{"0":{"start":{"line":10,"column":45},"end":{"line":10,"column":null}},"1":{"start":{"line":11,"column":56},"end":{"line":11,"column":null}},"2":{"start":{"line":49,"column":4},"end":{"line":49,"column":null}},"3":{"start":{"line":50,"column":4},"end":{"line":50,"column":null}},"4":{"start":{"line":51,"column":4},"end":{"line":51,"column":null}},"5":{"start":{"line":52,"column":4},"end":{"line":52,"column":null}},"6":{"start":{"line":53,"column":4},"end":{"line":53,"column":null}},"7":{"start":{"line":54,"column":4},"end":{"line":56,"column":null}},"8":{"start":{"line":55,"column":54},"end":{"line":55,"column":86}},"9":{"start":{"line":57,"column":4},"end":{"line":57,"column":null}},"10":{"start":{"line":61,"column":4},"end":{"line":67,"column":null}},"11":{"start":{"line":66,"column":71},"end":{"line":66,"column":89}},"12":{"start":{"line":72,"column":2},"end":{"line":76,"column":null}},"13":{"start":{"line":73,"column":4},"end":{"line":73,"column":null}},"14":{"start":{"line":75,"column":4},"end":{"line":75,"column":null}},"15":{"start":{"line":84,"column":2},"end":{"line":92,"column":null}},"16":{"start":{"line":85,"column":4},"end":{"line":85,"column":null}},"17":{"start":{"line":85,"column":77},"end":{"line":85,"column":null}},"18":{"start":{"line":86,"column":23},"end":{"line":86,"column":null}},"19":{"start":{"line":87,"column":4},"end":{"line":89,"column":null}},"20":{"start":{"line":91,"column":4},"end":{"line":91,"column":null}},"21":{"start":{"line":96,"column":2},"end":{"line":96,"column":null}},"22":{"start":{"line":96,"column":81},"end":{"line":96,"column":null}},"23":{"start":{"line":97,"column":2},"end":{"line":102,"column":null}},"24":{"start":{"line":98,"column":4},"end":{"line":100,"column":null}},"25":{"start":{"line":99,"column":6},"end":{"line":99,"column":null}},"26":{"start":{"line":101,"column":4},"end":{"line":101,"column":null}},"27":{"start":{"line":103,"column":2},"end":{"line":103,"column":null}},"28":{"start":{"line":103,"column":33},"end":{"line":103,"column":null}},"29":{"start":{"line":104,"column":2},"end":{"line":104,"column":null}},"30":{"start":{"line":104,"column":28},"end":{"line":104,"column":null}},"31":{"start":{"line":106,"column":2},"end":{"line":128,"column":null}},"32":{"start":{"line":107,"column":4},"end":{"line":107,"column":null}},"33":{"start":{"line":108,"column":4},"end":{"line":127,"column":null}},"34":{"start":{"line":109,"column":31},"end":{"line":109,"column":null}},"35":{"start":{"line":110,"column":21},"end":{"line":112,"column":null}},"36":{"start":{"line":113,"column":6},"end":{"line":115,"column":null}},"37":{"start":{"line":114,"column":8},"end":{"line":114,"column":null}},"38":{"start":{"line":116,"column":38},"end":{"line":116,"column":null}},"39":{"start":{"line":117,"column":6},"end":{"line":123,"column":null}},"40":{"start":{"line":117,"column":23},"end":{"line":117,"column":26}},"41":{"start":{"line":118,"column":27},"end":{"line":118,"column":null}},"42":{"start":{"line":119,"column":8},"end":{"line":121,"column":null}},"43":{"start":{"line":120,"column":10},"end":{"line":120,"column":null}},"44":{"start":{"line":122,"column":8},"end":{"line":122,"column":null}},"45":{"start":{"line":124,"column":6},"end":{"line":124,"column":null}},"46":{"start":{"line":126,"column":6},"end":{"line":126,"column":null}},"47":{"start":{"line":130,"column":20},"end":{"line":130,"column":null}},"48":{"start":{"line":131,"column":2},"end":{"line":133,"column":null}},"49":{"start":{"line":132,"column":4},"end":{"line":132,"column":null}},"50":{"start":{"line":134,"column":2},"end":{"line":134,"column":null}},"51":{"start":{"line":135,"column":2},"end":{"line":158,"column":null}},"52":{"start":{"line":136,"column":17},"end":{"line":136,"column":null}},"53":{"start":{"line":137,"column":4},"end":{"line":139,"column":null}},"54":{"start":{"line":137,"column":27},"end":{"line":137,"column":50}},"55":{"start":{"line":138,"column":6},"end":{"line":138,"column":null}},"56":{"start":{"line":140,"column":50},"end":{"line":140,"column":null}},"57":{"start":{"line":141,"column":4},"end":{"line":154,"column":null}},"58":{"start":{"line":142,"column":6},"end":{"line":142,"column":null}},"59":{"start":{"line":144,"column":25},"end":{"line":144,"column":null}},"60":{"start":{"line":145,"column":6},"end":{"line":147,"column":null}},"61":{"start":{"line":146,"column":8},"end":{"line":146,"column":null}},"62":{"start":{"line":148,"column":6},"end":{"line":153,"column":null}},"63":{"start":{"line":155,"column":4},"end":{"line":155,"column":null}},"64":{"start":{"line":157,"column":4},"end":{"line":157,"column":null}},"65":{"start":{"line":166,"column":22},"end":{"line":171,"column":null}},"66":{"start":{"line":170,"column":6},"end":{"line":170,"column":null}},"67":{"start":{"line":172,"column":2},"end":{"line":182,"column":null}},"68":{"start":{"line":186,"column":21},"end":{"line":186,"column":null}},"69":{"start":{"line":187,"column":2},"end":{"line":189,"column":null}},"70":{"start":{"line":188,"column":4},"end":{"line":188,"column":null}},"71":{"start":{"line":190,"column":2},"end":{"line":190,"column":null}},"72":{"start":{"line":195,"column":62},"end":{"line":197,"column":null}},"73":{"start":{"line":196,"column":45},"end":{"line":196,"column":72}},"74":{"start":{"line":201,"column":31},"end":{"line":201,"column":null}},"75":{"start":{"line":204,"column":20},"end":{"line":204,"column":null}},"76":{"start":{"line":205,"column":30},"end":{"line":205,"column":null}},"77":{"start":{"line":206,"column":4},"end":{"line":208,"column":null}},"78":{"start":{"line":207,"column":6},"end":{"line":207,"column":null}},"79":{"start":{"line":210,"column":4},"end":{"line":218,"column":null}},"80":{"start":{"line":211,"column":6},"end":{"line":211,"column":null}},"81":{"start":{"line":213,"column":6},"end":{"line":217,"column":null}},"82":{"start":{"line":219,"column":31},"end":{"line":219,"column":null}},"83":{"start":{"line":220,"column":4},"end":{"line":222,"column":null}},"84":{"start":{"line":221,"column":6},"end":{"line":221,"column":null}},"85":{"start":{"line":223,"column":4},"end":{"line":231,"column":null}},"86":{"start":{"line":224,"column":6},"end":{"line":224,"column":null}},"87":{"start":{"line":226,"column":6},"end":{"line":230,"column":null}},"88":{"start":{"line":235,"column":4},"end":{"line":241,"column":null}},"89":{"start":{"line":236,"column":6},"end":{"line":240,"column":null}},"90":{"start":{"line":243,"column":4},"end":{"line":251,"column":null}},"91":{"start":{"line":244,"column":6},"end":{"line":244,"column":null}},"92":{"start":{"line":246,"column":6},"end":{"line":250,"column":null}},"93":{"start":{"line":252,"column":20},"end":{"line":252,"column":null}},"94":{"start":{"line":253,"column":4},"end":{"line":256,"column":null}},"95":{"start":{"line":254,"column":25},"end":{"line":254,"column":null}},"96":{"start":{"line":255,"column":6},"end":{"line":255,"column":null}},"97":{"start":{"line":257,"column":20},"end":{"line":257,"column":null}},"98":{"start":{"line":258,"column":4},"end":{"line":264,"column":null}},"99":{"start":{"line":259,"column":6},"end":{"line":263,"column":null}},"100":{"start":{"line":265,"column":20},"end":{"line":265,"column":null}},"101":{"start":{"line":267,"column":4},"end":{"line":275,"column":null}},"102":{"start":{"line":268,"column":6},"end":{"line":268,"column":null}},"103":{"start":{"line":270,"column":6},"end":{"line":274,"column":null}},"104":{"start":{"line":276,"column":4},"end":{"line":276,"column":null}},"105":{"start":{"line":280,"column":28},"end":{"line":280,"column":null}}},"fnMap":{"0":{"name":"(anonymous_0)","decl":{"start":{"line":44,"column":2},"end":{"line":44,"column":null}},"loc":{"start":{"line":48,"column":4},"end":{"line":58,"column":null}},"line":48},"1":{"name":"(anonymous_1)","decl":{"start":{"line":55,"column":34},"end":{"line":55,"column":39}},"loc":{"start":{"line":55,"column":54},"end":{"line":55,"column":86}},"line":55},"2":{"name":"(anonymous_2)","decl":{"start":{"line":60,"column":2},"end":{"line":60,"column":41}},"loc":{"start":{"line":60,"column":41},"end":{"line":68,"column":null}},"line":60},"3":{"name":"(anonymous_3)","decl":{"start":{"line":66,"column":50},"end":{"line":66,"column":55}},"loc":{"start":{"line":66,"column":71},"end":{"line":66,"column":89}},"line":66},"4":{"name":"isProjectCodecError","decl":{"start":{"line":71,"column":16},"end":{"line":71,"column":36}},"loc":{"start":{"line":71,"column":80},"end":{"line":77,"column":null}},"line":71},"5":{"name":"readSchemaVersion","decl":{"start":{"line":83,"column":9},"end":{"line":83,"column":27}},"loc":{"start":{"line":83,"column":63},"end":{"line":93,"column":null}},"line":83},"6":{"name":"canonicalSnapshot","decl":{"start":{"line":95,"column":9},"end":{"line":95,"column":27}},"loc":{"start":{"line":95,"column":93},"end":{"line":159,"column":null}},"line":95},"7":{"name":"(anonymous_7)","decl":{"start":{"line":137,"column":13},"end":{"line":137,"column":19}},"loc":{"start":{"line":137,"column":27},"end":{"line":137,"column":50}},"line":137},"8":{"name":"(anonymous_8)","decl":{"start":{"line":141,"column":41},"end":{"line":141,"column":47}},"loc":{"start":{"line":142,"column":6},"end":{"line":142,"column":null}},"line":142},"9":{"name":"invalidDocument","decl":{"start":{"line":161,"column":9},"end":{"line":161,"column":null}},"loc":{"start":{"line":165,"column":21},"end":{"line":183,"column":null}},"line":165},"10":{"name":"(anonymous_10)","decl":{"start":{"line":169,"column":30},"end":{"line":169,"column":36}},"loc":{"start":{"line":170,"column":6},"end":{"line":170,"column":null}},"line":170},"11":{"name":"validateV1","decl":{"start":{"line":185,"column":9},"end":{"line":185,"column":20}},"loc":{"start":{"line":185,"column":87},"end":{"line":191,"column":null}},"line":185},"12":{"name":"(anonymous_12)","decl":{"start":{"line":196,"column":3},"end":{"line":196,"column":35}},"loc":{"start":{"line":196,"column":45},"end":{"line":196,"column":72}},"line":196},"13":{"name":"(anonymous_13)","decl":{"start":{"line":203,"column":2},"end":{"line":203,"column":9}},"loc":{"start":{"line":203,"column":43},"end":{"line":232,"column":null}},"line":203},"14":{"name":"(anonymous_14)","decl":{"start":{"line":234,"column":2},"end":{"line":234,"column":9}},"loc":{"start":{"line":234,"column":46},"end":{"line":277,"column":null}},"line":234}},"branchMap":{"0":{"loc":{"start":{"line":55,"column":7},"end":{"line":55,"column":32}},"type":"binary-expr","locations":[{"start":{"line":55,"column":7},"end":{"line":55,"column":30}},{"start":{"line":55,"column":30},"end":{"line":55,"column":32}}],"line":55},"1":{"loc":{"start":{"line":65,"column":10},"end":{"line":65,"column":null}},"type":"cond-expr","locations":[{"start":{"line":65,"column":45},"end":{"line":65,"column":85}},{"start":{"line":65,"column":85},"end":{"line":65,"column":null}}],"line":65},"2":{"loc":{"start":{"line":85,"column":4},"end":{"line":85,"column":null}},"type":"if","locations":[{"start":{"line":85,"column":4},"end":{"line":85,"column":null}},{"start":{},"end":{}}],"line":85},"3":{"loc":{"start":{"line":85,"column":8},"end":{"line":85,"column":77}},"type":"binary-expr","locations":[{"start":{"line":85,"column":8},"end":{"line":85,"column":26}},{"start":{"line":85,"column":26},"end":{"line":85,"column":55}},{"start":{"line":85,"column":55},"end":{"line":85,"column":77}}],"line":85},"4":{"loc":{"start":{"line":87,"column":11},"end":{"line":89,"column":null}},"type":"cond-expr","locations":[{"start":{"line":88,"column":8},"end":{"line":88,"column":null}},{"start":{"line":89,"column":8},"end":{"line":89,"column":null}}],"line":87},"5":{"loc":{"start":{"line":87,"column":11},"end":{"line":87,"column":null}},"type":"binary-expr","locations":[{"start":{"line":87,"column":11},"end":{"line":87,"column":25}},{"start":{"line":87,"column":25},"end":{"line":87,"column":50}},{"start":{"line":87,"column":50},"end":{"line":87,"column":null}}],"line":87},"6":{"loc":{"start":{"line":95,"column":43},"end":{"line":95,"column":93}},"type":"default-arg","locations":[{"start":{"line":95,"column":55},"end":{"line":95,"column":93}}],"line":95},"7":{"loc":{"start":{"line":96,"column":2},"end":{"line":96,"column":null}},"type":"if","locations":[{"start":{"line":96,"column":2},"end":{"line":96,"column":null}},{"start":{},"end":{}}],"line":96},"8":{"loc":{"start":{"line":96,"column":6},"end":{"line":96,"column":81}},"type":"binary-expr","locations":[{"start":{"line":96,"column":6},"end":{"line":96,"column":24}},{"start":{"line":96,"column":24},"end":{"line":96,"column":53}},{"start":{"line":96,"column":53},"end":{"line":96,"column":81}}],"line":96},"9":{"loc":{"start":{"line":97,"column":2},"end":{"line":102,"column":null}},"type":"if","locations":[{"start":{"line":97,"column":2},"end":{"line":102,"column":null}},{"start":{},"end":{}}],"line":97},"10":{"loc":{"start":{"line":98,"column":4},"end":{"line":100,"column":null}},"type":"if","locations":[{"start":{"line":98,"column":4},"end":{"line":100,"column":null}},{"start":{},"end":{}}],"line":98},"11":{"loc":{"start":{"line":98,"column":8},"end":{"line":98,"column":57}},"type":"binary-expr","locations":[{"start":{"line":98,"column":8},"end":{"line":98,"column":35}},{"start":{"line":98,"column":35},"end":{"line":98,"column":57}}],"line":98},"12":{"loc":{"start":{"line":103,"column":2},"end":{"line":103,"column":null}},"type":"if","locations":[{"start":{"line":103,"column":2},"end":{"line":103,"column":null}},{"start":{},"end":{}}],"line":103},"13":{"loc":{"start":{"line":104,"column":2},"end":{"line":104,"column":null}},"type":"if","locations":[{"start":{"line":104,"column":2},"end":{"line":104,"column":null}},{"start":{},"end":{}}],"line":104},"14":{"loc":{"start":{"line":106,"column":2},"end":{"line":128,"column":null}},"type":"if","locations":[{"start":{"line":106,"column":2},"end":{"line":128,"column":null}},{"start":{},"end":{}}],"line":106},"15":{"loc":{"start":{"line":110,"column":21},"end":{"line":112,"column":null}},"type":"cond-expr","locations":[{"start":{"line":111,"column":10},"end":{"line":111,"column":null}},{"start":{"line":112,"column":10},"end":{"line":112,"column":null}}],"line":110},"16":{"loc":{"start":{"line":110,"column":21},"end":{"line":110,"column":null}},"type":"binary-expr","locations":[{"start":{"line":110,"column":21},"end":{"line":110,"column":41}},{"start":{"line":110,"column":41},"end":{"line":110,"column":null}}],"line":110},"17":{"loc":{"start":{"line":113,"column":6},"end":{"line":115,"column":null}},"type":"if","locations":[{"start":{"line":113,"column":6},"end":{"line":115,"column":null}},{"start":{},"end":{}}],"line":113},"18":{"loc":{"start":{"line":113,"column":10},"end":{"line":113,"column":67}},"type":"binary-expr","locations":[{"start":{"line":113,"column":10},"end":{"line":113,"column":44}},{"start":{"line":113,"column":44},"end":{"line":113,"column":67}}],"line":113},"19":{"loc":{"start":{"line":119,"column":8},"end":{"line":121,"column":null}},"type":"if","locations":[{"start":{"line":119,"column":8},"end":{"line":121,"column":null}},{"start":{},"end":{}}],"line":119},"20":{"loc":{"start":{"line":119,"column":12},"end":{"line":119,"column":65}},"type":"binary-expr","locations":[{"start":{"line":119,"column":12},"end":{"line":119,"column":39}},{"start":{"line":119,"column":39},"end":{"line":119,"column":65}}],"line":119},"21":{"loc":{"start":{"line":131,"column":2},"end":{"line":133,"column":null}},"type":"if","locations":[{"start":{"line":131,"column":2},"end":{"line":133,"column":null}},{"start":{},"end":{}}],"line":131},"22":{"loc":{"start":{"line":131,"column":6},"end":{"line":131,"column":60}},"type":"binary-expr","locations":[{"start":{"line":131,"column":6},"end":{"line":131,"column":40}},{"start":{"line":131,"column":40},"end":{"line":131,"column":60}}],"line":131},"23":{"loc":{"start":{"line":137,"column":4},"end":{"line":139,"column":null}},"type":"if","locations":[{"start":{"line":137,"column":4},"end":{"line":139,"column":null}},{"start":{},"end":{}}],"line":137},"24":{"loc":{"start":{"line":142,"column":6},"end":{"line":142,"column":null}},"type":"cond-expr","locations":[{"start":{"line":142,"column":21},"end":{"line":142,"column":26}},{"start":{"line":142,"column":26},"end":{"line":142,"column":null}}],"line":142},"25":{"loc":{"start":{"line":142,"column":26},"end":{"line":142,"column":null}},"type":"cond-expr","locations":[{"start":{"line":142,"column":41},"end":{"line":142,"column":45}},{"start":{"line":142,"column":45},"end":{"line":142,"column":null}}],"line":142},"26":{"loc":{"start":{"line":145,"column":6},"end":{"line":147,"column":null}},"type":"if","locations":[{"start":{"line":145,"column":6},"end":{"line":147,"column":null}},{"start":{},"end":{}}],"line":145},"27":{"loc":{"start":{"line":145,"column":10},"end":{"line":145,"column":63}},"type":"binary-expr","locations":[{"start":{"line":145,"column":10},"end":{"line":145,"column":37}},{"start":{"line":145,"column":37},"end":{"line":145,"column":63}}],"line":145},"28":{"loc":{"start":{"line":166,"column":22},"end":{"line":171,"column":null}},"type":"binary-expr","locations":[{"start":{"line":166,"column":22},"end":{"line":166,"column":null}},{"start":{"line":167,"column":8},"end":{"line":167,"column":null}},{"start":{"line":168,"column":7},"end":{"line":168,"column":null}},{"start":{"line":169,"column":7},"end":{"line":171,"column":null}}],"line":166},"29":{"loc":{"start":{"line":173,"column":4},"end":{"line":173,"column":null}},"type":"cond-expr","locations":[{"start":{"line":173,"column":18},"end":{"line":173,"column":56}},{"start":{"line":173,"column":56},"end":{"line":173,"column":null}}],"line":173},"30":{"loc":{"start":{"line":174,"column":4},"end":{"line":176,"column":null}},"type":"cond-expr","locations":[{"start":{"line":175,"column":8},"end":{"line":175,"column":null}},{"start":{"line":176,"column":8},"end":{"line":176,"column":null}}],"line":174},"31":{"loc":{"start":{"line":175,"column":41},"end":{"line":175,"column":68}},"type":"binary-expr","locations":[{"start":{"line":175,"column":41},"end":{"line":175,"column":58}},{"start":{"line":175,"column":58},"end":{"line":175,"column":68}}],"line":175},"32":{"loc":{"start":{"line":179,"column":10},"end":{"line":179,"column":null}},"type":"cond-expr","locations":[{"start":{"line":179,"column":40},"end":{"line":179,"column":60}},{"start":{"line":179,"column":60},"end":{"line":179,"column":null}}],"line":179},"33":{"loc":{"start":{"line":187,"column":2},"end":{"line":189,"column":null}},"type":"if","locations":[{"start":{"line":187,"column":2},"end":{"line":189,"column":null}},{"start":{},"end":{}}],"line":187},"34":{"loc":{"start":{"line":187,"column":6},"end":{"line":187,"column":48}},"type":"binary-expr","locations":[{"start":{"line":187,"column":6},"end":{"line":187,"column":27}},{"start":{"line":187,"column":27},"end":{"line":187,"column":48}}],"line":187},"35":{"loc":{"start":{"line":206,"column":4},"end":{"line":208,"column":null}},"type":"if","locations":[{"start":{"line":206,"column":4},"end":{"line":208,"column":null}},{"start":{},"end":{}}],"line":206},"36":{"loc":{"start":{"line":206,"column":8},"end":{"line":206,"column":64}},"type":"binary-expr","locations":[{"start":{"line":206,"column":8},"end":{"line":206,"column":36}},{"start":{"line":206,"column":36},"end":{"line":206,"column":64}}],"line":206},"37":{"loc":{"start":{"line":220,"column":4},"end":{"line":222,"column":null}},"type":"if","locations":[{"start":{"line":220,"column":4},"end":{"line":222,"column":null}},{"start":{},"end":{}}],"line":220},"38":{"loc":{"start":{"line":220,"column":8},"end":{"line":220,"column":66}},"type":"binary-expr","locations":[{"start":{"line":220,"column":8},"end":{"line":220,"column":37}},{"start":{"line":220,"column":37},"end":{"line":220,"column":66}}],"line":220},"39":{"loc":{"start":{"line":235,"column":4},"end":{"line":241,"column":null}},"type":"if","locations":[{"start":{"line":235,"column":4},"end":{"line":241,"column":null}},{"start":{},"end":{}}],"line":235},"40":{"loc":{"start":{"line":253,"column":4},"end":{"line":256,"column":null}},"type":"if","locations":[{"start":{"line":253,"column":4},"end":{"line":256,"column":null}},{"start":{},"end":{}}],"line":253},"41":{"loc":{"start":{"line":253,"column":8},"end":{"line":253,"column":67}},"type":"binary-expr","locations":[{"start":{"line":253,"column":8},"end":{"line":253,"column":43}},{"start":{"line":253,"column":43},"end":{"line":253,"column":67}}],"line":253},"42":{"loc":{"start":{"line":258,"column":4},"end":{"line":264,"column":null}},"type":"if","locations":[{"start":{"line":258,"column":4},"end":{"line":264,"column":null}},{"start":{},"end":{}}],"line":258}},"s":{"0":1,"1":1,"2":13,"3":13,"4":13,"5":13,"6":13,"7":13,"8":29,"9":13,"10":4,"11":2,"12":13,"13":13,"14":0,"15":21,"16":21,"17":2,"18":18,"19":18,"20":1,"21":1711,"22":904,"23":807,"24":370,"25":0,"26":370,"27":437,"28":437,"29":437,"30":437,"31":437,"32":76,"33":76,"34":76,"35":76,"36":76,"37":0,"38":76,"39":76,"40":76,"41":82,"42":82,"43":0,"44":82,"45":76,"46":76,"47":361,"48":361,"49":0,"50":361,"51":361,"52":361,"53":361,"54":1620,"55":0,"56":361,"57":361,"58":2297,"59":1620,"60":1620,"61":0,"62":1620,"63":361,"64":361,"65":10,"66":0,"67":10,"68":7,"69":7,"70":1,"71":6,"72":1,"73":4,"74":2,"75":10,"76":10,"77":10,"78":4,"79":6,"80":6,"81":0,"82":6,"83":6,"84":0,"85":6,"86":6,"87":0,"88":12,"89":1,"90":11,"91":11,"92":1,"93":10,"94":10,"95":5,"96":5,"97":5,"98":5,"99":1,"100":4,"101":4,"102":4,"103":0,"104":3,"105":1},"f":{"0":13,"1":29,"2":4,"3":2,"4":13,"5":21,"6":1711,"7":1620,"8":2297,"9":10,"10":0,"11":7,"12":4,"13":10,"14":12},"b":{"0":[13,3],"1":[0,4],"2":[2,19],"3":[21,20,20],"4":[17,1],"5":[18,18,18],"6":[1711],"7":[904,807],"8":[1711,1706,882],"9":[370,437],"10":[0,370],"11":[370,370],"12":[0,437],"13":[0,437],"14":[76,361],"15":[76,0],"16":[76,76],"17":[0,76],"18":[76,76],"19":[0,82],"20":[82,82],"21":[0,361],"22":[361,0],"23":[0,361],"24":[942,1355],"25":[1355,0],"26":[0,1620],"27":[1620,1620],"28":[10,5,4,0],"29":[0,10],"30":[0,10],"31":[0,0],"32":[6,4],"33":[1,6],"34":[7,6],"35":[4,6],"36":[10,6],"37":[0,6],"38":[6,6],"39":[1,11],"40":[5,5],"41":[10,6],"42":[1,4]},"meta":{"lastBranch":43,"lastFunction":15,"lastStatement":106,"seen":{"s:10:45:10:Infinity":0,"s:11:56:11:Infinity":1,"f:44:2:44:Infinity":0,"s:49:4:49:Infinity":2,"s:50:4:50:Infinity":3,"s:51:4:51:Infinity":4,"s:52:4:52:Infinity":5,"s:53:4:53:Infinity":6,"s:54:4:56:Infinity":7,"b:55:7:55:30:55:30:55:32":0,"f:55:34:55:39":1,"s:55:54:55:86":8,"s:57:4:57:Infinity":9,"f:60:2:60:41":2,"s:61:4:67:Infinity":10,"b:65:45:65:85:65:85:65:Infinity":1,"f:66:50:66:55":3,"s:66:71:66:89":11,"f:71:16:71:36":4,"s:72:2:76:Infinity":12,"s:73:4:73:Infinity":13,"s:75:4:75:Infinity":14,"f:83:9:83:27":5,"s:84:2:92:Infinity":15,"b:85:4:85:Infinity:undefined:undefined:undefined:undefined":2,"s:85:4:85:Infinity":16,"b:85:8:85:26:85:26:85:55:85:55:85:77":3,"s:85:77:85:Infinity":17,"s:86:23:86:Infinity":18,"s:87:4:89:Infinity":19,"b:88:8:88:Infinity:89:8:89:Infinity":4,"b:87:11:87:25:87:25:87:50:87:50:87:Infinity":5,"s:91:4:91:Infinity":20,"f:95:9:95:27":6,"b:95:55:95:93":6,"b:96:2:96:Infinity:undefined:undefined:undefined:undefined":7,"s:96:2:96:Infinity":21,"b:96:6:96:24:96:24:96:53:96:53:96:81":8,"s:96:81:96:Infinity":22,"b:97:2:102:Infinity:undefined:undefined:undefined:undefined":9,"s:97:2:102:Infinity":23,"b:98:4:100:Infinity:undefined:undefined:undefined:undefined":10,"s:98:4:100:Infinity":24,"b:98:8:98:35:98:35:98:57":11,"s:99:6:99:Infinity":25,"s:101:4:101:Infinity":26,"b:103:2:103:Infinity:undefined:undefined:undefined:undefined":12,"s:103:2:103:Infinity":27,"s:103:33:103:Infinity":28,"b:104:2:104:Infinity:undefined:undefined:undefined:undefined":13,"s:104:2:104:Infinity":29,"s:104:28:104:Infinity":30,"b:106:2:128:Infinity:undefined:undefined:undefined:undefined":14,"s:106:2:128:Infinity":31,"s:107:4:107:Infinity":32,"s:108:4:127:Infinity":33,"s:109:31:109:Infinity":34,"s:110:21:112:Infinity":35,"b:111:10:111:Infinity:112:10:112:Infinity":15,"b:110:21:110:41:110:41:110:Infinity":16,"b:113:6:115:Infinity:undefined:undefined:undefined:undefined":17,"s:113:6:115:Infinity":36,"b:113:10:113:44:113:44:113:67":18,"s:114:8:114:Infinity":37,"s:116:38:116:Infinity":38,"s:117:6:123:Infinity":39,"s:117:23:117:26":40,"s:118:27:118:Infinity":41,"b:119:8:121:Infinity:undefined:undefined:undefined:undefined":19,"s:119:8:121:Infinity":42,"b:119:12:119:39:119:39:119:65":20,"s:120:10:120:Infinity":43,"s:122:8:122:Infinity":44,"s:124:6:124:Infinity":45,"s:126:6:126:Infinity":46,"s:130:20:130:Infinity":47,"b:131:2:133:Infinity:undefined:undefined:undefined:undefined":21,"s:131:2:133:Infinity":48,"b:131:6:131:40:131:40:131:60":22,"s:132:4:132:Infinity":49,"s:134:2:134:Infinity":50,"s:135:2:158:Infinity":51,"s:136:17:136:Infinity":52,"b:137:4:139:Infinity:undefined:undefined:undefined:undefined":23,"s:137:4:139:Infinity":53,"f:137:13:137:19":7,"s:137:27:137:50":54,"s:138:6:138:Infinity":55,"s:140:50:140:Infinity":56,"s:141:4:154:Infinity":57,"f:141:41:141:47":8,"s:142:6:142:Infinity":58,"b:142:21:142:26:142:26:142:Infinity":24,"b:142:41:142:45:142:45:142:Infinity":25,"s:144:25:144:Infinity":59,"b:145:6:147:Infinity:undefined:undefined:undefined:undefined":26,"s:145:6:147:Infinity":60,"b:145:10:145:37:145:37:145:63":27,"s:146:8:146:Infinity":61,"s:148:6:153:Infinity":62,"s:155:4:155:Infinity":63,"s:157:4:157:Infinity":64,"f:161:9:161:Infinity":9,"s:166:22:171:Infinity":65,"b:166:22:166:Infinity:167:8:167:Infinity:168:7:168:Infinity:169:7:171:Infinity":28,"f:169:30:169:36":10,"s:170:6:170:Infinity":66,"s:172:2:182:Infinity":67,"b:173:18:173:56:173:56:173:Infinity":29,"b:175:8:175:Infinity:176:8:176:Infinity":30,"b:175:41:175:58:175:58:175:68":31,"b:179:40:179:60:179:60:179:Infinity":32,"f:185:9:185:20":11,"s:186:21:186:Infinity":68,"b:187:2:189:Infinity:undefined:undefined:undefined:undefined":33,"s:187:2:189:Infinity":69,"b:187:6:187:27:187:27:187:48":34,"s:188:4:188:Infinity":70,"s:190:2:190:Infinity":71,"s:195:62:197:Infinity":72,"f:196:3:196:35":12,"s:196:45:196:72":73,"s:201:31:201:Infinity":74,"f:203:2:203:9":13,"s:204:20:204:Infinity":75,"s:205:30:205:Infinity":76,"b:206:4:208:Infinity:undefined:undefined:undefined:undefined":35,"s:206:4:208:Infinity":77,"b:206:8:206:36:206:36:206:64":36,"s:207:6:207:Infinity":78,"s:210:4:218:Infinity":79,"s:211:6:211:Infinity":80,"s:213:6:217:Infinity":81,"s:219:31:219:Infinity":82,"b:220:4:222:Infinity:undefined:undefined:undefined:undefined":37,"s:220:4:222:Infinity":83,"b:220:8:220:37:220:37:220:66":38,"s:221:6:221:Infinity":84,"s:223:4:231:Infinity":85,"s:224:6:224:Infinity":86,"s:226:6:230:Infinity":87,"f:234:2:234:9":14,"b:235:4:241:Infinity:undefined:undefined:undefined:undefined":39,"s:235:4:241:Infinity":88,"s:236:6:240:Infinity":89,"s:243:4:251:Infinity":90,"s:244:6:244:Infinity":91,"s:246:6:250:Infinity":92,"s:252:20:252:Infinity":93,"b:253:4:256:Infinity:undefined:undefined:undefined:undefined":40,"s:253:4:256:Infinity":94,"b:253:8:253:43:253:43:253:67":41,"s:254:25:254:Infinity":95,"s:255:6:255:Infinity":96,"s:257:20:257:Infinity":97,"b:258:4:264:Infinity:undefined:undefined:undefined:undefined":42,"s:258:4:264:Infinity":98,"s:259:6:263:Infinity":99,"s:265:20:265:Infinity":100,"s:267:4:275:Infinity":101,"s:268:6:268:Infinity":102,"s:270:6:274:Infinity":103,"s:276:4:276:Infinity":104,"s:280:28:280:Infinity":105}}}
}
